2018-04-02 13:50:55,927 INFO  DownloadService - Downloading "https://github.com/amphiaraus/MaterialRadioGroup/archive/master.zip", attempt 3
2018-04-02 13:51:56,386 INFO  GithubDownloadService - Could not find ZIP archive for master branch
2018-04-02 13:51:57,117 INFO  GithubDownloadService - Default branch of this repository: master
2018-04-02 13:51:57,117 INFO  DownloadService - Downloading "https://github.com/amphiaraus/MaterialRadioGroup/archive/master.zip", attempt 3
2018-04-02 13:52:59,956 DEBUG FullProcessService - Repository https://github.com/amphiaraus/MaterialRadioGroup available: true
2018-04-02 13:52:59,956 INFO  FullProcessService - Could not download ZIP file from Github, lets clone it
2018-04-02 13:52:59,956 INFO  SysUtils - Execute command: [git, clone, -q, --single-branch, --depth, 1, https://github.com/amphiaraus/MaterialRadioGroup, /tmp/rdisk/2278/src]
2018-04-02 13:53:03,889 INFO  SysUtils - 
2018-04-02 13:53:03,894 INFO  GitService - Deleted "/tmp/rdisk/2278/src/.git": true
2018-04-02 13:53:03,897 INFO  FullProcessService - Size of directory with sources: 1 MB
2018-04-02 13:53:03,897 INFO  SysUtils - Execute command: [git, init, /tmp/rdisk/2278/src]
2018-04-02 13:53:03,907 INFO  SysUtils - Initialized empty Git repository in /tmp/rdisk/2278/src/.git/

2018-04-02 13:53:03,910 INFO  ProjectBuildService - Gradle wrapper(s): /tmp/rdisk/2278/src/gradlew
2018-04-02 13:53:03,913 INFO  ProjectBuildService - Build script(s): /tmp/rdisk/2278/src/library/build.gradle /tmp/rdisk/2278/src/sample/build.gradle /tmp/rdisk/2278/src/build.gradle
2018-04-02 13:53:03,915 INFO  ProjectBuildService - All script(s): /tmp/rdisk/2278/src/settings.gradle /tmp/rdisk/2278/src/sample/build.gradle /tmp/rdisk/2278/src/library/build.gradle /tmp/rdisk/2278/src/gradle-mvn-push.gradle /tmp/rdisk/2278/src/build.gradle
2018-04-02 13:53:03,916 INFO  ProjectBuildService - Remote scripts: none
2018-04-02 13:53:03,916 INFO  ProjectFixService - Fixing project...
2018-04-02 13:53:03,927 INFO  LocalPropertiesFixService - Created fake /tmp/rdisk/2278/src/library/local.properties
2018-04-02 13:53:03,927 INFO  ProjectFixService - Build info for "/tmp/rdisk/2278/src/library/build.gradle": [buildToolsVersion=22.0.1,compileSdkVersion=21,minSdkVersion=14,targetSdkVersion=21]
2018-04-02 13:53:03,928 INFO  LocalPropertiesFixService - Created fake /tmp/rdisk/2278/src/sample/local.properties
2018-04-02 13:53:03,928 INFO  ProjectFixService - Build info for "/tmp/rdisk/2278/src/sample/build.gradle": [buildToolsVersion=22.0.1,compileSdkVersion=21,minSdkVersion=14,targetSdkVersion=21]
2018-04-02 13:53:03,928 INFO  LocalPropertiesFixService - Created fake /tmp/rdisk/2278/src/local.properties
2018-04-02 13:53:03,929 INFO  WrapperPropertiesFixService - Gradle wrapper: https://services.gradle.org/distributions/gradle-2.2.1-all.zip
2018-04-02 13:53:03,929 INFO  WrapperPropertiesFixService - Gradle wrapper was changed from "-all.zip" to "-bin.zip" (https://services.gradle.org/distributions/gradle-2.2.1-bin.zip)
2018-04-02 13:53:03,930 INFO  ProjectFixService - Build info for "/tmp/rdisk/2278/src/build.gradle": [buildToolsVersion=22.0.1,compileSdkVersion=21,minSdkVersion=14,targetSdkVersion=21]
2018-04-02 13:53:03,930 INFO  ProjectFixService - Project was maybe fixed
2018-04-02 13:53:03,930 INFO  ProjectTaskService - Detecting possible tasks...
2018-04-02 13:53:03,930 INFO  SysUtils - Execute command: [/tmp/rdisk/2278/src/gradlew, -b, /tmp/rdisk/2278/src/library/build.gradle, -Dorg.gradle.daemon=false, -Dorg.gradle.daemon.performance.enable-monitoring=false, -Dorg.gradle.configureondemand=true, tasks]
2018-04-02 13:53:17,280 ERROR ProjectTaskService - Could not detect possible Gradle tasks: Process exited with an error: 1 (Exit value: 1)
2018-04-02 13:53:17,280 INFO  ProjectTaskService - Detected possible tasks: 0
2018-04-02 13:53:17,280 INFO  ProjectTaskService - Excluded tasks (0): none
2018-04-02 13:53:17,280 INFO  SysUtils - Execute command: [/tmp/rdisk/2278/src/gradlew, -b, /tmp/rdisk/2278/src/library/build.gradle, -Dorg.gradle.daemon=false, -Dorg.gradle.daemon.performance.enable-monitoring=false, -Dorg.gradle.configureondemand=true, --stacktrace, build]
2018-04-02 13:53:26,204 ERROR SysUtils - Could not process external command
org.apache.commons.exec.ExecuteException: Process exited with an error: 1 (Exit value: 1)
	at org.apache.commons.exec.DefaultExecutor.executeInternal(DefaultExecutor.java:404)
	at org.apache.commons.exec.DefaultExecutor.execute(DefaultExecutor.java:166)
	at com.github.vbauer.apkmaster.util.SysUtils.execute(SysUtils.java:67)
	at com.github.vbauer.apkmaster.util.SysUtils.executeSimple(SysUtils.java:43)
	at com.github.vbauer.apkmaster.service.assembly.ProjectBuildService.buildProject(ProjectBuildService.java:78)
	at com.github.vbauer.apkmaster.service.assembly.ProjectBuildService.buildProject(ProjectBuildService.java:64)
	at com.github.vbauer.apkmaster.service.assembly.ProjectBuildService.buildProject(ProjectBuildService.java:43)
	at com.github.vbauer.apkmaster.service.FullProcessService.build(FullProcessService.java:84)
	at com.github.vbauer.apkmaster.service.FullProcessService.process(FullProcessService.java:34)
	at com.github.vbauer.apkmaster.app.MainApplication.process(MainApplication.java:38)
	at com.github.vbauer.apkmaster.app.MainApplication.main(MainApplication.java:20)
	at sun.reflect.GeneratedMethodAccessor8.invoke(Unknown Source)
	at sun.reflect.DelegatingMethodAccessorImpl.invoke(DelegatingMethodAccessorImpl.java:43)
	at java.lang.reflect.Method.invoke(Method.java:498)
	at com.android.arsenal.util.ReflectionUtils.invoke(ReflectionUtils.java:42)
	at com.android.arsenal.util.ApkMasterUtils.main(ApkMasterUtils.java:30)
	at com.android.arsenal.service.processor.impl.BuildProcessorServiceImpl.buildProject(BuildProcessorServiceImpl.java:197)
	at com.android.arsenal.service.processor.impl.BuildProcessorServiceImpl.build(BuildProcessorServiceImpl.java:131)
	at com.android.arsenal.service.processor.impl.BuildProcessorServiceImpl.lambda$null$1(BuildProcessorServiceImpl.java:114)
	at java.util.concurrent.FutureTask.run(FutureTask.java:266)
	at java.util.concurrent.Executors$RunnableAdapter.call(Executors.java:511)
	at java.util.concurrent.FutureTask.run(FutureTask.java:266)
	at java.util.concurrent.ThreadPoolExecutor.runWorker(ThreadPoolExecutor.java:1149)
	at java.util.concurrent.ThreadPoolExecutor$Worker.run(ThreadPoolExecutor.java:624)
	at java.lang.Thread.run(Thread.java:748)
2018-04-02 13:53:26,204 INFO  SysUtils - Configuration on demand is an incubating feature.
Configuration(s) specified but the install task does not exist in project :library.
:library:compileLint
:library:copyDebugLint UP-TO-DATE
:library:preBuild UP-TO-DATE
:library:preDebugBuild UP-TO-DATE
:library:checkDebugManifest
:library:preDebugAndroidTestBuild UP-TO-DATE
:library:preDebugUnitTestBuild UP-TO-DATE
:library:preReleaseBuild UP-TO-DATE
:library:preReleaseUnitTestBuild UP-TO-DATE
:library:prepareComAndroidSupportAppcompatV72220Library
:library:prepareComAndroidSupportSupportV42220Library
:library:prepareComToakerCommonTlog100Library
:library:prepareDebugDependencies
:library:compileDebugAidl
:library:compileDebugRenderscript
:library:generateDebugBuildConfig
:library:generateDebugAssets UP-TO-DATE
:library:mergeDebugAssets
:library:generateDebugResValues
:library:generateDebugResources
:library:mergeDebugResources
:library:processDebugManifest
:library:processDebugResources
:library:generateDebugSources
:library:processDebugJavaRes UP-TO-DATE
:library:compileDebugJava/tmp/rdisk/2278/src/library/src/main/java/net/soulwolf/widget/materialradio/MaterialRadioGroup.java:232: error: cannot find symbol
    protected void onRestoreInstanceState(Parcelable state) {
                                          ^
  symbol:   class Parcelable
  location: class MaterialRadioGroup
/tmp/rdisk/2278/src/library/src/main/java/net/soulwolf/widget/materialradio/MaterialRadioGroup.java:240: error: cannot find symbol
    protected Parcelable onSaveInstanceState() {
              ^
  symbol:   class Parcelable
  location: class MaterialRadioGroup
/tmp/rdisk/2278/src/library/src/main/java/net/soulwolf/widget/materialradio/MaterialRadioGroup.java:262: error: cannot find symbol
        private SavedState(Parcel source) {
                           ^
  symbol:   class Parcel
  location: class SavedState
/tmp/rdisk/2278/src/library/src/main/java/net/soulwolf/widget/materialradio/MaterialRadioGroup.java:267: error: cannot find symbol
        SavedState(Parcelable superState) {
                   ^
  symbol:   class Parcelable
  location: class SavedState
/tmp/rdisk/2278/src/library/src/main/java/net/soulwolf/widget/materialradio/MaterialRadioGroup.java:272: error: cannot find symbol
        public void writeToParcel(Parcel dest, int flags) {
                                  ^
  symbol:   class Parcel
  location: class SavedState
/tmp/rdisk/2278/src/library/src/main/java/net/soulwolf/widget/materialradio/MaterialRadioGroup.java:241: error: cannot find symbol
        Parcelable superState = super.onSaveInstanceState();
        ^
  symbol:   class Parcelable
  location: class MaterialRadioGroup
/tmp/rdisk/2278/src/library/src/main/java/net/soulwolf/widget/materialradio/MaterialRadioGroup.java:251: error: cannot find symbol
            public SavedState createFromParcel(Parcel source) {
                                               ^
  symbol: class Parcel
7 errors
 FAILED

FAILURE: Build failed with an exception.

* What went wrong:
Execution failed for task ':library:compileDebugJava'.
> Compilation failed; see the compiler error output for details.

* Try:
Run with --info or --debug option to get more log output.

* Exception is:
org.gradle.api.tasks.TaskExecutionException: Execution failed for task ':library:compileDebugJava'.
	at org.gradle.api.internal.tasks.execution.ExecuteActionsTaskExecuter.executeActions(ExecuteActionsTaskExecuter.java:69)
	at org.gradle.api.internal.tasks.execution.ExecuteActionsTaskExecuter.execute(ExecuteActionsTaskExecuter.java:46)
	at org.gradle.api.internal.tasks.execution.PostExecutionAnalysisTaskExecuter.execute(PostExecutionAnalysisTaskExecuter.java:35)
	at org.gradle.api.internal.tasks.execution.SkipUpToDateTaskExecuter.execute(SkipUpToDateTaskExecuter.java:64)
	at org.gradle.api.internal.tasks.execution.ValidatingTaskExecuter.execute(ValidatingTaskExecuter.java:58)
	at org.gradle.api.internal.tasks.execution.SkipEmptySourceFilesTaskExecuter.execute(SkipEmptySourceFilesTaskExecuter.java:42)
	at org.gradle.api.internal.tasks.execution.SkipTaskWithNoActionsExecuter.execute(SkipTaskWithNoActionsExecuter.java:52)
	at org.gradle.api.internal.tasks.execution.SkipOnlyIfTaskExecuter.execute(SkipOnlyIfTaskExecuter.java:53)
	at org.gradle.api.internal.tasks.execution.ExecuteAtMostOnceTaskExecuter.execute(ExecuteAtMostOnceTaskExecuter.java:43)
	at org.gradle.api.internal.AbstractTask.executeWithoutThrowingTaskFailure(AbstractTask.java:305)
	at org.gradle.execution.taskgraph.AbstractTaskPlanExecutor$TaskExecutorWorker.executeTask(AbstractTaskPlanExecutor.java:79)
	at org.gradle.execution.taskgraph.AbstractTaskPlanExecutor$TaskExecutorWorker.processTask(AbstractTaskPlanExecutor.java:63)
	at org.gradle.execution.taskgraph.AbstractTaskPlanExecutor$TaskExecutorWorker.run(AbstractTaskPlanExecutor.java:51)
	at org.gradle.execution.taskgraph.DefaultTaskPlanExecutor.process(DefaultTaskPlanExecutor.java:23)
	at org.gradle.execution.taskgraph.DefaultTaskGraphExecuter.execute(DefaultTaskGraphExecuter.java:88)
	at org.gradle.execution.SelectedTaskExecutionAction.execute(SelectedTaskExecutionAction.java:29)
	at org.gradle.execution.DefaultBuildExecuter.execute(DefaultBuildExecuter.java:62)
	at org.gradle.execution.DefaultBuildExecuter.access$200(DefaultBuildExecuter.java:23)
	at org.gradle.execution.DefaultBuildExecuter$2.proceed(DefaultBuildExecuter.java:68)
	at org.gradle.execution.DryRunBuildExecutionAction.execute(DryRunBuildExecutionAction.java:32)
	at org.gradle.execution.DefaultBuildExecuter.execute(DefaultBuildExecuter.java:62)
	at org.gradle.execution.DefaultBuildExecuter.execute(DefaultBuildExecuter.java:55)
	at org.gradle.initialization.DefaultGradleLauncher.doBuildStages(DefaultGradleLauncher.java:149)
	at org.gradle.initialization.DefaultGradleLauncher.doBuild(DefaultGradleLauncher.java:106)
	at org.gradle.initialization.DefaultGradleLauncher.run(DefaultGradleLauncher.java:86)
	at org.gradle.launcher.exec.InProcessBuildActionExecuter$DefaultBuildController.run(InProcessBuildActionExecuter.java:80)
	at org.gradle.launcher.cli.ExecuteBuildAction.run(ExecuteBuildAction.java:33)
	at org.gradle.launcher.cli.ExecuteBuildAction.run(ExecuteBuildAction.java:24)
	at org.gradle.launcher.exec.InProcessBuildActionExecuter.execute(InProcessBuildActionExecuter.java:36)
	at org.gradle.launcher.exec.InProcessBuildActionExecuter.execute(InProcessBuildActionExecuter.java:26)
	at org.gradle.launcher.cli.RunBuildAction.run(RunBuildAction.java:51)
	at org.gradle.internal.Actions$RunnableActionAdapter.execute(Actions.java:171)
	at org.gradle.launcher.cli.CommandLineActionFactory$ParseAndBuildAction.execute(CommandLineActionFactory.java:237)
	at org.gradle.launcher.cli.CommandLineActionFactory$ParseAndBuildAction.execute(CommandLineActionFactory.java:210)
	at org.gradle.launcher.cli.JavaRuntimeValidationAction.execute(JavaRuntimeValidationAction.java:35)
	at org.gradle.launcher.cli.JavaRuntimeValidationAction.execute(JavaRuntimeValidationAction.java:24)
	at org.gradle.launcher.cli.CommandLineActionFactory$WithLogging.execute(CommandLineActionFactory.java:206)
	at org.gradle.launcher.cli.CommandLineActionFactory$WithLogging.execute(CommandLineActionFactory.java:169)
	at org.gradle.launcher.cli.ExceptionReportingAction.execute(ExceptionReportingAction.java:33)
	at org.gradle.launcher.cli.ExceptionReportingAction.execute(ExceptionReportingAction.java:22)
	at org.gradle.launcher.Main.doAction(Main.java:33)
	at org.gradle.launcher.bootstrap.EntryPoint.run(EntryPoint.java:45)
	at org.gradle.launcher.bootstrap.ProcessBootstrap.runNoExit(ProcessBootstrap.java:54)
	at org.gradle.launcher.bootstrap.ProcessBootstrap.run(ProcessBootstrap.java:35)
	at org.gradle.launcher.GradleMain.main(GradleMain.java:23)
	at org.gradle.wrapper.BootstrapMainStarter.start(BootstrapMainStarter.java:33)
	at org.gradle.wrapper.WrapperExecutor.execute(WrapperExecutor.java:130)
	at org.gradle.wrapper.GradleWrapperMain.main(GradleWrapperMain.java:48)
Caused by: org.gradle.api.internal.tasks.compile.CompilationFailedException: Compilation failed; see the compiler error output for details.
	at org.gradle.api.internal.tasks.compile.JdkJavaCompiler.execute(JdkJavaCompiler.java:44)
	at org.gradle.api.internal.tasks.compile.JdkJavaCompiler.execute(JdkJavaCompiler.java:35)
	at org.gradle.api.internal.tasks.compile.NormalizingJavaCompiler.delegateAndHandleErrors(NormalizingJavaCompiler.java:97)
	at org.gradle.api.internal.tasks.compile.NormalizingJavaCompiler.execute(NormalizingJavaCompiler.java:50)
	at org.gradle.api.internal.tasks.compile.NormalizingJavaCompiler.execute(NormalizingJavaCompiler.java:36)
	at org.gradle.api.internal.tasks.compile.CleaningJavaCompilerSupport.execute(CleaningJavaCompilerSupport.java:34)
	at org.gradle.api.internal.tasks.compile.CleaningJavaCompilerSupport.execute(CleaningJavaCompilerSupport.java:25)
	at org.gradle.api.tasks.compile.JavaCompile.performCompilation(JavaCompile.java:158)
	at org.gradle.api.tasks.compile.JavaCompile.compile(JavaCompile.java:138)
	at org.gradle.api.tasks.compile.JavaCompile.compile(JavaCompile.java:92)
	at org.gradle.internal.reflect.JavaMethod.invoke(JavaMethod.java:63)
	at org.gradle.api.internal.project.taskfactory.AnnotationProcessingTaskFactory$IncrementalTaskAction.doExecute(AnnotationProcessingTaskFactory.java:235)
	at org.gradle.api.internal.project.taskfactory.AnnotationProcessingTaskFactory$StandardTaskAction.execute(AnnotationProcessingTaskFactory.java:211)
	at org.gradle.api.internal.project.taskfactory.AnnotationProcessingTaskFactory$IncrementalTaskAction.execute(AnnotationProcessingTaskFactory.java:222)
	at org.gradle.api.internal.project.taskfactory.AnnotationProcessingTaskFactory$StandardTaskAction.execute(AnnotationProcessingTaskFactory.java:200)
	at org.gradle.api.internal.tasks.execution.ExecuteActionsTaskExecuter.executeAction(ExecuteActionsTaskExecuter.java:80)
	at org.gradle.api.internal.tasks.execution.ExecuteActionsTaskExecuter.executeActions(ExecuteActionsTaskExecuter.java:61)
	... 47 more


BUILD FAILED

Total time: 8.5 secs

2018-04-02 13:53:26,226 INFO  ProjectTaskService - Detecting possible tasks...
2018-04-02 13:53:26,226 INFO  SysUtils - Execute command: [/tmp/rdisk/2278/src/gradlew, -b, /tmp/rdisk/2278/src/sample/build.gradle, -Dorg.gradle.daemon=false, -Dorg.gradle.daemon.performance.enable-monitoring=false, -Dorg.gradle.configureondemand=true, tasks]
2018-04-02 13:53:33,093 INFO  ProjectTaskService - Detected possible tasks: 65
2018-04-02 13:53:33,094 INFO  ProjectTaskService - Excluded tasks (19): lintDebug mockableAndroidJar deviceCheck lint uninstallRelease deviceAndroidTest uninstallDebugAndroidTest installDebugAndroidTest connectedCheck uninstallAll testRelease test check connectedAndroidTest installDebug lintRelease testDebug connectedAndroidTestDebug uninstallDebug
2018-04-02 13:53:33,094 INFO  SysUtils - Execute command: [/tmp/rdisk/2278/src/gradlew, -b, /tmp/rdisk/2278/src/sample/build.gradle, -Dorg.gradle.daemon=false, -Dorg.gradle.daemon.performance.enable-monitoring=false, -Dorg.gradle.configureondemand=true, --stacktrace, -x, lintDebug, -x, mockableAndroidJar, -x, deviceCheck, -x, lint, -x, uninstallRelease, -x, deviceAndroidTest, -x, uninstallDebugAndroidTest, -x, installDebugAndroidTest, -x, connectedCheck, -x, uninstallAll, -x, testRelease, -x, test, -x, check, -x, connectedAndroidTest, -x, installDebug, -x, lintRelease, -x, testDebug, -x, connectedAndroidTestDebug, -x, uninstallDebug, build]
2018-04-02 13:53:41,731 ERROR SysUtils - Could not process external command
org.apache.commons.exec.ExecuteException: Process exited with an error: 1 (Exit value: 1)
	at org.apache.commons.exec.DefaultExecutor.executeInternal(DefaultExecutor.java:404)
	at org.apache.commons.exec.DefaultExecutor.execute(DefaultExecutor.java:166)
	at com.github.vbauer.apkmaster.util.SysUtils.execute(SysUtils.java:67)
	at com.github.vbauer.apkmaster.util.SysUtils.executeSimple(SysUtils.java:43)
	at com.github.vbauer.apkmaster.service.assembly.ProjectBuildService.buildProject(ProjectBuildService.java:78)
	at com.github.vbauer.apkmaster.service.assembly.ProjectBuildService.buildProject(ProjectBuildService.java:64)
	at com.github.vbauer.apkmaster.service.assembly.ProjectBuildService.buildProject(ProjectBuildService.java:43)
	at com.github.vbauer.apkmaster.service.FullProcessService.build(FullProcessService.java:84)
	at com.github.vbauer.apkmaster.service.FullProcessService.process(FullProcessService.java:34)
	at com.github.vbauer.apkmaster.app.MainApplication.process(MainApplication.java:38)
	at com.github.vbauer.apkmaster.app.MainApplication.main(MainApplication.java:20)
	at sun.reflect.GeneratedMethodAccessor8.invoke(Unknown Source)
	at sun.reflect.DelegatingMethodAccessorImpl.invoke(DelegatingMethodAccessorImpl.java:43)
	at java.lang.reflect.Method.invoke(Method.java:498)
	at com.android.arsenal.util.ReflectionUtils.invoke(ReflectionUtils.java:42)
	at com.android.arsenal.util.ApkMasterUtils.main(ApkMasterUtils.java:30)
	at com.android.arsenal.service.processor.impl.BuildProcessorServiceImpl.buildProject(BuildProcessorServiceImpl.java:197)
	at com.android.arsenal.service.processor.impl.BuildProcessorServiceImpl.build(BuildProcessorServiceImpl.java:131)
	at com.android.arsenal.service.processor.impl.BuildProcessorServiceImpl.lambda$null$1(BuildProcessorServiceImpl.java:114)
	at java.util.concurrent.FutureTask.run(FutureTask.java:266)
	at java.util.concurrent.Executors$RunnableAdapter.call(Executors.java:511)
	at java.util.concurrent.FutureTask.run(FutureTask.java:266)
	at java.util.concurrent.ThreadPoolExecutor.runWorker(ThreadPoolExecutor.java:1149)
	at java.util.concurrent.ThreadPoolExecutor$Worker.run(ThreadPoolExecutor.java:624)
	at java.lang.Thread.run(Thread.java:748)
2018-04-02 13:53:41,731 INFO  SysUtils - Configuration on demand is an incubating feature.
Configuration(s) specified but the install task does not exist in project :library.
:library:compileLint
:library:copyReleaseLint UP-TO-DATE
:library:preBuild UP-TO-DATE
:library:preReleaseBuild UP-TO-DATE
:library:checkReleaseManifest
:library:preDebugAndroidTestBuild UP-TO-DATE
:library:preDebugBuild UP-TO-DATE
:library:preDebugUnitTestBuild UP-TO-DATE
:library:preReleaseUnitTestBuild UP-TO-DATE
:library:prepareComAndroidSupportAppcompatV72220Library UP-TO-DATE
:library:prepareComAndroidSupportSupportV42220Library UP-TO-DATE
:library:prepareComToakerCommonTlog100Library UP-TO-DATE
:library:prepareReleaseDependencies
:library:compileReleaseAidl
:library:compileReleaseRenderscript
:library:generateReleaseBuildConfig
:library:generateReleaseAssets UP-TO-DATE
:library:mergeReleaseAssets
:library:generateReleaseResValues
:library:generateReleaseResources
:library:mergeReleaseResources
:library:processReleaseManifest
:library:processReleaseResources
:library:generateReleaseSources
:library:processReleaseJavaRes UP-TO-DATE
:library:compileReleaseJava/tmp/rdisk/2278/src/library/src/main/java/net/soulwolf/widget/materialradio/MaterialRadioGroup.java:232: error: cannot find symbol
    protected void onRestoreInstanceState(Parcelable state) {
                                          ^
  symbol:   class Parcelable
  location: class MaterialRadioGroup
/tmp/rdisk/2278/src/library/src/main/java/net/soulwolf/widget/materialradio/MaterialRadioGroup.java:240: error: cannot find symbol
    protected Parcelable onSaveInstanceState() {
              ^
  symbol:   class Parcelable
  location: class MaterialRadioGroup
/tmp/rdisk/2278/src/library/src/main/java/net/soulwolf/widget/materialradio/MaterialRadioGroup.java:262: error: cannot find symbol
        private SavedState(Parcel source) {
                           ^
  symbol:   class Parcel
  location: class SavedState
/tmp/rdisk/2278/src/library/src/main/java/net/soulwolf/widget/materialradio/MaterialRadioGroup.java:267: error: cannot find symbol
        SavedState(Parcelable superState) {
                   ^
  symbol:   class Parcelable
  location: class SavedState
/tmp/rdisk/2278/src/library/src/main/java/net/soulwolf/widget/materialradio/MaterialRadioGroup.java:272: error: cannot find symbol
        public void writeToParcel(Parcel dest, int flags) {
                                  ^
  symbol:   class Parcel
  location: class SavedState
/tmp/rdisk/2278/src/library/src/main/java/net/soulwolf/widget/materialradio/MaterialRadioGroup.java:241: error: cannot find symbol
        Parcelable superState = super.onSaveInstanceState();
        ^
  symbol:   class Parcelable
  location: class MaterialRadioGroup
/tmp/rdisk/2278/src/library/src/main/java/net/soulwolf/widget/materialradio/MaterialRadioGroup.java:251: error: cannot find symbol
            public SavedState createFromParcel(Parcel source) {
                                               ^
  symbol: class Parcel
7 errors
 FAILED

FAILURE: Build failed with an exception.

* What went wrong:
Execution failed for task ':library:compileReleaseJava'.
> Compilation failed; see the compiler error output for details.

* Try:
Run with --info or --debug option to get more log output.

* Exception is:
org.gradle.api.tasks.TaskExecutionException: Execution failed for task ':library:compileReleaseJava'.
	at org.gradle.api.internal.tasks.execution.ExecuteActionsTaskExecuter.executeActions(ExecuteActionsTaskExecuter.java:69)
	at org.gradle.api.internal.tasks.execution.ExecuteActionsTaskExecuter.execute(ExecuteActionsTaskExecuter.java:46)
	at org.gradle.api.internal.tasks.execution.PostExecutionAnalysisTaskExecuter.execute(PostExecutionAnalysisTaskExecuter.java:35)
	at org.gradle.api.internal.tasks.execution.SkipUpToDateTaskExecuter.execute(SkipUpToDateTaskExecuter.java:64)
	at org.gradle.api.internal.tasks.execution.ValidatingTaskExecuter.execute(ValidatingTaskExecuter.java:58)
	at org.gradle.api.internal.tasks.execution.SkipEmptySourceFilesTaskExecuter.execute(SkipEmptySourceFilesTaskExecuter.java:42)
	at org.gradle.api.internal.tasks.execution.SkipTaskWithNoActionsExecuter.execute(SkipTaskWithNoActionsExecuter.java:52)
	at org.gradle.api.internal.tasks.execution.SkipOnlyIfTaskExecuter.execute(SkipOnlyIfTaskExecuter.java:53)
	at org.gradle.api.internal.tasks.execution.ExecuteAtMostOnceTaskExecuter.execute(ExecuteAtMostOnceTaskExecuter.java:43)
	at org.gradle.api.internal.AbstractTask.executeWithoutThrowingTaskFailure(AbstractTask.java:305)
	at org.gradle.execution.taskgraph.AbstractTaskPlanExecutor$TaskExecutorWorker.executeTask(AbstractTaskPlanExecutor.java:79)
	at org.gradle.execution.taskgraph.AbstractTaskPlanExecutor$TaskExecutorWorker.processTask(AbstractTaskPlanExecutor.java:63)
	at org.gradle.execution.taskgraph.AbstractTaskPlanExecutor$TaskExecutorWorker.run(AbstractTaskPlanExecutor.java:51)
	at org.gradle.execution.taskgraph.DefaultTaskPlanExecutor.process(DefaultTaskPlanExecutor.java:23)
	at org.gradle.execution.taskgraph.DefaultTaskGraphExecuter.execute(DefaultTaskGraphExecuter.java:88)
	at org.gradle.execution.SelectedTaskExecutionAction.execute(SelectedTaskExecutionAction.java:29)
	at org.gradle.execution.DefaultBuildExecuter.execute(DefaultBuildExecuter.java:62)
	at org.gradle.execution.DefaultBuildExecuter.access$200(DefaultBuildExecuter.java:23)
	at org.gradle.execution.DefaultBuildExecuter$2.proceed(DefaultBuildExecuter.java:68)
	at org.gradle.execution.DryRunBuildExecutionAction.execute(DryRunBuildExecutionAction.java:32)
	at org.gradle.execution.DefaultBuildExecuter.execute(DefaultBuildExecuter.java:62)
	at org.gradle.execution.DefaultBuildExecuter.execute(DefaultBuildExecuter.java:55)
	at org.gradle.initialization.DefaultGradleLauncher.doBuildStages(DefaultGradleLauncher.java:149)
	at org.gradle.initialization.DefaultGradleLauncher.doBuild(DefaultGradleLauncher.java:106)
	at org.gradle.initialization.DefaultGradleLauncher.run(DefaultGradleLauncher.java:86)
	at org.gradle.launcher.exec.InProcessBuildActionExecuter$DefaultBuildController.run(InProcessBuildActionExecuter.java:80)
	at org.gradle.launcher.cli.ExecuteBuildAction.run(ExecuteBuildAction.java:33)
	at org.gradle.launcher.cli.ExecuteBuildAction.run(ExecuteBuildAction.java:24)
	at org.gradle.launcher.exec.InProcessBuildActionExecuter.execute(InProcessBuildActionExecuter.java:36)
	at org.gradle.launcher.exec.InProcessBuildActionExecuter.execute(InProcessBuildActionExecuter.java:26)
	at org.gradle.launcher.cli.RunBuildAction.run(RunBuildAction.java:51)
	at org.gradle.internal.Actions$RunnableActionAdapter.execute(Actions.java:171)
	at org.gradle.launcher.cli.CommandLineActionFactory$ParseAndBuildAction.execute(CommandLineActionFactory.java:237)
	at org.gradle.launcher.cli.CommandLineActionFactory$ParseAndBuildAction.execute(CommandLineActionFactory.java:210)
	at org.gradle.launcher.cli.JavaRuntimeValidationAction.execute(JavaRuntimeValidationAction.java:35)
	at org.gradle.launcher.cli.JavaRuntimeValidationAction.execute(JavaRuntimeValidationAction.java:24)
	at org.gradle.launcher.cli.CommandLineActionFactory$WithLogging.execute(CommandLineActionFactory.java:206)
	at org.gradle.launcher.cli.CommandLineActionFactory$WithLogging.execute(CommandLineActionFactory.java:169)
	at org.gradle.launcher.cli.ExceptionReportingAction.execute(ExceptionReportingAction.java:33)
	at org.gradle.launcher.cli.ExceptionReportingAction.execute(ExceptionReportingAction.java:22)
	at org.gradle.launcher.Main.doAction(Main.java:33)
	at org.gradle.launcher.bootstrap.EntryPoint.run(EntryPoint.java:45)
	at org.gradle.launcher.bootstrap.ProcessBootstrap.runNoExit(ProcessBootstrap.java:54)
	at org.gradle.launcher.bootstrap.ProcessBootstrap.run(ProcessBootstrap.java:35)
	at org.gradle.launcher.GradleMain.main(GradleMain.java:23)
	at org.gradle.wrapper.BootstrapMainStarter.start(BootstrapMainStarter.java:33)
	at org.gradle.wrapper.WrapperExecutor.execute(WrapperExecutor.java:130)
	at org.gradle.wrapper.GradleWrapperMain.main(GradleWrapperMain.java:48)
Caused by: org.gradle.api.internal.tasks.compile.CompilationFailedException: Compilation failed; see the compiler error output for details.
	at org.gradle.api.internal.tasks.compile.JdkJavaCompiler.execute(JdkJavaCompiler.java:44)
	at org.gradle.api.internal.tasks.compile.JdkJavaCompiler.execute(JdkJavaCompiler.java:35)
	at org.gradle.api.internal.tasks.compile.NormalizingJavaCompiler.delegateAndHandleErrors(NormalizingJavaCompiler.java:97)
	at org.gradle.api.internal.tasks.compile.NormalizingJavaCompiler.execute(NormalizingJavaCompiler.java:50)
	at org.gradle.api.internal.tasks.compile.NormalizingJavaCompiler.execute(NormalizingJavaCompiler.java:36)
	at org.gradle.api.internal.tasks.compile.CleaningJavaCompilerSupport.execute(CleaningJavaCompilerSupport.java:34)
	at org.gradle.api.internal.tasks.compile.CleaningJavaCompilerSupport.execute(CleaningJavaCompilerSupport.java:25)
	at org.gradle.api.tasks.compile.JavaCompile.performCompilation(JavaCompile.java:158)
	at org.gradle.api.tasks.compile.JavaCompile.compile(JavaCompile.java:138)
	at org.gradle.api.tasks.compile.JavaCompile.compile(JavaCompile.java:92)
	at org.gradle.internal.reflect.JavaMethod.invoke(JavaMethod.java:63)
	at org.gradle.api.internal.project.taskfactory.AnnotationProcessingTaskFactory$IncrementalTaskAction.doExecute(AnnotationProcessingTaskFactory.java:235)
	at org.gradle.api.internal.project.taskfactory.AnnotationProcessingTaskFactory$StandardTaskAction.execute(AnnotationProcessingTaskFactory.java:211)
	at org.gradle.api.internal.project.taskfactory.AnnotationProcessingTaskFactory$IncrementalTaskAction.execute(AnnotationProcessingTaskFactory.java:222)
	at org.gradle.api.internal.project.taskfactory.AnnotationProcessingTaskFactory$StandardTaskAction.execute(AnnotationProcessingTaskFactory.java:200)
	at org.gradle.api.internal.tasks.execution.ExecuteActionsTaskExecuter.executeAction(ExecuteActionsTaskExecuter.java:80)
	at org.gradle.api.internal.tasks.execution.ExecuteActionsTaskExecuter.executeActions(ExecuteActionsTaskExecuter.java:61)
	... 47 more


BUILD FAILED

Total time: 8.194 secs

2018-04-02 13:53:41,762 INFO  ProjectTaskService - Detecting possible tasks...
2018-04-02 13:53:41,763 INFO  SysUtils - Execute command: [/tmp/rdisk/2278/src/gradlew, -b, /tmp/rdisk/2278/src/build.gradle, -Dorg.gradle.daemon=false, -Dorg.gradle.daemon.performance.enable-monitoring=false, -Dorg.gradle.configureondemand=true, tasks]
2018-04-02 13:53:48,515 INFO  ProjectTaskService - Detected possible tasks: 75
2018-04-02 13:53:48,515 INFO  ProjectTaskService - Excluded tasks (19): lintDebug mockableAndroidJar deviceCheck lint uninstallRelease deviceAndroidTest uninstallDebugAndroidTest installDebugAndroidTest connectedCheck uninstallAll testRelease test check connectedAndroidTest installDebug lintRelease testDebug connectedAndroidTestDebug uninstallDebug
2018-04-02 13:53:48,515 INFO  SysUtils - Execute command: [/tmp/rdisk/2278/src/gradlew, -b, /tmp/rdisk/2278/src/build.gradle, -Dorg.gradle.daemon=false, -Dorg.gradle.daemon.performance.enable-monitoring=false, -Dorg.gradle.configureondemand=true, --stacktrace, -x, lintDebug, -x, mockableAndroidJar, -x, deviceCheck, -x, lint, -x, uninstallRelease, -x, deviceAndroidTest, -x, uninstallDebugAndroidTest, -x, installDebugAndroidTest, -x, connectedCheck, -x, uninstallAll, -x, testRelease, -x, test, -x, check, -x, connectedAndroidTest, -x, installDebug, -x, lintRelease, -x, testDebug, -x, connectedAndroidTestDebug, -x, uninstallDebug, build]
2018-04-02 13:53:56,320 ERROR SysUtils - Could not process external command
org.apache.commons.exec.ExecuteException: Process exited with an error: 1 (Exit value: 1)
	at org.apache.commons.exec.DefaultExecutor.executeInternal(DefaultExecutor.java:404)
	at org.apache.commons.exec.DefaultExecutor.execute(DefaultExecutor.java:166)
	at com.github.vbauer.apkmaster.util.SysUtils.execute(SysUtils.java:67)
	at com.github.vbauer.apkmaster.util.SysUtils.executeSimple(SysUtils.java:43)
	at com.github.vbauer.apkmaster.service.assembly.ProjectBuildService.buildProject(ProjectBuildService.java:78)
	at com.github.vbauer.apkmaster.service.assembly.ProjectBuildService.buildProject(ProjectBuildService.java:64)
	at com.github.vbauer.apkmaster.service.assembly.ProjectBuildService.buildProject(ProjectBuildService.java:43)
	at com.github.vbauer.apkmaster.service.FullProcessService.build(FullProcessService.java:84)
	at com.github.vbauer.apkmaster.service.FullProcessService.process(FullProcessService.java:34)
	at com.github.vbauer.apkmaster.app.MainApplication.process(MainApplication.java:38)
	at com.github.vbauer.apkmaster.app.MainApplication.main(MainApplication.java:20)
	at sun.reflect.GeneratedMethodAccessor8.invoke(Unknown Source)
	at sun.reflect.DelegatingMethodAccessorImpl.invoke(DelegatingMethodAccessorImpl.java:43)
	at java.lang.reflect.Method.invoke(Method.java:498)
	at com.android.arsenal.util.ReflectionUtils.invoke(ReflectionUtils.java:42)
	at com.android.arsenal.util.ApkMasterUtils.main(ApkMasterUtils.java:30)
	at com.android.arsenal.service.processor.impl.BuildProcessorServiceImpl.buildProject(BuildProcessorServiceImpl.java:197)
	at com.android.arsenal.service.processor.impl.BuildProcessorServiceImpl.build(BuildProcessorServiceImpl.java:131)
	at com.android.arsenal.service.processor.impl.BuildProcessorServiceImpl.lambda$null$1(BuildProcessorServiceImpl.java:114)
	at java.util.concurrent.FutureTask.run(FutureTask.java:266)
	at java.util.concurrent.Executors$RunnableAdapter.call(Executors.java:511)
	at java.util.concurrent.FutureTask.run(FutureTask.java:266)
	at java.util.concurrent.ThreadPoolExecutor.runWorker(ThreadPoolExecutor.java:1149)
	at java.util.concurrent.ThreadPoolExecutor$Worker.run(ThreadPoolExecutor.java:624)
	at java.lang.Thread.run(Thread.java:748)
2018-04-02 13:53:56,320 INFO  SysUtils - Configuration on demand is an incubating feature.
Configuration(s) specified but the install task does not exist in project :library.
:library:compileLint
:library:copyDebugLint UP-TO-DATE
:library:preBuild UP-TO-DATE
:library:preDebugBuild UP-TO-DATE
:library:checkDebugManifest
:library:preDebugAndroidTestBuild UP-TO-DATE
:library:preDebugUnitTestBuild UP-TO-DATE
:library:preReleaseBuild UP-TO-DATE
:library:preReleaseUnitTestBuild UP-TO-DATE
:library:prepareComAndroidSupportAppcompatV72220Library UP-TO-DATE
:library:prepareComAndroidSupportSupportV42220Library UP-TO-DATE
:library:prepareComToakerCommonTlog100Library UP-TO-DATE
:library:prepareDebugDependencies
:library:compileDebugAidl UP-TO-DATE
:library:compileDebugRenderscript UP-TO-DATE
:library:generateDebugBuildConfig UP-TO-DATE
:library:generateDebugAssets UP-TO-DATE
:library:mergeDebugAssets UP-TO-DATE
:library:generateDebugResValues UP-TO-DATE
:library:generateDebugResources UP-TO-DATE
:library:mergeDebugResources UP-TO-DATE
:library:processDebugManifest UP-TO-DATE
:library:processDebugResources UP-TO-DATE
:library:generateDebugSources UP-TO-DATE
:library:processDebugJavaRes UP-TO-DATE
:library:compileDebugJava/tmp/rdisk/2278/src/library/src/main/java/net/soulwolf/widget/materialradio/MaterialRadioGroup.java:232: error: cannot find symbol
    protected void onRestoreInstanceState(Parcelable state) {
                                          ^
  symbol:   class Parcelable
  location: class MaterialRadioGroup
/tmp/rdisk/2278/src/library/src/main/java/net/soulwolf/widget/materialradio/MaterialRadioGroup.java:240: error: cannot find symbol
    protected Parcelable onSaveInstanceState() {
              ^
  symbol:   class Parcelable
  location: class MaterialRadioGroup
/tmp/rdisk/2278/src/library/src/main/java/net/soulwolf/widget/materialradio/MaterialRadioGroup.java:262: error: cannot find symbol
        private SavedState(Parcel source) {
                           ^
  symbol:   class Parcel
  location: class SavedState
/tmp/rdisk/2278/src/library/src/main/java/net/soulwolf/widget/materialradio/MaterialRadioGroup.java:267: error: cannot find symbol
        SavedState(Parcelable superState) {
                   ^
  symbol:   class Parcelable
  location: class SavedState
/tmp/rdisk/2278/src/library/src/main/java/net/soulwolf/widget/materialradio/MaterialRadioGroup.java:272: error: cannot find symbol
        public void writeToParcel(Parcel dest, int flags) {
                                  ^
  symbol:   class Parcel
  location: class SavedState
/tmp/rdisk/2278/src/library/src/main/java/net/soulwolf/widget/materialradio/MaterialRadioGroup.java:241: error: cannot find symbol
        Parcelable superState = super.onSaveInstanceState();
        ^
  symbol:   class Parcelable
  location: class MaterialRadioGroup
/tmp/rdisk/2278/src/library/src/main/java/net/soulwolf/widget/materialradio/MaterialRadioGroup.java:251: error: cannot find symbol
            public SavedState createFromParcel(Parcel source) {
                                               ^
  symbol: class Parcel
7 errors
 FAILED

FAILURE: Build failed with an exception.

* What went wrong:
Execution failed for task ':library:compileDebugJava'.
> Compilation failed; see the compiler error output for details.

* Try:
Run with --info or --debug option to get more log output.

* Exception is:
org.gradle.api.tasks.TaskExecutionException: Execution failed for task ':library:compileDebugJava'.
	at org.gradle.api.internal.tasks.execution.ExecuteActionsTaskExecuter.executeActions(ExecuteActionsTaskExecuter.java:69)
	at org.gradle.api.internal.tasks.execution.ExecuteActionsTaskExecuter.execute(ExecuteActionsTaskExecuter.java:46)
	at org.gradle.api.internal.tasks.execution.PostExecutionAnalysisTaskExecuter.execute(PostExecutionAnalysisTaskExecuter.java:35)
	at org.gradle.api.internal.tasks.execution.SkipUpToDateTaskExecuter.execute(SkipUpToDateTaskExecuter.java:64)
	at org.gradle.api.internal.tasks.execution.ValidatingTaskExecuter.execute(ValidatingTaskExecuter.java:58)
	at org.gradle.api.internal.tasks.execution.SkipEmptySourceFilesTaskExecuter.execute(SkipEmptySourceFilesTaskExecuter.java:42)
	at org.gradle.api.internal.tasks.execution.SkipTaskWithNoActionsExecuter.execute(SkipTaskWithNoActionsExecuter.java:52)
	at org.gradle.api.internal.tasks.execution.SkipOnlyIfTaskExecuter.execute(SkipOnlyIfTaskExecuter.java:53)
	at org.gradle.api.internal.tasks.execution.ExecuteAtMostOnceTaskExecuter.execute(ExecuteAtMostOnceTaskExecuter.java:43)
	at org.gradle.api.internal.AbstractTask.executeWithoutThrowingTaskFailure(AbstractTask.java:305)
	at org.gradle.execution.taskgraph.AbstractTaskPlanExecutor$TaskExecutorWorker.executeTask(AbstractTaskPlanExecutor.java:79)
	at org.gradle.execution.taskgraph.AbstractTaskPlanExecutor$TaskExecutorWorker.processTask(AbstractTaskPlanExecutor.java:63)
	at org.gradle.execution.taskgraph.AbstractTaskPlanExecutor$TaskExecutorWorker.run(AbstractTaskPlanExecutor.java:51)
	at org.gradle.execution.taskgraph.DefaultTaskPlanExecutor.process(DefaultTaskPlanExecutor.java:23)
	at org.gradle.execution.taskgraph.DefaultTaskGraphExecuter.execute(DefaultTaskGraphExecuter.java:88)
	at org.gradle.execution.SelectedTaskExecutionAction.execute(SelectedTaskExecutionAction.java:29)
	at org.gradle.execution.DefaultBuildExecuter.execute(DefaultBuildExecuter.java:62)
	at org.gradle.execution.DefaultBuildExecuter.access$200(DefaultBuildExecuter.java:23)
	at org.gradle.execution.DefaultBuildExecuter$2.proceed(DefaultBuildExecuter.java:68)
	at org.gradle.execution.DryRunBuildExecutionAction.execute(DryRunBuildExecutionAction.java:32)
	at org.gradle.execution.DefaultBuildExecuter.execute(DefaultBuildExecuter.java:62)
	at org.gradle.execution.DefaultBuildExecuter.execute(DefaultBuildExecuter.java:55)
	at org.gradle.initialization.DefaultGradleLauncher.doBuildStages(DefaultGradleLauncher.java:149)
	at org.gradle.initialization.DefaultGradleLauncher.doBuild(DefaultGradleLauncher.java:106)
	at org.gradle.initialization.DefaultGradleLauncher.run(DefaultGradleLauncher.java:86)
	at org.gradle.launcher.exec.InProcessBuildActionExecuter$DefaultBuildController.run(InProcessBuildActionExecuter.java:80)
	at org.gradle.launcher.cli.ExecuteBuildAction.run(ExecuteBuildAction.java:33)
	at org.gradle.launcher.cli.ExecuteBuildAction.run(ExecuteBuildAction.java:24)
	at org.gradle.launcher.exec.InProcessBuildActionExecuter.execute(InProcessBuildActionExecuter.java:36)
	at org.gradle.launcher.exec.InProcessBuildActionExecuter.execute(InProcessBuildActionExecuter.java:26)
	at org.gradle.launcher.cli.RunBuildAction.run(RunBuildAction.java:51)
	at org.gradle.internal.Actions$RunnableActionAdapter.execute(Actions.java:171)
	at org.gradle.launcher.cli.CommandLineActionFactory$ParseAndBuildAction.execute(CommandLineActionFactory.java:237)
	at org.gradle.launcher.cli.CommandLineActionFactory$ParseAndBuildAction.execute(CommandLineActionFactory.java:210)
	at org.gradle.launcher.cli.JavaRuntimeValidationAction.execute(JavaRuntimeValidationAction.java:35)
	at org.gradle.launcher.cli.JavaRuntimeValidationAction.execute(JavaRuntimeValidationAction.java:24)
	at org.gradle.launcher.cli.CommandLineActionFactory$WithLogging.execute(CommandLineActionFactory.java:206)
	at org.gradle.launcher.cli.CommandLineActionFactory$WithLogging.execute(CommandLineActionFactory.java:169)
	at org.gradle.launcher.cli.ExceptionReportingAction.execute(ExceptionReportingAction.java:33)
	at org.gradle.launcher.cli.ExceptionReportingAction.execute(ExceptionReportingAction.java:22)
	at org.gradle.launcher.Main.doAction(Main.java:33)
	at org.gradle.launcher.bootstrap.EntryPoint.run(EntryPoint.java:45)
	at org.gradle.launcher.bootstrap.ProcessBootstrap.runNoExit(ProcessBootstrap.java:54)
	at org.gradle.launcher.bootstrap.ProcessBootstrap.run(ProcessBootstrap.java:35)
	at org.gradle.launcher.GradleMain.main(GradleMain.java:23)
	at org.gradle.wrapper.BootstrapMainStarter.start(BootstrapMainStarter.java:33)
	at org.gradle.wrapper.WrapperExecutor.execute(WrapperExecutor.java:130)
	at org.gradle.wrapper.GradleWrapperMain.main(GradleWrapperMain.java:48)
Caused by: org.gradle.api.internal.tasks.compile.CompilationFailedException: Compilation failed; see the compiler error output for details.
	at org.gradle.api.internal.tasks.compile.JdkJavaCompiler.execute(JdkJavaCompiler.java:44)
	at org.gradle.api.internal.tasks.compile.JdkJavaCompiler.execute(JdkJavaCompiler.java:35)
	at org.gradle.api.internal.tasks.compile.NormalizingJavaCompiler.delegateAndHandleErrors(NormalizingJavaCompiler.java:97)
	at org.gradle.api.internal.tasks.compile.NormalizingJavaCompiler.execute(NormalizingJavaCompiler.java:50)
	at org.gradle.api.internal.tasks.compile.NormalizingJavaCompiler.execute(NormalizingJavaCompiler.java:36)
	at org.gradle.api.internal.tasks.compile.CleaningJavaCompilerSupport.execute(CleaningJavaCompilerSupport.java:34)
	at org.gradle.api.internal.tasks.compile.CleaningJavaCompilerSupport.execute(CleaningJavaCompilerSupport.java:25)
	at org.gradle.api.tasks.compile.JavaCompile.performCompilation(JavaCompile.java:158)
	at org.gradle.api.tasks.compile.JavaCompile.compile(JavaCompile.java:138)
	at org.gradle.api.tasks.compile.JavaCompile.compile(JavaCompile.java:92)
	at org.gradle.internal.reflect.JavaMethod.invoke(JavaMethod.java:63)
	at org.gradle.api.internal.project.taskfactory.AnnotationProcessingTaskFactory$IncrementalTaskAction.doExecute(AnnotationProcessingTaskFactory.java:235)
	at org.gradle.api.internal.project.taskfactory.AnnotationProcessingTaskFactory$StandardTaskAction.execute(AnnotationProcessingTaskFactory.java:211)
	at org.gradle.api.internal.project.taskfactory.AnnotationProcessingTaskFactory$IncrementalTaskAction.execute(AnnotationProcessingTaskFactory.java:222)
	at org.gradle.api.internal.project.taskfactory.AnnotationProcessingTaskFactory$StandardTaskAction.execute(AnnotationProcessingTaskFactory.java:200)
	at org.gradle.api.internal.tasks.execution.ExecuteActionsTaskExecuter.executeAction(ExecuteActionsTaskExecuter.java:80)
	at org.gradle.api.internal.tasks.execution.ExecuteActionsTaskExecuter.executeActions(ExecuteActionsTaskExecuter.java:61)
	... 47 more


BUILD FAILED

Total time: 7.365 secs

2018-04-02 13:53:56,351 ERROR FullProcessService - Project build has not produced APK file
2018-04-02 13:53:56,380 ERROR FullProcessService - Could not find generated or existed APK file
