2018-04-02 10:15:46,419 INFO  DownloadService - Downloading "https://github.com/bmarrdev/android-DecoView-charting/archive/master.zip", attempt 3
2018-04-02 10:15:47,098 INFO  DownloadService - Downloaded https://github.com/bmarrdev/android-DecoView-charting/archive/master.zip, attempt 3
2018-04-02 10:15:47,098 INFO  DownloadService - Size of file "/tmp/rdisk/2329/master.zip": 857 KB
2018-04-02 10:15:47,098 INFO  ArchiveUtils - Checking entries [.gradle] in ZIP file...
2018-04-02 10:15:47,098 INFO  ArchiveUtils - Has entries [.gradle] in ZIP file /tmp/rdisk/2329/master.zip: true
2018-04-02 10:15:47,098 DEBUG ZipUtil - Extracting '/tmp/rdisk/2329/master.zip' into '/tmp/rdisk/2329/src'.
2018-04-02 10:15:47,120 INFO  FullProcessService - Size of directory with sources: 1 MB
2018-04-02 10:15:47,120 INFO  SysUtils - Execute command: [git, init, /tmp/rdisk/2329/src]
2018-04-02 10:15:47,126 INFO  SysUtils - Initialized empty Git repository in /tmp/rdisk/2329/src/.git/

2018-04-02 10:15:47,129 INFO  ProjectBuildService - Gradle wrapper(s): /tmp/rdisk/2329/src/android-DecoView-charting-master/gradlew
2018-04-02 10:15:47,133 INFO  ProjectBuildService - Build script(s): /tmp/rdisk/2329/src/android-DecoView-charting-master/decoviewlib/build.gradle /tmp/rdisk/2329/src/android-DecoView-charting-master/sampleapp/build.gradle /tmp/rdisk/2329/src/android-DecoView-charting-master/build.gradle
2018-04-02 10:15:47,136 INFO  ProjectBuildService - All script(s): /tmp/rdisk/2329/src/android-DecoView-charting-master/settings.gradle /tmp/rdisk/2329/src/android-DecoView-charting-master/sampleapp/build.gradle /tmp/rdisk/2329/src/android-DecoView-charting-master/decoviewlib/build.gradle /tmp/rdisk/2329/src/android-DecoView-charting-master/build.gradle
2018-04-02 10:15:47,136 INFO  ProjectBuildService - Remote scripts: none
2018-04-02 10:15:47,136 INFO  ProjectFixService - Fixing project...
2018-04-02 10:15:47,144 INFO  LocalPropertiesFixService - Created fake /tmp/rdisk/2329/src/android-DecoView-charting-master/decoviewlib/local.properties
2018-04-02 10:15:47,144 INFO  ProjectFixService - Build info for "/tmp/rdisk/2329/src/android-DecoView-charting-master/decoviewlib/build.gradle": [buildToolsVersion=23.0.3,compileSdkVersion=23,minSdkVersion=8,targetSdkVersion=23]
2018-04-02 10:15:47,144 INFO  LocalPropertiesFixService - Created fake /tmp/rdisk/2329/src/android-DecoView-charting-master/sampleapp/local.properties
2018-04-02 10:15:47,144 INFO  ProjectFixService - Build info for "/tmp/rdisk/2329/src/android-DecoView-charting-master/sampleapp/build.gradle": [buildToolsVersion=23.0.3,compileSdkVersion=23,minSdkVersion=8,targetSdkVersion=23]
2018-04-02 10:15:47,145 INFO  LocalPropertiesFixService - Created fake /tmp/rdisk/2329/src/android-DecoView-charting-master/local.properties
2018-04-02 10:15:47,145 INFO  WrapperPropertiesFixService - Gradle wrapper: https://services.gradle.org/distributions/gradle-2.10-all.zip
2018-04-02 10:15:47,145 INFO  WrapperPropertiesFixService - Gradle wrapper was changed from "-all.zip" to "-bin.zip" (https://services.gradle.org/distributions/gradle-2.10-bin.zip)
2018-04-02 10:15:47,146 INFO  ProjectFixService - Build info for "/tmp/rdisk/2329/src/android-DecoView-charting-master/build.gradle": [buildToolsVersion=23.0.3,compileSdkVersion=23,minSdkVersion=8,targetSdkVersion=23]
2018-04-02 10:15:47,146 INFO  ProjectFixService - Project was maybe fixed
2018-04-02 10:15:47,146 INFO  ProjectTaskService - Detecting possible tasks...
2018-04-02 10:15:47,146 INFO  SysUtils - Execute command: [/tmp/rdisk/2329/src/android-DecoView-charting-master/gradlew, -b, /tmp/rdisk/2329/src/android-DecoView-charting-master/decoviewlib/build.gradle, -Dorg.gradle.daemon=false, -Dorg.gradle.daemon.performance.enable-monitoring=false, -Dorg.gradle.configureondemand=true, tasks]
2018-04-02 10:15:55,593 ERROR ProjectTaskService - Could not detect possible Gradle tasks: Process exited with an error: 1 (Exit value: 1)
2018-04-02 10:15:55,593 INFO  ProjectTaskService - Detected possible tasks: 0
2018-04-02 10:15:55,593 INFO  ProjectTaskService - Excluded tasks (0): none
2018-04-02 10:15:55,593 INFO  SysUtils - Execute command: [/tmp/rdisk/2329/src/android-DecoView-charting-master/gradlew, -b, /tmp/rdisk/2329/src/android-DecoView-charting-master/decoviewlib/build.gradle, -Dorg.gradle.daemon=false, -Dorg.gradle.daemon.performance.enable-monitoring=false, -Dorg.gradle.configureondemand=true, --stacktrace, build]
2018-04-02 10:16:14,216 ERROR SysUtils - Could not process external command
org.apache.commons.exec.ExecuteException: Process exited with an error: 1 (Exit value: 1)
	at org.apache.commons.exec.DefaultExecutor.executeInternal(DefaultExecutor.java:404)
	at org.apache.commons.exec.DefaultExecutor.execute(DefaultExecutor.java:166)
	at com.github.vbauer.apkmaster.util.SysUtils.execute(SysUtils.java:67)
	at com.github.vbauer.apkmaster.util.SysUtils.executeSimple(SysUtils.java:43)
	at com.github.vbauer.apkmaster.service.assembly.ProjectBuildService.buildProject(ProjectBuildService.java:78)
	at com.github.vbauer.apkmaster.service.assembly.ProjectBuildService.buildProject(ProjectBuildService.java:64)
	at com.github.vbauer.apkmaster.service.assembly.ProjectBuildService.buildProject(ProjectBuildService.java:43)
	at com.github.vbauer.apkmaster.service.FullProcessService.build(FullProcessService.java:84)
	at com.github.vbauer.apkmaster.service.FullProcessService.process(FullProcessService.java:34)
	at com.github.vbauer.apkmaster.app.MainApplication.process(MainApplication.java:38)
	at com.github.vbauer.apkmaster.app.MainApplication.main(MainApplication.java:20)
	at sun.reflect.GeneratedMethodAccessor9.invoke(Unknown Source)
	at sun.reflect.DelegatingMethodAccessorImpl.invoke(DelegatingMethodAccessorImpl.java:43)
	at java.lang.reflect.Method.invoke(Method.java:498)
	at com.android.arsenal.util.ReflectionUtils.invoke(ReflectionUtils.java:42)
	at com.android.arsenal.util.ApkMasterUtils.main(ApkMasterUtils.java:30)
	at com.android.arsenal.service.processor.impl.BuildProcessorServiceImpl.buildProject(BuildProcessorServiceImpl.java:197)
	at com.android.arsenal.service.processor.impl.BuildProcessorServiceImpl.build(BuildProcessorServiceImpl.java:131)
	at com.android.arsenal.service.processor.impl.BuildProcessorServiceImpl.lambda$null$1(BuildProcessorServiceImpl.java:114)
	at java.util.concurrent.FutureTask.run(FutureTask.java:266)
	at java.util.concurrent.Executors$RunnableAdapter.call(Executors.java:511)
	at java.util.concurrent.FutureTask.run(FutureTask.java:266)
	at java.util.concurrent.ThreadPoolExecutor.runWorker(ThreadPoolExecutor.java:1149)
	at java.util.concurrent.ThreadPoolExecutor$Worker.run(ThreadPoolExecutor.java:624)
	at java.lang.Thread.run(Thread.java:748)
2018-04-02 10:16:14,216 INFO  SysUtils - Configuration on demand is an incubating feature.
Observed package id 'build-tools;28.0.0-preview' in inconsistent location '/root/Applications/android-sdk/build-tools/28.0.0-rc1' (Expected '/root/Applications/android-sdk/build-tools/28.0.0-preview')
Incremental java compilation is an incubating feature.
:decoviewlib:preBuild UP-TO-DATE
:decoviewlib:preDebugBuild UP-TO-DATE
:decoviewlib:compileDebugNdk UP-TO-DATE
:decoviewlib:compileLint
:decoviewlib:copyDebugLint UP-TO-DATE
:decoviewlib:checkDebugManifest
:decoviewlib:preDebugAndroidTestBuild UP-TO-DATE
:decoviewlib:preDebugUnitTestBuild UP-TO-DATE
:decoviewlib:preReleaseBuild UP-TO-DATE
:decoviewlib:preReleaseUnitTestBuild UP-TO-DATE
:decoviewlib:prepareComAndroidSupportAnimatedVectorDrawable2330Library
:decoviewlib:prepareComAndroidSupportAppcompatV72330Library
:decoviewlib:prepareComAndroidSupportSupportV42330Library
:decoviewlib:prepareComAndroidSupportSupportVectorDrawable2330Library
:decoviewlib:prepareDebugDependencies
:decoviewlib:compileDebugAidl
:decoviewlib:compileDebugRenderscript
:decoviewlib:generateDebugBuildConfig
:decoviewlib:mergeDebugShaders
:decoviewlib:compileDebugShaders
:decoviewlib:generateDebugAssets
:decoviewlib:mergeDebugAssets
:decoviewlib:generateDebugResValues
:decoviewlib:generateDebugResources
:decoviewlib:mergeDebugResources
:decoviewlib:processDebugManifest
:decoviewlib:processDebugResources
:decoviewlib:generateDebugSources
:decoviewlib:incrementalDebugJavaCompilationSafeguard
:decoviewlib:compileDebugJavaWithJavac
:decoviewlib:compileDebugJavaWithJavac - is not incremental (e.g. outputs have changed, no previous execution, etc.).
:decoviewlib:extractDebugAnnotations
:decoviewlib:mergeDebugProguardFiles
:decoviewlib:packageDebugRenderscript UP-TO-DATE
:decoviewlib:packageDebugResources
:decoviewlib:processDebugJavaRes UP-TO-DATE
:decoviewlib:transformResourcesWithMergeJavaResForDebug
:decoviewlib:transformClassesAndResourcesWithSyncLibJarsForDebug
:decoviewlib:mergeDebugJniLibFolders
:decoviewlib:transformNative_libsWithMergeJniLibsForDebug
:decoviewlib:transformNative_libsWithSyncJniLibsForDebug
:decoviewlib:bundleDebug
:decoviewlib:compileDebugSources
:decoviewlib:assembleDebug
:decoviewlib:compileReleaseNdk UP-TO-DATE
:decoviewlib:copyReleaseLint UP-TO-DATE
:decoviewlib:checkReleaseManifest
:decoviewlib:prepareReleaseDependencies
:decoviewlib:compileReleaseAidl
:decoviewlib:compileReleaseRenderscript
:decoviewlib:generateReleaseBuildConfig
:decoviewlib:mergeReleaseShaders
:decoviewlib:compileReleaseShaders
:decoviewlib:generateReleaseAssets
:decoviewlib:mergeReleaseAssets
:decoviewlib:generateReleaseResValues
:decoviewlib:generateReleaseResources
:decoviewlib:mergeReleaseResources
:decoviewlib:processReleaseManifest
:decoviewlib:processReleaseResources
:decoviewlib:generateReleaseSources
:decoviewlib:incrementalReleaseJavaCompilationSafeguard
:decoviewlib:compileReleaseJavaWithJavac
:decoviewlib:compileReleaseJavaWithJavac - is not incremental (e.g. outputs have changed, no previous execution, etc.).
:decoviewlib:extractReleaseAnnotations
:decoviewlib:mergeReleaseProguardFiles
:decoviewlib:packageReleaseRenderscript UP-TO-DATE
:decoviewlib:packageReleaseResources
:decoviewlib:processReleaseJavaRes UP-TO-DATE
:decoviewlib:transformResourcesWithMergeJavaResForRelease
:decoviewlib:transformClassesAndResourcesWithSyncLibJarsForRelease
:decoviewlib:mergeReleaseJniLibFolders
:decoviewlib:transformNative_libsWithMergeJniLibsForRelease
:decoviewlib:transformNative_libsWithSyncJniLibsForRelease
:decoviewlib:bundleRelease
:decoviewlib:compileReleaseSources
:decoviewlib:assembleRelease
:decoviewlib:assemble
:decoviewlib:lint
Ran lint on variant release: 9 issues found
Ran lint on variant debug: 9 issues found
Wrote HTML report to file:///tmp/rdisk/2329/src/android-DecoView-charting-master/decoviewlib/build/outputs/lint-results-debug.html
Wrote XML report to file:///tmp/rdisk/2329/src/android-DecoView-charting-master/decoviewlib/build/outputs/lint-results-debug.xml
:decoviewlib:lint FAILED

FAILURE: Build failed with an exception.

* What went wrong:
Execution failed for task ':decoviewlib:lint'.
> Lint found errors in the project; aborting build.
  
  Fix the issues identified by lint, or add the following to your build script to proceed with errors:
  ...
  android {
      lintOptions {
          abortOnError false
      }
  }
  ...

* Try:
Run with --info or --debug option to get more log output.

* Exception is:
org.gradle.api.tasks.TaskExecutionException: Execution failed for task ':decoviewlib:lint'.
	at org.gradle.api.internal.tasks.execution.ExecuteActionsTaskExecuter.executeActions(ExecuteActionsTaskExecuter.java:69)
	at org.gradle.api.internal.tasks.execution.ExecuteActionsTaskExecuter.execute(ExecuteActionsTaskExecuter.java:46)
	at org.gradle.api.internal.tasks.execution.PostExecutionAnalysisTaskExecuter.execute(PostExecutionAnalysisTaskExecuter.java:35)
	at org.gradle.api.internal.tasks.execution.SkipUpToDateTaskExecuter.execute(SkipUpToDateTaskExecuter.java:64)
	at org.gradle.api.internal.tasks.execution.ValidatingTaskExecuter.execute(ValidatingTaskExecuter.java:58)
	at org.gradle.api.internal.tasks.execution.SkipEmptySourceFilesTaskExecuter.execute(SkipEmptySourceFilesTaskExecuter.java:52)
	at org.gradle.api.internal.tasks.execution.SkipTaskWithNoActionsExecuter.execute(SkipTaskWithNoActionsExecuter.java:52)
	at org.gradle.api.internal.tasks.execution.SkipOnlyIfTaskExecuter.execute(SkipOnlyIfTaskExecuter.java:53)
	at org.gradle.api.internal.tasks.execution.ExecuteAtMostOnceTaskExecuter.execute(ExecuteAtMostOnceTaskExecuter.java:43)
	at org.gradle.execution.taskgraph.DefaultTaskGraphExecuter$EventFiringTaskWorker.execute(DefaultTaskGraphExecuter.java:203)
	at org.gradle.execution.taskgraph.DefaultTaskGraphExecuter$EventFiringTaskWorker.execute(DefaultTaskGraphExecuter.java:185)
	at org.gradle.execution.taskgraph.AbstractTaskPlanExecutor$TaskExecutorWorker.processTask(AbstractTaskPlanExecutor.java:66)
	at org.gradle.execution.taskgraph.AbstractTaskPlanExecutor$TaskExecutorWorker.run(AbstractTaskPlanExecutor.java:50)
	at org.gradle.execution.taskgraph.DefaultTaskPlanExecutor.process(DefaultTaskPlanExecutor.java:25)
	at org.gradle.execution.taskgraph.DefaultTaskGraphExecuter.execute(DefaultTaskGraphExecuter.java:110)
	at org.gradle.execution.SelectedTaskExecutionAction.execute(SelectedTaskExecutionAction.java:37)
	at org.gradle.execution.DefaultBuildExecuter.execute(DefaultBuildExecuter.java:37)
	at org.gradle.execution.DefaultBuildExecuter.access$000(DefaultBuildExecuter.java:23)
	at org.gradle.execution.DefaultBuildExecuter$1.proceed(DefaultBuildExecuter.java:43)
	at org.gradle.execution.DryRunBuildExecutionAction.execute(DryRunBuildExecutionAction.java:32)
	at org.gradle.execution.DefaultBuildExecuter.execute(DefaultBuildExecuter.java:37)
	at org.gradle.execution.DefaultBuildExecuter.execute(DefaultBuildExecuter.java:30)
	at org.gradle.initialization.DefaultGradleLauncher$4.run(DefaultGradleLauncher.java:154)
	at org.gradle.internal.Factories$1.create(Factories.java:22)
	at org.gradle.internal.progress.DefaultBuildOperationExecutor.run(DefaultBuildOperationExecutor.java:90)
	at org.gradle.internal.progress.DefaultBuildOperationExecutor.run(DefaultBuildOperationExecutor.java:52)
	at org.gradle.initialization.DefaultGradleLauncher.doBuildStages(DefaultGradleLauncher.java:151)
	at org.gradle.initialization.DefaultGradleLauncher.access$200(DefaultGradleLauncher.java:32)
	at org.gradle.initialization.DefaultGradleLauncher$1.create(DefaultGradleLauncher.java:99)
	at org.gradle.initialization.DefaultGradleLauncher$1.create(DefaultGradleLauncher.java:93)
	at org.gradle.internal.progress.DefaultBuildOperationExecutor.run(DefaultBuildOperationExecutor.java:90)
	at org.gradle.internal.progress.DefaultBuildOperationExecutor.run(DefaultBuildOperationExecutor.java:62)
	at org.gradle.initialization.DefaultGradleLauncher.doBuild(DefaultGradleLauncher.java:93)
	at org.gradle.initialization.DefaultGradleLauncher.run(DefaultGradleLauncher.java:82)
	at org.gradle.launcher.exec.InProcessBuildActionExecuter$DefaultBuildController.run(InProcessBuildActionExecuter.java:94)
	at org.gradle.tooling.internal.provider.ExecuteBuildActionRunner.run(ExecuteBuildActionRunner.java:28)
	at org.gradle.launcher.exec.ChainingBuildActionRunner.run(ChainingBuildActionRunner.java:35)
	at org.gradle.launcher.exec.InProcessBuildActionExecuter.execute(InProcessBuildActionExecuter.java:43)
	at org.gradle.launcher.exec.InProcessBuildActionExecuter.execute(InProcessBuildActionExecuter.java:28)
	at org.gradle.launcher.exec.ContinuousBuildActionExecuter.execute(ContinuousBuildActionExecuter.java:78)
	at org.gradle.launcher.exec.ContinuousBuildActionExecuter.execute(ContinuousBuildActionExecuter.java:48)
	at org.gradle.launcher.exec.DaemonUsageSuggestingBuildActionExecuter.execute(DaemonUsageSuggestingBuildActionExecuter.java:51)
	at org.gradle.launcher.exec.DaemonUsageSuggestingBuildActionExecuter.execute(DaemonUsageSuggestingBuildActionExecuter.java:28)
	at org.gradle.launcher.cli.RunBuildAction.run(RunBuildAction.java:43)
	at org.gradle.internal.Actions$RunnableActionAdapter.execute(Actions.java:170)
	at org.gradle.launcher.cli.CommandLineActionFactory$ParseAndBuildAction.execute(CommandLineActionFactory.java:237)
	at org.gradle.launcher.cli.CommandLineActionFactory$ParseAndBuildAction.execute(CommandLineActionFactory.java:210)
	at org.gradle.launcher.cli.JavaRuntimeValidationAction.execute(JavaRuntimeValidationAction.java:35)
	at org.gradle.launcher.cli.JavaRuntimeValidationAction.execute(JavaRuntimeValidationAction.java:24)
	at org.gradle.launcher.cli.CommandLineActionFactory$WithLogging.execute(CommandLineActionFactory.java:206)
	at org.gradle.launcher.cli.CommandLineActionFactory$WithLogging.execute(CommandLineActionFactory.java:169)
	at org.gradle.launcher.cli.ExceptionReportingAction.execute(ExceptionReportingAction.java:33)
	at org.gradle.launcher.cli.ExceptionReportingAction.execute(ExceptionReportingAction.java:22)
	at org.gradle.launcher.Main.doAction(Main.java:33)
	at org.gradle.launcher.bootstrap.EntryPoint.run(EntryPoint.java:45)
	at org.gradle.launcher.bootstrap.ProcessBootstrap.runNoExit(ProcessBootstrap.java:54)
	at org.gradle.launcher.bootstrap.ProcessBootstrap.run(ProcessBootstrap.java:35)
	at org.gradle.launcher.GradleMain.main(GradleMain.java:23)
	at org.gradle.wrapper.BootstrapMainStarter.start(BootstrapMainStarter.java:33)
	at org.gradle.wrapper.WrapperExecutor.execute(WrapperExecutor.java:130)
	at org.gradle.wrapper.GradleWrapperMain.main(GradleWrapperMain.java:48)
Caused by: org.gradle.api.GradleException: Lint found errors in the project; aborting build.

Fix the issues identified by lint, or add the following to your build script to proceed with errors:
...
android {
    lintOptions {
        abortOnError false
    }
}
...
	at com.android.build.gradle.tasks.Lint.abort(Lint.groovy:191)
	at com.android.build.gradle.tasks.Lint.lintAllVariants(Lint.groovy:155)
	at com.android.build.gradle.tasks.Lint$lintAllVariants$2.callCurrent(Unknown Source)
	at com.android.build.gradle.tasks.Lint.lint(Lint.groovy:81)
	at org.gradle.internal.reflect.JavaMethod.invoke(JavaMethod.java:75)
	at org.gradle.api.internal.project.taskfactory.AnnotationProcessingTaskFactory$StandardTaskAction.doExecute(AnnotationProcessingTaskFactory.java:227)
	at org.gradle.api.internal.project.taskfactory.AnnotationProcessingTaskFactory$StandardTaskAction.execute(AnnotationProcessingTaskFactory.java:220)
	at org.gradle.api.internal.project.taskfactory.AnnotationProcessingTaskFactory$StandardTaskAction.execute(AnnotationProcessingTaskFactory.java:209)
	at org.gradle.api.internal.AbstractTask$TaskActionWrapper.execute(AbstractTask.java:585)
	at org.gradle.api.internal.AbstractTask$TaskActionWrapper.execute(AbstractTask.java:568)
	at org.gradle.api.internal.tasks.execution.ExecuteActionsTaskExecuter.executeAction(ExecuteActionsTaskExecuter.java:80)
	at org.gradle.api.internal.tasks.execution.ExecuteActionsTaskExecuter.executeActions(ExecuteActionsTaskExecuter.java:61)
	... 60 more


BUILD FAILED

Total time: 18.104 secs

2018-04-02 10:16:14,260 INFO  ProjectTaskService - Detecting possible tasks...
2018-04-02 10:16:14,260 INFO  SysUtils - Execute command: [/tmp/rdisk/2329/src/android-DecoView-charting-master/gradlew, -b, /tmp/rdisk/2329/src/android-DecoView-charting-master/sampleapp/build.gradle, -Dorg.gradle.daemon=false, -Dorg.gradle.daemon.performance.enable-monitoring=false, -Dorg.gradle.configureondemand=true, tasks]
2018-04-02 10:16:21,237 INFO  ProjectTaskService - Detected possible tasks: 70
2018-04-02 10:16:21,237 INFO  ProjectTaskService - Excluded tasks (19): lintDebug mockableAndroidJar deviceCheck lint testReleaseUnitTest uninstallRelease deviceAndroidTest uninstallDebugAndroidTest installDebugAndroidTest connectedCheck connectedDebugAndroidTest uninstallAll test check testDebugUnitTest connectedAndroidTest installDebug lintRelease uninstallDebug
2018-04-02 10:16:21,238 INFO  SysUtils - Execute command: [/tmp/rdisk/2329/src/android-DecoView-charting-master/gradlew, -b, /tmp/rdisk/2329/src/android-DecoView-charting-master/sampleapp/build.gradle, -Dorg.gradle.daemon=false, -Dorg.gradle.daemon.performance.enable-monitoring=false, -Dorg.gradle.configureondemand=true, --stacktrace, -x, lintDebug, -x, mockableAndroidJar, -x, deviceCheck, -x, lint, -x, testReleaseUnitTest, -x, uninstallRelease, -x, deviceAndroidTest, -x, uninstallDebugAndroidTest, -x, installDebugAndroidTest, -x, connectedCheck, -x, connectedDebugAndroidTest, -x, uninstallAll, -x, test, -x, check, -x, testDebugUnitTest, -x, connectedAndroidTest, -x, installDebug, -x, lintRelease, -x, uninstallDebug, build]
2018-04-02 10:16:49,738 INFO  SysUtils - Configuration on demand is an incubating feature.
Observed package id 'build-tools;28.0.0-preview' in inconsistent location '/root/Applications/android-sdk/build-tools/28.0.0-rc1' (Expected '/root/Applications/android-sdk/build-tools/28.0.0-preview')
Incremental java compilation is an incubating feature.
:decoviewlib:preBuild UP-TO-DATE
:decoviewlib:preReleaseBuild UP-TO-DATE
:decoviewlib:compileReleaseNdk UP-TO-DATE
:decoviewlib:compileLint
:decoviewlib:copyReleaseLint UP-TO-DATE
:decoviewlib:checkReleaseManifest
:decoviewlib:preDebugAndroidTestBuild UP-TO-DATE
:decoviewlib:preDebugBuild UP-TO-DATE
:decoviewlib:preDebugUnitTestBuild UP-TO-DATE
:decoviewlib:preReleaseUnitTestBuild UP-TO-DATE
:decoviewlib:prepareComAndroidSupportAnimatedVectorDrawable2330Library UP-TO-DATE
:decoviewlib:prepareComAndroidSupportAppcompatV72330Library UP-TO-DATE
:decoviewlib:prepareComAndroidSupportSupportV42330Library UP-TO-DATE
:decoviewlib:prepareComAndroidSupportSupportVectorDrawable2330Library UP-TO-DATE
:decoviewlib:prepareReleaseDependencies
:decoviewlib:compileReleaseAidl UP-TO-DATE
:decoviewlib:compileReleaseRenderscript UP-TO-DATE
:decoviewlib:generateReleaseBuildConfig UP-TO-DATE
:decoviewlib:mergeReleaseShaders UP-TO-DATE
:decoviewlib:compileReleaseShaders UP-TO-DATE
:decoviewlib:generateReleaseAssets UP-TO-DATE
:decoviewlib:mergeReleaseAssets UP-TO-DATE
:decoviewlib:generateReleaseResValues UP-TO-DATE
:decoviewlib:generateReleaseResources UP-TO-DATE
:decoviewlib:mergeReleaseResources UP-TO-DATE
:decoviewlib:processReleaseManifest UP-TO-DATE
:decoviewlib:processReleaseResources UP-TO-DATE
:decoviewlib:generateReleaseSources UP-TO-DATE
:decoviewlib:incrementalReleaseJavaCompilationSafeguard UP-TO-DATE
:decoviewlib:compileReleaseJavaWithJavac UP-TO-DATE
:decoviewlib:extractReleaseAnnotations UP-TO-DATE
:decoviewlib:mergeReleaseProguardFiles UP-TO-DATE
:decoviewlib:packageReleaseRenderscript UP-TO-DATE
:decoviewlib:packageReleaseResources UP-TO-DATE
:decoviewlib:processReleaseJavaRes UP-TO-DATE
:decoviewlib:transformResourcesWithMergeJavaResForRelease UP-TO-DATE
:decoviewlib:transformClassesAndResourcesWithSyncLibJarsForRelease UP-TO-DATE
:decoviewlib:mergeReleaseJniLibFolders UP-TO-DATE
:decoviewlib:transformNative_libsWithMergeJniLibsForRelease UP-TO-DATE
:decoviewlib:transformNative_libsWithSyncJniLibsForRelease UP-TO-DATE
:decoviewlib:bundleRelease UP-TO-DATE
:sampleapp:preBuild UP-TO-DATE
:sampleapp:preDebugBuild UP-TO-DATE
:sampleapp:checkDebugManifest
:sampleapp:preReleaseBuild UP-TO-DATE
:sampleapp:prepareAndroidDecoViewChartingMasterDecoviewlibUnspecifiedLibrary
:sampleapp:prepareComAndroidSupportAnimatedVectorDrawable2330Library
:sampleapp:prepareComAndroidSupportAppcompatV72330Library
:sampleapp:prepareComAndroidSupportSupportV42330Library
:sampleapp:prepareComAndroidSupportSupportVectorDrawable2330Library
:sampleapp:prepareDebugDependencies
:sampleapp:compileDebugAidl
:sampleapp:compileDebugRenderscript
:sampleapp:generateDebugBuildConfig
:sampleapp:mergeDebugShaders
:sampleapp:compileDebugShaders
:sampleapp:generateDebugAssets
:sampleapp:mergeDebugAssets
:sampleapp:generateDebugResValues
:sampleapp:generateDebugResources
:sampleapp:mergeDebugResources
:sampleapp:processDebugManifest
:sampleapp:processDebugResources
:sampleapp:generateDebugSources
:sampleapp:incrementalDebugJavaCompilationSafeguard
:sampleapp:compileDebugJavaWithJavac
:sampleapp:compileDebugJavaWithJavac - is not incremental (e.g. outputs have changed, no previous execution, etc.).
:sampleapp:compileDebugNdk UP-TO-DATE
:sampleapp:compileDebugSources
:sampleapp:prePackageMarkerForDebug
:sampleapp:transformClassesWithDexForDebug
To run dex in process, the Gradle daemon needs a larger heap.
It currently has approximately 1623 MB.
For faster builds, increase the maximum heap size for the Gradle daemon to more than 2048 MB.
To do this set org.gradle.jvmargs=-Xmx2048M in the project gradle.properties.
For more information see https://docs.gradle.org/current/userguide/build_environment.html
:sampleapp:mergeDebugJniLibFolders
:sampleapp:transformNative_libsWithMergeJniLibsForDebug
:sampleapp:processDebugJavaRes UP-TO-DATE
:sampleapp:transformResourcesWithMergeJavaResForDebug
:sampleapp:validateDebugSigning
:sampleapp:packageDebug
:sampleapp:zipalignDebug
:sampleapp:assembleDebug
:sampleapp:checkReleaseManifest
:sampleapp:prepareReleaseDependencies
:sampleapp:compileReleaseAidl
:sampleapp:compileReleaseRenderscript
:sampleapp:generateReleaseBuildConfig
:sampleapp:mergeReleaseShaders
:sampleapp:compileReleaseShaders
:sampleapp:generateReleaseAssets
:sampleapp:mergeReleaseAssets
:sampleapp:generateReleaseResValues
:sampleapp:generateReleaseResources
:sampleapp:mergeReleaseResources
:sampleapp:processReleaseManifest
:sampleapp:processReleaseResources
:sampleapp:generateReleaseSources
:sampleapp:incrementalReleaseJavaCompilationSafeguard
:sampleapp:compileReleaseJavaWithJavac
:sampleapp:compileReleaseJavaWithJavac - is not incremental (e.g. outputs have changed, no previous execution, etc.).
:sampleapp:compileReleaseNdk UP-TO-DATE
:sampleapp:compileReleaseSources
:sampleapp:lintVitalRelease
:sampleapp:prePackageMarkerForRelease
:sampleapp:transformClassesWithDexForRelease
:sampleapp:mergeReleaseJniLibFolders
:sampleapp:transformNative_libsWithMergeJniLibsForRelease
:sampleapp:processReleaseJavaRes UP-TO-DATE
:sampleapp:transformResourcesWithMergeJavaResForRelease
:sampleapp:packageRelease
:sampleapp:assembleRelease
:sampleapp:assemble
:sampleapp:build

BUILD SUCCESSFUL

Total time: 28.064 secs

2018-04-02 10:16:49,830 INFO  FullProcessService - Found APK file: /tmp/rdisk/2329/src/android-DecoView-charting-master/sampleapp/build/outputs/apk/sampleapp-release-unsigned.apk
