2018-04-02 05:58:10,424 INFO  DownloadService - Downloading "https://github.com/tianzhijiexian/JsonAnnotation/archive/master.zip", attempt 3
2018-04-02 05:59:11,066 INFO  GithubDownloadService - Could not find ZIP archive for master branch
2018-04-02 05:59:11,876 INFO  GithubDownloadService - Default branch of this repository: master
2018-04-02 05:59:11,876 INFO  DownloadService - Downloading "https://github.com/tianzhijiexian/JsonAnnotation/archive/master.zip", attempt 3
2018-04-02 06:00:13,117 DEBUG FullProcessService - Repository https://github.com/tianzhijiexian/JsonAnnotation available: true
2018-04-02 06:00:13,117 INFO  FullProcessService - Could not download ZIP file from Github, lets clone it
2018-04-02 06:00:13,118 INFO  SysUtils - Execute command: [git, clone, -q, --single-branch, --depth, 1, https://github.com/tianzhijiexian/JsonAnnotation, /tmp/rdisk/2401/src]
2018-04-02 06:00:18,381 INFO  SysUtils - 
2018-04-02 06:00:18,386 INFO  GitService - Deleted "/tmp/rdisk/2401/src/.git": true
2018-04-02 06:00:18,388 INFO  FullProcessService - Size of directory with sources: 1 MB
2018-04-02 06:00:18,388 INFO  SysUtils - Execute command: [git, init, /tmp/rdisk/2401/src]
2018-04-02 06:00:18,393 INFO  SysUtils - Initialized empty Git repository in /tmp/rdisk/2401/src/.git/

2018-04-02 06:00:18,396 INFO  ProjectBuildService - Gradle wrapper(s): /tmp/rdisk/2401/src/gradlew
2018-04-02 06:00:18,398 INFO  ProjectBuildService - Build script(s): /tmp/rdisk/2401/src/app/build.gradle /tmp/rdisk/2401/src/build.gradle /tmp/rdisk/2401/src/lib/build.gradle
2018-04-02 06:00:18,401 INFO  ProjectBuildService - All script(s): /tmp/rdisk/2401/src/settings.gradle /tmp/rdisk/2401/src/lib/build.gradle /tmp/rdisk/2401/src/build.gradle /tmp/rdisk/2401/src/app/build.gradle
2018-04-02 06:00:18,401 INFO  ProjectBuildService - Remote scripts: none
2018-04-02 06:00:18,401 INFO  ProjectFixService - Fixing project...
2018-04-02 06:00:18,403 INFO  ManifestFixService - Found manifest(s): /tmp/rdisk/2401/src/lib/src/main/resources/META-INF/MANIFEST.MF
2018-04-02 06:00:18,407 INFO  LocalPropertiesFixService - Created fake /tmp/rdisk/2401/src/app/local.properties
2018-04-02 06:00:18,407 INFO  ProjectFixService - Build info for "/tmp/rdisk/2401/src/app/build.gradle": [buildToolsVersion=23.0.0,compileSdkVersion=23,minSdkVersion=14,targetSdkVersion=23]
2018-04-02 06:00:18,407 INFO  ProjectFixService - Fixed build info for "/tmp/rdisk/2401/src/app/build.gradle": [buildToolsVersion=23.0.1,compileSdkVersion=23,minSdkVersion=14,targetSdkVersion=23]
2018-04-02 06:00:18,408 INFO  LocalPropertiesFixService - Created fake /tmp/rdisk/2401/src/local.properties
2018-04-02 06:00:18,408 INFO  WrapperPropertiesFixService - Gradle wrapper: https://services.gradle.org/distributions/gradle-2.4-all.zip
2018-04-02 06:00:18,408 INFO  WrapperPropertiesFixService - Gradle wrapper was changed from "-all.zip" to "-bin.zip" (https://services.gradle.org/distributions/gradle-2.4-bin.zip)
2018-04-02 06:00:18,409 INFO  ProjectFixService - Build info for "/tmp/rdisk/2401/src/build.gradle": [buildToolsVersion=23.0.1,compileSdkVersion=23,minSdkVersion=14,targetSdkVersion=23]
2018-04-02 06:00:18,409 INFO  LocalPropertiesFixService - Created fake /tmp/rdisk/2401/src/lib/local.properties
2018-04-02 06:00:18,410 INFO  ProjectFixService - Build info for "/tmp/rdisk/2401/src/lib/build.gradle": [buildToolsVersion=23.0.1,compileSdkVersion=23,minSdkVersion=14,targetSdkVersion=23]
2018-04-02 06:00:18,410 INFO  ProjectFixService - Project was maybe fixed
2018-04-02 06:00:18,410 INFO  ProjectTaskService - Detecting possible tasks...
2018-04-02 06:00:18,410 INFO  SysUtils - Execute command: [/tmp/rdisk/2401/src/gradlew, -b, /tmp/rdisk/2401/src/app/build.gradle, -Dorg.gradle.daemon=false, -Dorg.gradle.daemon.performance.enable-monitoring=false, -Dorg.gradle.configureondemand=true, tasks]
2018-04-02 06:00:18,524 ERROR ProjectTaskService - Could not detect possible Gradle tasks: Process exited with an error: 1 (Exit value: 1)
2018-04-02 06:00:18,524 INFO  ProjectTaskService - Detected possible tasks: 0
2018-04-02 06:00:18,524 INFO  ProjectTaskService - Excluded tasks (0): none
2018-04-02 06:00:18,524 INFO  SysUtils - Execute command: [/tmp/rdisk/2401/src/gradlew, -b, /tmp/rdisk/2401/src/app/build.gradle, -Dorg.gradle.daemon=false, -Dorg.gradle.daemon.performance.enable-monitoring=false, -Dorg.gradle.configureondemand=true, --stacktrace, build]
2018-04-02 06:00:18,628 ERROR SysUtils - Could not process external command
org.apache.commons.exec.ExecuteException: Process exited with an error: 1 (Exit value: 1)
	at org.apache.commons.exec.DefaultExecutor.executeInternal(DefaultExecutor.java:404)
	at org.apache.commons.exec.DefaultExecutor.execute(DefaultExecutor.java:166)
	at com.github.vbauer.apkmaster.util.SysUtils.execute(SysUtils.java:67)
	at com.github.vbauer.apkmaster.util.SysUtils.executeSimple(SysUtils.java:43)
	at com.github.vbauer.apkmaster.service.assembly.ProjectBuildService.buildProject(ProjectBuildService.java:78)
	at com.github.vbauer.apkmaster.service.assembly.ProjectBuildService.buildProject(ProjectBuildService.java:64)
	at com.github.vbauer.apkmaster.service.assembly.ProjectBuildService.buildProject(ProjectBuildService.java:43)
	at com.github.vbauer.apkmaster.service.FullProcessService.build(FullProcessService.java:84)
	at com.github.vbauer.apkmaster.service.FullProcessService.process(FullProcessService.java:34)
	at com.github.vbauer.apkmaster.app.MainApplication.process(MainApplication.java:38)
	at com.github.vbauer.apkmaster.app.MainApplication.main(MainApplication.java:20)
	at sun.reflect.GeneratedMethodAccessor9.invoke(Unknown Source)
	at sun.reflect.DelegatingMethodAccessorImpl.invoke(DelegatingMethodAccessorImpl.java:43)
	at java.lang.reflect.Method.invoke(Method.java:498)
	at com.android.arsenal.util.ReflectionUtils.invoke(ReflectionUtils.java:42)
	at com.android.arsenal.util.ApkMasterUtils.main(ApkMasterUtils.java:30)
	at com.android.arsenal.service.processor.impl.BuildProcessorServiceImpl.buildProject(BuildProcessorServiceImpl.java:197)
	at com.android.arsenal.service.processor.impl.BuildProcessorServiceImpl.build(BuildProcessorServiceImpl.java:131)
	at com.android.arsenal.service.processor.impl.BuildProcessorServiceImpl.lambda$null$1(BuildProcessorServiceImpl.java:114)
	at java.util.concurrent.FutureTask.run(FutureTask.java:266)
	at java.util.concurrent.Executors$RunnableAdapter.call(Executors.java:511)
	at java.util.concurrent.FutureTask.run(FutureTask.java:266)
	at java.util.concurrent.ThreadPoolExecutor.runWorker(ThreadPoolExecutor.java:1149)
	at java.util.concurrent.ThreadPoolExecutor$Worker.run(ThreadPoolExecutor.java:624)
	at java.lang.Thread.run(Thread.java:748)
2018-04-02 06:00:18,628 INFO  SysUtils - Error: Could not find or load main class org.gradle.wrapper.GradleWrapperMain

2018-04-02 06:00:18,631 INFO  ProjectTaskService - Detecting possible tasks...
2018-04-02 06:00:18,631 INFO  SysUtils - Execute command: [/tmp/rdisk/2401/src/gradlew, -b, /tmp/rdisk/2401/src/build.gradle, -Dorg.gradle.daemon=false, -Dorg.gradle.daemon.performance.enable-monitoring=false, -Dorg.gradle.configureondemand=true, tasks]
2018-04-02 06:00:18,741 ERROR ProjectTaskService - Could not detect possible Gradle tasks: Process exited with an error: 1 (Exit value: 1)
2018-04-02 06:00:18,741 INFO  ProjectTaskService - Detected possible tasks: 0
2018-04-02 06:00:18,742 INFO  ProjectTaskService - Excluded tasks (0): none
2018-04-02 06:00:18,742 INFO  SysUtils - Execute command: [/tmp/rdisk/2401/src/gradlew, -b, /tmp/rdisk/2401/src/build.gradle, -Dorg.gradle.daemon=false, -Dorg.gradle.daemon.performance.enable-monitoring=false, -Dorg.gradle.configureondemand=true, --stacktrace, build]
2018-04-02 06:00:18,849 ERROR SysUtils - Could not process external command
org.apache.commons.exec.ExecuteException: Process exited with an error: 1 (Exit value: 1)
	at org.apache.commons.exec.DefaultExecutor.executeInternal(DefaultExecutor.java:404)
	at org.apache.commons.exec.DefaultExecutor.execute(DefaultExecutor.java:166)
	at com.github.vbauer.apkmaster.util.SysUtils.execute(SysUtils.java:67)
	at com.github.vbauer.apkmaster.util.SysUtils.executeSimple(SysUtils.java:43)
	at com.github.vbauer.apkmaster.service.assembly.ProjectBuildService.buildProject(ProjectBuildService.java:78)
	at com.github.vbauer.apkmaster.service.assembly.ProjectBuildService.buildProject(ProjectBuildService.java:64)
	at com.github.vbauer.apkmaster.service.assembly.ProjectBuildService.buildProject(ProjectBuildService.java:43)
	at com.github.vbauer.apkmaster.service.FullProcessService.build(FullProcessService.java:84)
	at com.github.vbauer.apkmaster.service.FullProcessService.process(FullProcessService.java:34)
	at com.github.vbauer.apkmaster.app.MainApplication.process(MainApplication.java:38)
	at com.github.vbauer.apkmaster.app.MainApplication.main(MainApplication.java:20)
	at sun.reflect.GeneratedMethodAccessor9.invoke(Unknown Source)
	at sun.reflect.DelegatingMethodAccessorImpl.invoke(DelegatingMethodAccessorImpl.java:43)
	at java.lang.reflect.Method.invoke(Method.java:498)
	at com.android.arsenal.util.ReflectionUtils.invoke(ReflectionUtils.java:42)
	at com.android.arsenal.util.ApkMasterUtils.main(ApkMasterUtils.java:30)
	at com.android.arsenal.service.processor.impl.BuildProcessorServiceImpl.buildProject(BuildProcessorServiceImpl.java:197)
	at com.android.arsenal.service.processor.impl.BuildProcessorServiceImpl.build(BuildProcessorServiceImpl.java:131)
	at com.android.arsenal.service.processor.impl.BuildProcessorServiceImpl.lambda$null$1(BuildProcessorServiceImpl.java:114)
	at java.util.concurrent.FutureTask.run(FutureTask.java:266)
	at java.util.concurrent.Executors$RunnableAdapter.call(Executors.java:511)
	at java.util.concurrent.FutureTask.run(FutureTask.java:266)
	at java.util.concurrent.ThreadPoolExecutor.runWorker(ThreadPoolExecutor.java:1149)
	at java.util.concurrent.ThreadPoolExecutor$Worker.run(ThreadPoolExecutor.java:624)
	at java.lang.Thread.run(Thread.java:748)
2018-04-02 06:00:18,849 INFO  SysUtils - Error: Could not find or load main class org.gradle.wrapper.GradleWrapperMain

2018-04-02 06:00:18,852 INFO  ProjectTaskService - Detecting possible tasks...
2018-04-02 06:00:18,852 INFO  SysUtils - Execute command: [/tmp/rdisk/2401/src/gradlew, -b, /tmp/rdisk/2401/src/lib/build.gradle, -Dorg.gradle.daemon=false, -Dorg.gradle.daemon.performance.enable-monitoring=false, -Dorg.gradle.configureondemand=true, tasks]
2018-04-02 06:00:18,958 ERROR ProjectTaskService - Could not detect possible Gradle tasks: Process exited with an error: 1 (Exit value: 1)
2018-04-02 06:00:18,958 INFO  ProjectTaskService - Detected possible tasks: 0
2018-04-02 06:00:18,958 INFO  ProjectTaskService - Excluded tasks (0): none
2018-04-02 06:00:18,958 INFO  SysUtils - Execute command: [/tmp/rdisk/2401/src/gradlew, -b, /tmp/rdisk/2401/src/lib/build.gradle, -Dorg.gradle.daemon=false, -Dorg.gradle.daemon.performance.enable-monitoring=false, -Dorg.gradle.configureondemand=true, --stacktrace, build]
2018-04-02 06:00:19,064 ERROR SysUtils - Could not process external command
org.apache.commons.exec.ExecuteException: Process exited with an error: 1 (Exit value: 1)
	at org.apache.commons.exec.DefaultExecutor.executeInternal(DefaultExecutor.java:404)
	at org.apache.commons.exec.DefaultExecutor.execute(DefaultExecutor.java:166)
	at com.github.vbauer.apkmaster.util.SysUtils.execute(SysUtils.java:67)
	at com.github.vbauer.apkmaster.util.SysUtils.executeSimple(SysUtils.java:43)
	at com.github.vbauer.apkmaster.service.assembly.ProjectBuildService.buildProject(ProjectBuildService.java:78)
	at com.github.vbauer.apkmaster.service.assembly.ProjectBuildService.buildProject(ProjectBuildService.java:64)
	at com.github.vbauer.apkmaster.service.assembly.ProjectBuildService.buildProject(ProjectBuildService.java:43)
	at com.github.vbauer.apkmaster.service.FullProcessService.build(FullProcessService.java:84)
	at com.github.vbauer.apkmaster.service.FullProcessService.process(FullProcessService.java:34)
	at com.github.vbauer.apkmaster.app.MainApplication.process(MainApplication.java:38)
	at com.github.vbauer.apkmaster.app.MainApplication.main(MainApplication.java:20)
	at sun.reflect.GeneratedMethodAccessor9.invoke(Unknown Source)
	at sun.reflect.DelegatingMethodAccessorImpl.invoke(DelegatingMethodAccessorImpl.java:43)
	at java.lang.reflect.Method.invoke(Method.java:498)
	at com.android.arsenal.util.ReflectionUtils.invoke(ReflectionUtils.java:42)
	at com.android.arsenal.util.ApkMasterUtils.main(ApkMasterUtils.java:30)
	at com.android.arsenal.service.processor.impl.BuildProcessorServiceImpl.buildProject(BuildProcessorServiceImpl.java:197)
	at com.android.arsenal.service.processor.impl.BuildProcessorServiceImpl.build(BuildProcessorServiceImpl.java:131)
	at com.android.arsenal.service.processor.impl.BuildProcessorServiceImpl.lambda$null$1(BuildProcessorServiceImpl.java:114)
	at java.util.concurrent.FutureTask.run(FutureTask.java:266)
	at java.util.concurrent.Executors$RunnableAdapter.call(Executors.java:511)
	at java.util.concurrent.FutureTask.run(FutureTask.java:266)
	at java.util.concurrent.ThreadPoolExecutor.runWorker(ThreadPoolExecutor.java:1149)
	at java.util.concurrent.ThreadPoolExecutor$Worker.run(ThreadPoolExecutor.java:624)
	at java.lang.Thread.run(Thread.java:748)
2018-04-02 06:00:19,064 INFO  SysUtils - Error: Could not find or load main class org.gradle.wrapper.GradleWrapperMain

2018-04-02 06:00:19,067 ERROR FullProcessService - Project build has not produced APK file
2018-04-02 06:00:19,069 ERROR FullProcessService - Could not find generated or existed APK file
