2018-04-02 03:45:21,027 INFO  DownloadService - Downloading "https://github.com/VEINHORN/QuickReaderView/archive/master.zip", attempt 3
2018-04-02 03:46:21,480 INFO  GithubDownloadService - Could not find ZIP archive for master branch
2018-04-02 03:46:22,143 INFO  GithubDownloadService - Default branch of this repository: master
2018-04-02 03:46:22,143 INFO  DownloadService - Downloading "https://github.com/VEINHORN/QuickReaderView/archive/master.zip", attempt 3
2018-04-02 03:47:23,498 DEBUG FullProcessService - Repository https://github.com/VEINHORN/QuickReaderView available: true
2018-04-02 03:47:23,498 INFO  FullProcessService - Could not download ZIP file from Github, lets clone it
2018-04-02 03:47:23,498 INFO  SysUtils - Execute command: [git, clone, -q, --single-branch, --depth, 1, https://github.com/VEINHORN/QuickReaderView, /tmp/rdisk/2475/src]
2018-04-02 03:47:25,725 INFO  SysUtils - 
2018-04-02 03:47:25,740 INFO  GitService - Deleted "/tmp/rdisk/2475/src/.git": true
2018-04-02 03:47:25,768 INFO  FullProcessService - Size of directory with sources: 1 MB
2018-04-02 03:47:25,768 INFO  SysUtils - Execute command: [git, init, /tmp/rdisk/2475/src]
2018-04-02 03:47:25,778 INFO  SysUtils - Initialized empty Git repository in /tmp/rdisk/2475/src/.git/

2018-04-02 03:47:25,796 INFO  ProjectBuildService - Gradle wrapper(s): /tmp/rdisk/2475/src/gradlew /tmp/rdisk/2475/src/Example/gradlew
2018-04-02 03:47:25,812 INFO  ProjectBuildService - Build script(s): /tmp/rdisk/2475/src/Example/Example/build.gradle /tmp/rdisk/2475/src/QuickReaderView/build.gradle /tmp/rdisk/2475/src/Example/build.gradle /tmp/rdisk/2475/src/build.gradle
2018-04-02 03:47:25,829 INFO  ProjectBuildService - All script(s): /tmp/rdisk/2475/src/settings.gradle /tmp/rdisk/2475/src/build.gradle /tmp/rdisk/2475/src/QuickReaderView/build.gradle /tmp/rdisk/2475/src/Example/settings.gradle /tmp/rdisk/2475/src/Example/build.gradle /tmp/rdisk/2475/src/Example/Example/build.gradle
2018-04-02 03:47:25,829 INFO  ProjectBuildService - Remote scripts: none
2018-04-02 03:47:25,829 INFO  ProjectFixService - Fixing project...
2018-04-02 03:47:25,866 INFO  LocalPropertiesFixService - Created fake /tmp/rdisk/2475/src/Example/Example/local.properties
2018-04-02 03:47:25,867 INFO  ProjectFixService - Build info for "/tmp/rdisk/2475/src/Example/Example/build.gradle": [buildToolsVersion=19.1,compileSdkVersion=19,minSdkVersion=7,targetSdkVersion=19]
2018-04-02 03:47:25,867 INFO  ProjectFixService - Fixed build info for "/tmp/rdisk/2475/src/Example/Example/build.gradle": [buildToolsVersion=19.1.0,compileSdkVersion=19,minSdkVersion=7,targetSdkVersion=19]
2018-04-02 03:47:25,867 INFO  LocalPropertiesFixService - Created fake /tmp/rdisk/2475/src/QuickReaderView/local.properties
2018-04-02 03:47:25,868 INFO  ProjectFixService - Build info for "/tmp/rdisk/2475/src/QuickReaderView/build.gradle": [buildToolsVersion=19.1,compileSdkVersion=19,minSdkVersion=7,targetSdkVersion=19]
2018-04-02 03:47:25,868 INFO  ProjectFixService - Fixed build info for "/tmp/rdisk/2475/src/QuickReaderView/build.gradle": [buildToolsVersion=19.1.0,compileSdkVersion=19,minSdkVersion=7,targetSdkVersion=19]
2018-04-02 03:47:25,868 INFO  LocalPropertiesFixService - Created fake /tmp/rdisk/2475/src/Example/local.properties
2018-04-02 03:47:25,870 INFO  ProjectFixService - Build info for "/tmp/rdisk/2475/src/Example/build.gradle": [buildToolsVersion=19.1.0,compileSdkVersion=19,minSdkVersion=7,targetSdkVersion=19]
2018-04-02 03:47:25,870 INFO  LocalPropertiesFixService - Created fake /tmp/rdisk/2475/src/local.properties
2018-04-02 03:47:25,871 INFO  ProjectFixService - Build info for "/tmp/rdisk/2475/src/build.gradle": [buildToolsVersion=19.1.0,compileSdkVersion=19,minSdkVersion=7,targetSdkVersion=19]
2018-04-02 03:47:25,871 INFO  ProjectFixService - Project was maybe fixed
2018-04-02 03:47:25,871 INFO  ProjectTaskService - Detecting possible tasks...
2018-04-02 03:47:25,871 INFO  SysUtils - Execute command: [/tmp/rdisk/2475/src/Example/gradlew, -b, /tmp/rdisk/2475/src/Example/Example/build.gradle, -Dorg.gradle.daemon=false, -Dorg.gradle.daemon.performance.enable-monitoring=false, -Dorg.gradle.configureondemand=true, tasks]
2018-04-02 03:47:26,027 ERROR ProjectTaskService - Could not detect possible Gradle tasks: Process exited with an error: 1 (Exit value: 1)
2018-04-02 03:47:26,027 INFO  ProjectTaskService - Detected possible tasks: 0
2018-04-02 03:47:26,028 INFO  ProjectTaskService - Excluded tasks (0): none
2018-04-02 03:47:26,028 INFO  SysUtils - Execute command: [/tmp/rdisk/2475/src/Example/gradlew, -b, /tmp/rdisk/2475/src/Example/Example/build.gradle, -Dorg.gradle.daemon=false, -Dorg.gradle.daemon.performance.enable-monitoring=false, -Dorg.gradle.configureondemand=true, --stacktrace, build]
2018-04-02 03:47:26,128 ERROR SysUtils - Could not process external command
org.apache.commons.exec.ExecuteException: Process exited with an error: 1 (Exit value: 1)
	at org.apache.commons.exec.DefaultExecutor.executeInternal(DefaultExecutor.java:404)
	at org.apache.commons.exec.DefaultExecutor.execute(DefaultExecutor.java:166)
	at com.github.vbauer.apkmaster.util.SysUtils.execute(SysUtils.java:67)
	at com.github.vbauer.apkmaster.util.SysUtils.executeSimple(SysUtils.java:43)
	at com.github.vbauer.apkmaster.service.assembly.ProjectBuildService.buildProject(ProjectBuildService.java:78)
	at com.github.vbauer.apkmaster.service.assembly.ProjectBuildService.buildProject(ProjectBuildService.java:64)
	at com.github.vbauer.apkmaster.service.assembly.ProjectBuildService.buildProject(ProjectBuildService.java:43)
	at com.github.vbauer.apkmaster.service.FullProcessService.build(FullProcessService.java:84)
	at com.github.vbauer.apkmaster.service.FullProcessService.process(FullProcessService.java:34)
	at com.github.vbauer.apkmaster.app.MainApplication.process(MainApplication.java:38)
	at com.github.vbauer.apkmaster.app.MainApplication.main(MainApplication.java:20)
	at sun.reflect.GeneratedMethodAccessor9.invoke(Unknown Source)
	at sun.reflect.DelegatingMethodAccessorImpl.invoke(DelegatingMethodAccessorImpl.java:43)
	at java.lang.reflect.Method.invoke(Method.java:498)
	at com.android.arsenal.util.ReflectionUtils.invoke(ReflectionUtils.java:42)
	at com.android.arsenal.util.ApkMasterUtils.main(ApkMasterUtils.java:30)
	at com.android.arsenal.service.processor.impl.BuildProcessorServiceImpl.buildProject(BuildProcessorServiceImpl.java:197)
	at com.android.arsenal.service.processor.impl.BuildProcessorServiceImpl.build(BuildProcessorServiceImpl.java:131)
	at com.android.arsenal.service.processor.impl.BuildProcessorServiceImpl.lambda$null$1(BuildProcessorServiceImpl.java:114)
	at java.util.concurrent.FutureTask.run(FutureTask.java:266)
	at java.util.concurrent.Executors$RunnableAdapter.call(Executors.java:511)
	at java.util.concurrent.FutureTask.run(FutureTask.java:266)
	at java.util.concurrent.ThreadPoolExecutor.runWorker(ThreadPoolExecutor.java:1149)
	at java.util.concurrent.ThreadPoolExecutor$Worker.run(ThreadPoolExecutor.java:624)
	at java.lang.Thread.run(Thread.java:748)
2018-04-02 03:47:26,128 INFO  SysUtils - Error: Could not find or load main class org.gradle.wrapper.GradleWrapperMain

2018-04-02 03:47:26,145 INFO  ProjectTaskService - Detecting possible tasks...
2018-04-02 03:47:26,145 INFO  SysUtils - Execute command: [/tmp/rdisk/2475/src/gradlew, -b, /tmp/rdisk/2475/src/QuickReaderView/build.gradle, -Dorg.gradle.daemon=false, -Dorg.gradle.daemon.performance.enable-monitoring=false, -Dorg.gradle.configureondemand=true, tasks]
2018-04-02 03:47:26,250 ERROR ProjectTaskService - Could not detect possible Gradle tasks: Process exited with an error: 1 (Exit value: 1)
2018-04-02 03:47:26,250 INFO  ProjectTaskService - Detected possible tasks: 0
2018-04-02 03:47:26,250 INFO  ProjectTaskService - Excluded tasks (0): none
2018-04-02 03:47:26,250 INFO  SysUtils - Execute command: [/tmp/rdisk/2475/src/gradlew, -b, /tmp/rdisk/2475/src/QuickReaderView/build.gradle, -Dorg.gradle.daemon=false, -Dorg.gradle.daemon.performance.enable-monitoring=false, -Dorg.gradle.configureondemand=true, --stacktrace, build]
2018-04-02 03:47:26,358 ERROR SysUtils - Could not process external command
org.apache.commons.exec.ExecuteException: Process exited with an error: 1 (Exit value: 1)
	at org.apache.commons.exec.DefaultExecutor.executeInternal(DefaultExecutor.java:404)
	at org.apache.commons.exec.DefaultExecutor.execute(DefaultExecutor.java:166)
	at com.github.vbauer.apkmaster.util.SysUtils.execute(SysUtils.java:67)
	at com.github.vbauer.apkmaster.util.SysUtils.executeSimple(SysUtils.java:43)
	at com.github.vbauer.apkmaster.service.assembly.ProjectBuildService.buildProject(ProjectBuildService.java:78)
	at com.github.vbauer.apkmaster.service.assembly.ProjectBuildService.buildProject(ProjectBuildService.java:64)
	at com.github.vbauer.apkmaster.service.assembly.ProjectBuildService.buildProject(ProjectBuildService.java:43)
	at com.github.vbauer.apkmaster.service.FullProcessService.build(FullProcessService.java:84)
	at com.github.vbauer.apkmaster.service.FullProcessService.process(FullProcessService.java:34)
	at com.github.vbauer.apkmaster.app.MainApplication.process(MainApplication.java:38)
	at com.github.vbauer.apkmaster.app.MainApplication.main(MainApplication.java:20)
	at sun.reflect.GeneratedMethodAccessor9.invoke(Unknown Source)
	at sun.reflect.DelegatingMethodAccessorImpl.invoke(DelegatingMethodAccessorImpl.java:43)
	at java.lang.reflect.Method.invoke(Method.java:498)
	at com.android.arsenal.util.ReflectionUtils.invoke(ReflectionUtils.java:42)
	at com.android.arsenal.util.ApkMasterUtils.main(ApkMasterUtils.java:30)
	at com.android.arsenal.service.processor.impl.BuildProcessorServiceImpl.buildProject(BuildProcessorServiceImpl.java:197)
	at com.android.arsenal.service.processor.impl.BuildProcessorServiceImpl.build(BuildProcessorServiceImpl.java:131)
	at com.android.arsenal.service.processor.impl.BuildProcessorServiceImpl.lambda$null$1(BuildProcessorServiceImpl.java:114)
	at java.util.concurrent.FutureTask.run(FutureTask.java:266)
	at java.util.concurrent.Executors$RunnableAdapter.call(Executors.java:511)
	at java.util.concurrent.FutureTask.run(FutureTask.java:266)
	at java.util.concurrent.ThreadPoolExecutor.runWorker(ThreadPoolExecutor.java:1149)
	at java.util.concurrent.ThreadPoolExecutor$Worker.run(ThreadPoolExecutor.java:624)
	at java.lang.Thread.run(Thread.java:748)
2018-04-02 03:47:26,358 INFO  SysUtils - Error: Could not find or load main class org.gradle.wrapper.GradleWrapperMain

2018-04-02 03:47:26,375 INFO  ProjectTaskService - Detecting possible tasks...
2018-04-02 03:47:26,375 INFO  SysUtils - Execute command: [/tmp/rdisk/2475/src/Example/gradlew, -b, /tmp/rdisk/2475/src/Example/build.gradle, -Dorg.gradle.daemon=false, -Dorg.gradle.daemon.performance.enable-monitoring=false, -Dorg.gradle.configureondemand=true, tasks]
2018-04-02 03:47:26,492 ERROR ProjectTaskService - Could not detect possible Gradle tasks: Process exited with an error: 1 (Exit value: 1)
2018-04-02 03:47:26,492 INFO  ProjectTaskService - Detected possible tasks: 0
2018-04-02 03:47:26,493 INFO  ProjectTaskService - Excluded tasks (0): none
2018-04-02 03:47:26,493 INFO  SysUtils - Execute command: [/tmp/rdisk/2475/src/Example/gradlew, -b, /tmp/rdisk/2475/src/Example/build.gradle, -Dorg.gradle.daemon=false, -Dorg.gradle.daemon.performance.enable-monitoring=false, -Dorg.gradle.configureondemand=true, --stacktrace, build]
2018-04-02 03:47:26,594 ERROR SysUtils - Could not process external command
org.apache.commons.exec.ExecuteException: Process exited with an error: 1 (Exit value: 1)
	at org.apache.commons.exec.DefaultExecutor.executeInternal(DefaultExecutor.java:404)
	at org.apache.commons.exec.DefaultExecutor.execute(DefaultExecutor.java:166)
	at com.github.vbauer.apkmaster.util.SysUtils.execute(SysUtils.java:67)
	at com.github.vbauer.apkmaster.util.SysUtils.executeSimple(SysUtils.java:43)
	at com.github.vbauer.apkmaster.service.assembly.ProjectBuildService.buildProject(ProjectBuildService.java:78)
	at com.github.vbauer.apkmaster.service.assembly.ProjectBuildService.buildProject(ProjectBuildService.java:64)
	at com.github.vbauer.apkmaster.service.assembly.ProjectBuildService.buildProject(ProjectBuildService.java:43)
	at com.github.vbauer.apkmaster.service.FullProcessService.build(FullProcessService.java:84)
	at com.github.vbauer.apkmaster.service.FullProcessService.process(FullProcessService.java:34)
	at com.github.vbauer.apkmaster.app.MainApplication.process(MainApplication.java:38)
	at com.github.vbauer.apkmaster.app.MainApplication.main(MainApplication.java:20)
	at sun.reflect.GeneratedMethodAccessor9.invoke(Unknown Source)
	at sun.reflect.DelegatingMethodAccessorImpl.invoke(DelegatingMethodAccessorImpl.java:43)
	at java.lang.reflect.Method.invoke(Method.java:498)
	at com.android.arsenal.util.ReflectionUtils.invoke(ReflectionUtils.java:42)
	at com.android.arsenal.util.ApkMasterUtils.main(ApkMasterUtils.java:30)
	at com.android.arsenal.service.processor.impl.BuildProcessorServiceImpl.buildProject(BuildProcessorServiceImpl.java:197)
	at com.android.arsenal.service.processor.impl.BuildProcessorServiceImpl.build(BuildProcessorServiceImpl.java:131)
	at com.android.arsenal.service.processor.impl.BuildProcessorServiceImpl.lambda$null$1(BuildProcessorServiceImpl.java:114)
	at java.util.concurrent.FutureTask.run(FutureTask.java:266)
	at java.util.concurrent.Executors$RunnableAdapter.call(Executors.java:511)
	at java.util.concurrent.FutureTask.run(FutureTask.java:266)
	at java.util.concurrent.ThreadPoolExecutor.runWorker(ThreadPoolExecutor.java:1149)
	at java.util.concurrent.ThreadPoolExecutor$Worker.run(ThreadPoolExecutor.java:624)
	at java.lang.Thread.run(Thread.java:748)
2018-04-02 03:47:26,594 INFO  SysUtils - Error: Could not find or load main class org.gradle.wrapper.GradleWrapperMain

2018-04-02 03:47:26,612 INFO  ProjectTaskService - Detecting possible tasks...
2018-04-02 03:47:26,612 INFO  SysUtils - Execute command: [/tmp/rdisk/2475/src/gradlew, -b, /tmp/rdisk/2475/src/build.gradle, -Dorg.gradle.daemon=false, -Dorg.gradle.daemon.performance.enable-monitoring=false, -Dorg.gradle.configureondemand=true, tasks]
2018-04-02 03:47:26,717 ERROR ProjectTaskService - Could not detect possible Gradle tasks: Process exited with an error: 1 (Exit value: 1)
2018-04-02 03:47:26,717 INFO  ProjectTaskService - Detected possible tasks: 0
2018-04-02 03:47:26,717 INFO  ProjectTaskService - Excluded tasks (0): none
2018-04-02 03:47:26,717 INFO  SysUtils - Execute command: [/tmp/rdisk/2475/src/gradlew, -b, /tmp/rdisk/2475/src/build.gradle, -Dorg.gradle.daemon=false, -Dorg.gradle.daemon.performance.enable-monitoring=false, -Dorg.gradle.configureondemand=true, --stacktrace, build]
2018-04-02 03:47:26,822 ERROR SysUtils - Could not process external command
org.apache.commons.exec.ExecuteException: Process exited with an error: 1 (Exit value: 1)
	at org.apache.commons.exec.DefaultExecutor.executeInternal(DefaultExecutor.java:404)
	at org.apache.commons.exec.DefaultExecutor.execute(DefaultExecutor.java:166)
	at com.github.vbauer.apkmaster.util.SysUtils.execute(SysUtils.java:67)
	at com.github.vbauer.apkmaster.util.SysUtils.executeSimple(SysUtils.java:43)
	at com.github.vbauer.apkmaster.service.assembly.ProjectBuildService.buildProject(ProjectBuildService.java:78)
	at com.github.vbauer.apkmaster.service.assembly.ProjectBuildService.buildProject(ProjectBuildService.java:64)
	at com.github.vbauer.apkmaster.service.assembly.ProjectBuildService.buildProject(ProjectBuildService.java:43)
	at com.github.vbauer.apkmaster.service.FullProcessService.build(FullProcessService.java:84)
	at com.github.vbauer.apkmaster.service.FullProcessService.process(FullProcessService.java:34)
	at com.github.vbauer.apkmaster.app.MainApplication.process(MainApplication.java:38)
	at com.github.vbauer.apkmaster.app.MainApplication.main(MainApplication.java:20)
	at sun.reflect.GeneratedMethodAccessor9.invoke(Unknown Source)
	at sun.reflect.DelegatingMethodAccessorImpl.invoke(DelegatingMethodAccessorImpl.java:43)
	at java.lang.reflect.Method.invoke(Method.java:498)
	at com.android.arsenal.util.ReflectionUtils.invoke(ReflectionUtils.java:42)
	at com.android.arsenal.util.ApkMasterUtils.main(ApkMasterUtils.java:30)
	at com.android.arsenal.service.processor.impl.BuildProcessorServiceImpl.buildProject(BuildProcessorServiceImpl.java:197)
	at com.android.arsenal.service.processor.impl.BuildProcessorServiceImpl.build(BuildProcessorServiceImpl.java:131)
	at com.android.arsenal.service.processor.impl.BuildProcessorServiceImpl.lambda$null$1(BuildProcessorServiceImpl.java:114)
	at java.util.concurrent.FutureTask.run(FutureTask.java:266)
	at java.util.concurrent.Executors$RunnableAdapter.call(Executors.java:511)
	at java.util.concurrent.FutureTask.run(FutureTask.java:266)
	at java.util.concurrent.ThreadPoolExecutor.runWorker(ThreadPoolExecutor.java:1149)
	at java.util.concurrent.ThreadPoolExecutor$Worker.run(ThreadPoolExecutor.java:624)
	at java.lang.Thread.run(Thread.java:748)
2018-04-02 03:47:26,822 INFO  SysUtils - Error: Could not find or load main class org.gradle.wrapper.GradleWrapperMain

2018-04-02 03:47:26,840 ERROR FullProcessService - Project build has not produced APK file
2018-04-02 03:47:26,858 ERROR FullProcessService - Could not find generated or existed APK file
