2018-04-02 06:03:35,689 INFO  DownloadService - Downloading "https://github.com/rajyvan/Android-TrackingRingWidget/archive/master.zip", attempt 3
2018-04-02 06:04:36,296 INFO  GithubDownloadService - Could not find ZIP archive for master branch
2018-04-02 06:04:37,133 INFO  GithubDownloadService - Default branch of this repository: master
2018-04-02 06:04:37,133 INFO  DownloadService - Downloading "https://github.com/rajyvan/Android-TrackingRingWidget/archive/master.zip", attempt 3
2018-04-02 06:05:38,445 DEBUG FullProcessService - Repository https://github.com/rajyvan/Android-TrackingRingWidget available: true
2018-04-02 06:05:38,445 INFO  FullProcessService - Could not download ZIP file from Github, lets clone it
2018-04-02 06:05:38,445 INFO  SysUtils - Execute command: [git, clone, -q, --single-branch, --depth, 1, https://github.com/rajyvan/Android-TrackingRingWidget, /tmp/rdisk/2399/src]
2018-04-02 06:05:40,146 INFO  SysUtils - 
2018-04-02 06:05:40,159 INFO  GitService - Deleted "/tmp/rdisk/2399/src/.git": true
2018-04-02 06:05:40,161 INFO  FullProcessService - Size of directory with sources: 267 KB
2018-04-02 06:05:40,161 INFO  SysUtils - Execute command: [git, init, /tmp/rdisk/2399/src]
2018-04-02 06:05:40,165 INFO  SysUtils - Initialized empty Git repository in /tmp/rdisk/2399/src/.git/

2018-04-02 06:05:40,174 INFO  ProjectBuildService - Gradle wrapper(s): /tmp/rdisk/2399/src/gradlew
2018-04-02 06:05:40,176 INFO  ProjectBuildService - Build script(s): /tmp/rdisk/2399/src/library/build.gradle /tmp/rdisk/2399/src/sample/build.gradle /tmp/rdisk/2399/src/build.gradle
2018-04-02 06:05:40,178 INFO  ProjectBuildService - All script(s): /tmp/rdisk/2399/src/settings.gradle /tmp/rdisk/2399/src/sample/build.gradle /tmp/rdisk/2399/src/library/maven-push.gradle /tmp/rdisk/2399/src/library/build.gradle /tmp/rdisk/2399/src/build.gradle
2018-04-02 06:05:40,178 INFO  ProjectBuildService - Remote scripts: none
2018-04-02 06:05:40,178 INFO  ProjectFixService - Fixing project...
2018-04-02 06:05:40,184 INFO  LocalPropertiesFixService - Created fake /tmp/rdisk/2399/src/library/local.properties
2018-04-02 06:05:40,184 INFO  ProjectFixService - Build info for "/tmp/rdisk/2399/src/library/build.gradle": [buildToolsVersion=22.0.1,compileSdkVersion=22,minSdkVersion=15,targetSdkVersion=22]
2018-04-02 06:05:40,184 INFO  LocalPropertiesFixService - Created fake /tmp/rdisk/2399/src/sample/local.properties
2018-04-02 06:05:40,185 INFO  ProjectFixService - Build info for "/tmp/rdisk/2399/src/sample/build.gradle": [buildToolsVersion=22.0.1,compileSdkVersion=22,minSdkVersion=15,targetSdkVersion=22]
2018-04-02 06:05:40,185 INFO  LocalPropertiesFixService - Created fake /tmp/rdisk/2399/src/local.properties
2018-04-02 06:05:40,185 INFO  WrapperPropertiesFixService - Gradle wrapper: https://services.gradle.org/distributions/gradle-2.4-all.zip
2018-04-02 06:05:40,185 INFO  WrapperPropertiesFixService - Gradle wrapper was changed from "-all.zip" to "-bin.zip" (https://services.gradle.org/distributions/gradle-2.4-bin.zip)
2018-04-02 06:05:40,186 INFO  ProjectFixService - Build info for "/tmp/rdisk/2399/src/build.gradle": [buildToolsVersion=22.0.1,compileSdkVersion=22,minSdkVersion=15,targetSdkVersion=22]
2018-04-02 06:05:40,186 INFO  ProjectFixService - Project was maybe fixed
2018-04-02 06:05:40,186 INFO  ProjectTaskService - Detecting possible tasks...
2018-04-02 06:05:40,186 INFO  SysUtils - Execute command: [/tmp/rdisk/2399/src/gradlew, -b, /tmp/rdisk/2399/src/library/build.gradle, -Dorg.gradle.daemon=false, -Dorg.gradle.daemon.performance.enable-monitoring=false, -Dorg.gradle.configureondemand=true, tasks]
2018-04-02 06:05:51,146 ERROR ProjectTaskService - Could not detect possible Gradle tasks: Process exited with an error: 1 (Exit value: 1)
2018-04-02 06:05:51,146 INFO  ProjectTaskService - Detected possible tasks: 0
2018-04-02 06:05:51,146 INFO  ProjectTaskService - Excluded tasks (0): none
2018-04-02 06:05:51,146 INFO  SysUtils - Execute command: [/tmp/rdisk/2399/src/gradlew, -b, /tmp/rdisk/2399/src/library/build.gradle, -Dorg.gradle.daemon=false, -Dorg.gradle.daemon.performance.enable-monitoring=false, -Dorg.gradle.configureondemand=true, --stacktrace, build]
2018-04-02 06:05:57,149 ERROR SysUtils - Could not process external command
org.apache.commons.exec.ExecuteException: Process exited with an error: 1 (Exit value: 1)
	at org.apache.commons.exec.DefaultExecutor.executeInternal(DefaultExecutor.java:404)
	at org.apache.commons.exec.DefaultExecutor.execute(DefaultExecutor.java:166)
	at com.github.vbauer.apkmaster.util.SysUtils.execute(SysUtils.java:67)
	at com.github.vbauer.apkmaster.util.SysUtils.executeSimple(SysUtils.java:43)
	at com.github.vbauer.apkmaster.service.assembly.ProjectBuildService.buildProject(ProjectBuildService.java:78)
	at com.github.vbauer.apkmaster.service.assembly.ProjectBuildService.buildProject(ProjectBuildService.java:64)
	at com.github.vbauer.apkmaster.service.assembly.ProjectBuildService.buildProject(ProjectBuildService.java:43)
	at com.github.vbauer.apkmaster.service.FullProcessService.build(FullProcessService.java:84)
	at com.github.vbauer.apkmaster.service.FullProcessService.process(FullProcessService.java:34)
	at com.github.vbauer.apkmaster.app.MainApplication.process(MainApplication.java:38)
	at com.github.vbauer.apkmaster.app.MainApplication.main(MainApplication.java:20)
	at sun.reflect.GeneratedMethodAccessor9.invoke(Unknown Source)
	at sun.reflect.DelegatingMethodAccessorImpl.invoke(DelegatingMethodAccessorImpl.java:43)
	at java.lang.reflect.Method.invoke(Method.java:498)
	at com.android.arsenal.util.ReflectionUtils.invoke(ReflectionUtils.java:42)
	at com.android.arsenal.util.ApkMasterUtils.main(ApkMasterUtils.java:30)
	at com.android.arsenal.service.processor.impl.BuildProcessorServiceImpl.buildProject(BuildProcessorServiceImpl.java:197)
	at com.android.arsenal.service.processor.impl.BuildProcessorServiceImpl.build(BuildProcessorServiceImpl.java:131)
	at com.android.arsenal.service.processor.impl.BuildProcessorServiceImpl.lambda$null$1(BuildProcessorServiceImpl.java:114)
	at java.util.concurrent.FutureTask.run(FutureTask.java:266)
	at java.util.concurrent.Executors$RunnableAdapter.call(Executors.java:511)
	at java.util.concurrent.FutureTask.run(FutureTask.java:266)
	at java.util.concurrent.ThreadPoolExecutor.runWorker(ThreadPoolExecutor.java:1149)
	at java.util.concurrent.ThreadPoolExecutor$Worker.run(ThreadPoolExecutor.java:624)
	at java.lang.Thread.run(Thread.java:748)
2018-04-02 06:05:57,149 INFO  SysUtils - Configuration on demand is an incubating feature.

FAILURE: Build failed with an exception.

* Where:
Script '/tmp/rdisk/2399/src/library/maven-push.gradle' line: 48

* What went wrong:
A problem occurred configuring project ':library'.
> No such property: GROUP for class: org.gradle.api.publication.maven.internal.deployer.DefaultGroovyMavenDeployer

* Try:
Run with --info or --debug option to get more log output.

* Exception is:
org.gradle.api.ProjectConfigurationException: A problem occurred configuring project ':library'.
	at org.gradle.configuration.project.LifecycleProjectEvaluator.addConfigurationFailure(LifecycleProjectEvaluator.java:79)
	at org.gradle.configuration.project.LifecycleProjectEvaluator.notifyAfterEvaluate(LifecycleProjectEvaluator.java:74)
	at org.gradle.configuration.project.LifecycleProjectEvaluator.evaluate(LifecycleProjectEvaluator.java:61)
	at org.gradle.api.internal.project.AbstractProject.evaluate(AbstractProject.java:487)
	at org.gradle.api.internal.project.AbstractProject.evaluate(AbstractProject.java:85)
	at org.gradle.execution.TaskPathProjectEvaluator.configureHierarchy(TaskPathProjectEvaluator.java:42)
	at org.gradle.execution.TaskSelector.getSelection(TaskSelector.java:84)
	at org.gradle.execution.TaskSelector.getSelection(TaskSelector.java:75)
	at org.gradle.execution.commandline.CommandLineTaskParser.parseTasks(CommandLineTaskParser.java:42)
	at org.gradle.execution.TaskNameResolvingBuildConfigurationAction.configure(TaskNameResolvingBuildConfigurationAction.java:44)
	at org.gradle.execution.DefaultBuildExecuter.configure(DefaultBuildExecuter.java:42)
	at org.gradle.execution.DefaultBuildExecuter.access$100(DefaultBuildExecuter.java:23)
	at org.gradle.execution.DefaultBuildExecuter$1.proceed(DefaultBuildExecuter.java:48)
	at org.gradle.execution.ExcludedTaskFilteringBuildConfigurationAction.configure(ExcludedTaskFilteringBuildConfigurationAction.java:47)
	at org.gradle.execution.DefaultBuildExecuter.configure(DefaultBuildExecuter.java:42)
	at org.gradle.execution.DefaultBuildExecuter.access$100(DefaultBuildExecuter.java:23)
	at org.gradle.execution.DefaultBuildExecuter$1.proceed(DefaultBuildExecuter.java:48)
	at org.gradle.execution.DefaultTasksBuildExecutionAction.configure(DefaultTasksBuildExecutionAction.java:44)
	at org.gradle.execution.DefaultBuildExecuter.configure(DefaultBuildExecuter.java:42)
	at org.gradle.execution.DefaultBuildExecuter.select(DefaultBuildExecuter.java:35)
	at org.gradle.initialization.DefaultGradleLauncher.doBuildStages(DefaultGradleLauncher.java:142)
	at org.gradle.initialization.DefaultGradleLauncher.doBuild(DefaultGradleLauncher.java:106)
	at org.gradle.initialization.DefaultGradleLauncher.run(DefaultGradleLauncher.java:86)
	at org.gradle.launcher.exec.InProcessBuildActionExecuter$DefaultBuildController.run(InProcessBuildActionExecuter.java:90)
	at org.gradle.tooling.internal.provider.ExecuteBuildActionRunner.run(ExecuteBuildActionRunner.java:28)
	at org.gradle.launcher.exec.ChainingBuildActionRunner.run(ChainingBuildActionRunner.java:35)
	at org.gradle.launcher.exec.InProcessBuildActionExecuter.execute(InProcessBuildActionExecuter.java:41)
	at org.gradle.launcher.exec.InProcessBuildActionExecuter.execute(InProcessBuildActionExecuter.java:28)
	at org.gradle.launcher.exec.DaemonUsageSuggestingBuildActionExecuter.execute(DaemonUsageSuggestingBuildActionExecuter.java:50)
	at org.gradle.launcher.exec.DaemonUsageSuggestingBuildActionExecuter.execute(DaemonUsageSuggestingBuildActionExecuter.java:27)
	at org.gradle.launcher.cli.RunBuildAction.run(RunBuildAction.java:40)
	at org.gradle.internal.Actions$RunnableActionAdapter.execute(Actions.java:169)
	at org.gradle.launcher.cli.CommandLineActionFactory$ParseAndBuildAction.execute(CommandLineActionFactory.java:237)
	at org.gradle.launcher.cli.CommandLineActionFactory$ParseAndBuildAction.execute(CommandLineActionFactory.java:210)
	at org.gradle.launcher.cli.JavaRuntimeValidationAction.execute(JavaRuntimeValidationAction.java:35)
	at org.gradle.launcher.cli.JavaRuntimeValidationAction.execute(JavaRuntimeValidationAction.java:24)
	at org.gradle.launcher.cli.CommandLineActionFactory$WithLogging.execute(CommandLineActionFactory.java:206)
	at org.gradle.launcher.cli.CommandLineActionFactory$WithLogging.execute(CommandLineActionFactory.java:169)
	at org.gradle.launcher.cli.ExceptionReportingAction.execute(ExceptionReportingAction.java:33)
	at org.gradle.launcher.cli.ExceptionReportingAction.execute(ExceptionReportingAction.java:22)
	at org.gradle.launcher.Main.doAction(Main.java:33)
	at org.gradle.launcher.bootstrap.EntryPoint.run(EntryPoint.java:45)
	at org.gradle.launcher.bootstrap.ProcessBootstrap.runNoExit(ProcessBootstrap.java:54)
	at org.gradle.launcher.bootstrap.ProcessBootstrap.run(ProcessBootstrap.java:35)
	at org.gradle.launcher.GradleMain.main(GradleMain.java:23)
	at org.gradle.wrapper.BootstrapMainStarter.start(BootstrapMainStarter.java:33)
	at org.gradle.wrapper.WrapperExecutor.execute(WrapperExecutor.java:130)
	at org.gradle.wrapper.GradleWrapperMain.main(GradleWrapperMain.java:48)
Caused by: groovy.lang.MissingPropertyException: No such property: GROUP for class: org.gradle.api.publication.maven.internal.deployer.DefaultGroovyMavenDeployer
	at maven_push_7fpwdlknxkqzxte5vqeo014wf$_run_closure1_closure2_closure6_closure7.doCall(/tmp/rdisk/2399/src/library/maven-push.gradle:48)
	at org.gradle.api.internal.ClosureBackedAction.execute(ClosureBackedAction.java:67)
	at org.gradle.api.internal.artifacts.DefaultArtifactRepositoryContainer.addRepository(DefaultArtifactRepositoryContainer.java:87)
	at org.gradle.api.publication.maven.internal.DefaultMavenRepositoryHandlerConvention.mavenDeployer(DefaultMavenRepositoryHandlerConvention.java:43)
	at org.gradle.api.internal.BeanDynamicObject$MetaClassAdapter.invokeMethod(BeanDynamicObject.java:232)
	at org.gradle.api.internal.BeanDynamicObject.invokeMethod(BeanDynamicObject.java:127)
	at org.gradle.api.internal.plugins.DefaultConvention$ExtensionsDynamicObject.invokeMethod(DefaultConvention.java:212)
	at org.gradle.api.internal.CompositeDynamicObject.invokeMethod(CompositeDynamicObject.java:150)
	at org.gradle.api.internal.CompositeDynamicObject.invokeMethod(CompositeDynamicObject.java:150)
	at org.gradle.api.internal.artifacts.dsl.DefaultRepositoryHandler_Decorated.invokeMethod(Unknown Source)
	at maven_push_7fpwdlknxkqzxte5vqeo014wf$_run_closure1_closure2_closure6.doCall(/tmp/rdisk/2399/src/library/maven-push.gradle:45)
	at org.gradle.api.internal.ClosureBackedAction.execute(ClosureBackedAction.java:67)
	at org.gradle.util.ConfigureUtil.configure(ConfigureUtil.java:130)
	at org.gradle.util.ConfigureUtil.configure(ConfigureUtil.java:110)
	at org.gradle.api.internal.artifacts.DefaultArtifactRepositoryContainer.configure(DefaultArtifactRepositoryContainer.java:66)
	at org.gradle.api.internal.artifacts.DefaultArtifactRepositoryContainer.configure(DefaultArtifactRepositoryContainer.java:33)
	at org.gradle.api.internal.ClosureBackedAction.execute(ClosureBackedAction.java:59)
	at org.gradle.util.ConfigureUtil.configure(ConfigureUtil.java:130)
	at org.gradle.util.ConfigureUtil.configure(ConfigureUtil.java:91)
	at org.gradle.api.tasks.Upload.repositories(Upload.java:118)
	at maven_push_7fpwdlknxkqzxte5vqeo014wf$_run_closure1_closure2.doCall(/tmp/rdisk/2399/src/library/maven-push.gradle:44)
	at org.gradle.api.internal.ClosureBackedAction.execute(ClosureBackedAction.java:67)
	at org.gradle.util.ConfigureUtil.configure(ConfigureUtil.java:130)
	at org.gradle.util.ConfigureUtil.configure(ConfigureUtil.java:110)
	at org.gradle.api.internal.AbstractTask.configure(AbstractTask.java:492)
	at org.gradle.api.internal.AbstractTask.configure(AbstractTask.java:58)
	at org.gradle.api.internal.ClosureBackedAction.execute(ClosureBackedAction.java:59)
	at org.gradle.util.ConfigureUtil.configure(ConfigureUtil.java:130)
	at org.gradle.util.ConfigureUtil.configure(ConfigureUtil.java:91)
	at org.gradle.api.internal.DefaultNamedDomainObjectCollection$ContainerElementsDynamicObject.invokeMethod(DefaultNamedDomainObjectCollection.java:341)
	at org.gradle.api.internal.CompositeDynamicObject.invokeMethod(CompositeDynamicObject.java:150)
	at org.gradle.groovy.scripts.BasicScript.methodMissing(BasicScript.java:79)
	at maven_push_7fpwdlknxkqzxte5vqeo014wf$_run_closure1.doCall(/tmp/rdisk/2399/src/library/maven-push.gradle:43)
	at org.gradle.listener.ClosureBackedMethodInvocationDispatch.dispatch(ClosureBackedMethodInvocationDispatch.java:40)
	at org.gradle.listener.ClosureBackedMethodInvocationDispatch.dispatch(ClosureBackedMethodInvocationDispatch.java:25)
	at org.gradle.internal.event.BroadcastDispatch.dispatch(BroadcastDispatch.java:87)
	at org.gradle.internal.event.BroadcastDispatch.dispatch(BroadcastDispatch.java:31)
	at org.gradle.messaging.dispatch.ProxyDispatchAdapter$DispatchingInvocationHandler.invoke(ProxyDispatchAdapter.java:93)
	at com.sun.proxy.$Proxy11.afterEvaluate(Unknown Source)
	at org.gradle.configuration.project.LifecycleProjectEvaluator.notifyAfterEvaluate(LifecycleProjectEvaluator.java:67)
	... 46 more


BUILD FAILED

Total time: 5.57 secs

2018-04-02 06:05:57,151 INFO  ProjectTaskService - Detecting possible tasks...
2018-04-02 06:05:57,151 INFO  SysUtils - Execute command: [/tmp/rdisk/2399/src/gradlew, -b, /tmp/rdisk/2399/src/sample/build.gradle, -Dorg.gradle.daemon=false, -Dorg.gradle.daemon.performance.enable-monitoring=false, -Dorg.gradle.configureondemand=true, tasks]
2018-04-02 06:06:04,295 ERROR ProjectTaskService - Could not detect possible Gradle tasks: Process exited with an error: 1 (Exit value: 1)
2018-04-02 06:06:04,295 INFO  ProjectTaskService - Detected possible tasks: 0
2018-04-02 06:06:04,296 INFO  ProjectTaskService - Excluded tasks (0): none
2018-04-02 06:06:04,296 INFO  SysUtils - Execute command: [/tmp/rdisk/2399/src/gradlew, -b, /tmp/rdisk/2399/src/sample/build.gradle, -Dorg.gradle.daemon=false, -Dorg.gradle.daemon.performance.enable-monitoring=false, -Dorg.gradle.configureondemand=true, --stacktrace, build]
2018-04-02 06:06:34,250 INFO  SysUtils - Configuration on demand is an incubating feature.
:sample:preBuild UP-TO-DATE
:sample:preDebugBuild UP-TO-DATE
:sample:checkDebugManifest
:sample:preReleaseBuild UP-TO-DATE
:sample:prepareComAndroidSupportAppcompatV72220Library
:sample:prepareComAndroidSupportSupportV42220Library
:sample:prepareComGithubRajyvanTrackingRingWidget10Library
:sample:prepareDebugDependencies
:sample:compileDebugAidl
:sample:compileDebugRenderscript
:sample:generateDebugBuildConfig
:sample:generateDebugAssets UP-TO-DATE
:sample:mergeDebugAssets
:sample:generateDebugResValues
:sample:generateDebugResources
:sample:mergeDebugResources
:sample:processDebugManifest
:sample:processDebugResources
:sample:generateDebugSources
:sample:processDebugJavaRes UP-TO-DATE
:sample:compileDebugJavaNote: /tmp/rdisk/2399/src/sample/src/main/java/mg/yra/trackingringwidget/MainActivity.java uses or overrides a deprecated API.
Note: Recompile with -Xlint:deprecation for details.

:sample:compileDebugNdk UP-TO-DATE
:sample:compileDebugSources
:sample:preDexDebug
:sample:dexDebug
:sample:validateDebugSigning
:sample:packageDebug
:sample:zipalignDebug
:sample:assembleDebug
:sample:checkReleaseManifest
:sample:prepareReleaseDependencies
:sample:compileReleaseAidl
:sample:compileReleaseRenderscript
:sample:generateReleaseBuildConfig
:sample:generateReleaseAssets UP-TO-DATE
:sample:mergeReleaseAssets
:sample:generateReleaseResValues
:sample:generateReleaseResources
:sample:mergeReleaseResources
:sample:processReleaseManifest
:sample:processReleaseResources
:sample:generateReleaseSources
:sample:processReleaseJavaRes UP-TO-DATE
:sample:compileReleaseJavaNote: /tmp/rdisk/2399/src/sample/src/main/java/mg/yra/trackingringwidget/MainActivity.java uses or overrides a deprecated API.
Note: Recompile with -Xlint:deprecation for details.

:sample:compileReleaseNdk UP-TO-DATE
:sample:compileReleaseSources
:sample:lintVitalRelease SKIPPED
:sample:preDexRelease
:sample:dexRelease
:sample:packageRelease
:sample:assembleRelease
:sample:assemble
:sample:compileLint
:sample:lint
Ran lint on variant debug: 2 issues found
Ran lint on variant release: 2 issues found
Wrote HTML report to file:/tmp/rdisk/2399/src/sample/build/outputs/lint-results.html
Wrote XML report to /tmp/rdisk/2399/src/sample/build/outputs/lint-results.xml
:sample:preCompileDebugUnitTestJava
:sample:preDebugUnitTestBuild UP-TO-DATE
:sample:prepareDebugUnitTestDependencies
:sample:processDebugUnitTestJavaRes UP-TO-DATE
:sample:compileDebugUnitTestJava UP-TO-DATE
:sample:compileDebugUnitTestSources UP-TO-DATE
:sample:mockableAndroidJar
:sample:assembleDebugUnitTest
:sample:testDebug
:sample:preCompileReleaseUnitTestJava
:sample:preReleaseUnitTestBuild UP-TO-DATE
:sample:prepareReleaseUnitTestDependencies
:sample:processReleaseUnitTestJavaRes UP-TO-DATE
:sample:compileReleaseUnitTestJava UP-TO-DATE
:sample:compileReleaseUnitTestSources UP-TO-DATE
:sample:assembleReleaseUnitTest
:sample:testRelease
:sample:test
:sample:check
:sample:build

BUILD SUCCESSFUL

Total time: 29.514 secs

2018-04-02 06:06:34,285 INFO  FullProcessService - Found APK file: /tmp/rdisk/2399/src/sample/build/outputs/apk/sample-release-unsigned.apk
