2018-04-02 13:19:36,098 INFO  DownloadService - Downloading "https://github.com/kingideayou/SlideBottomPanel/archive/master.zip", attempt 3
2018-04-02 13:19:41,341 INFO  DownloadService - Downloaded https://github.com/kingideayou/SlideBottomPanel/archive/master.zip, attempt 3
2018-04-02 13:19:41,341 INFO  DownloadService - Size of file "/tmp/rdisk/2294/master.zip": 19 MB
2018-04-02 13:19:41,341 INFO  ArchiveUtils - Checking entries [.gradle] in ZIP file...
2018-04-02 13:19:41,342 INFO  ArchiveUtils - Has entries [.gradle] in ZIP file /tmp/rdisk/2294/master.zip: true
2018-04-02 13:19:41,342 DEBUG ZipUtil - Extracting '/tmp/rdisk/2294/master.zip' into '/tmp/rdisk/2294/src'.
2018-04-02 13:19:41,440 INFO  FullProcessService - Size of directory with sources: 20 MB
2018-04-02 13:19:41,440 INFO  SysUtils - Execute command: [git, init, /tmp/rdisk/2294/src]
2018-04-02 13:19:41,445 INFO  SysUtils - Initialized empty Git repository in /tmp/rdisk/2294/src/.git/

2018-04-02 13:19:41,448 INFO  ProjectBuildService - Gradle wrapper(s): /tmp/rdisk/2294/src/SlideBottomPanel-master/gradlew
2018-04-02 13:19:41,455 INFO  ProjectBuildService - Build script(s): /tmp/rdisk/2294/src/SlideBottomPanel-master/SlideBottomPanel/build.gradle /tmp/rdisk/2294/src/SlideBottomPanel-master/app/build.gradle /tmp/rdisk/2294/src/SlideBottomPanel-master/build.gradle
2018-04-02 13:19:41,458 INFO  ProjectBuildService - All script(s): /tmp/rdisk/2294/src/SlideBottomPanel-master/settings.gradle /tmp/rdisk/2294/src/SlideBottomPanel-master/build.gradle /tmp/rdisk/2294/src/SlideBottomPanel-master/app/build.gradle /tmp/rdisk/2294/src/SlideBottomPanel-master/SlideBottomPanel/build.gradle
2018-04-02 13:19:41,459 INFO  ProjectBuildService - Remote scripts: none
2018-04-02 13:19:41,459 INFO  ProjectFixService - Fixing project...
2018-04-02 13:19:41,467 INFO  LocalPropertiesFixService - Created fake /tmp/rdisk/2294/src/SlideBottomPanel-master/SlideBottomPanel/local.properties
2018-04-02 13:19:41,468 INFO  ProjectFixService - Build info for "/tmp/rdisk/2294/src/SlideBottomPanel-master/SlideBottomPanel/build.gradle": [buildToolsVersion=22.0.1,compileSdkVersion=22,minSdkVersion=14,targetSdkVersion=22]
2018-04-02 13:19:41,468 INFO  LocalPropertiesFixService - Created fake /tmp/rdisk/2294/src/SlideBottomPanel-master/app/local.properties
2018-04-02 13:19:41,468 INFO  ProjectFixService - Build info for "/tmp/rdisk/2294/src/SlideBottomPanel-master/app/build.gradle": [buildToolsVersion=22.0.1,compileSdkVersion=22,minSdkVersion=15,targetSdkVersion=22]
2018-04-02 13:19:41,469 INFO  LocalPropertiesFixService - Created fake /tmp/rdisk/2294/src/SlideBottomPanel-master/local.properties
2018-04-02 13:19:41,469 INFO  WrapperPropertiesFixService - Gradle wrapper: https://services.gradle.org/distributions/gradle-2.2.1-all.zip
2018-04-02 13:19:41,469 INFO  WrapperPropertiesFixService - Gradle wrapper was changed from "-all.zip" to "-bin.zip" (https://services.gradle.org/distributions/gradle-2.2.1-bin.zip)
2018-04-02 13:19:41,470 INFO  ProjectFixService - Build info for "/tmp/rdisk/2294/src/SlideBottomPanel-master/build.gradle": [buildToolsVersion=22.0.1,compileSdkVersion=22,minSdkVersion=15,targetSdkVersion=22]
2018-04-02 13:19:41,470 INFO  ProjectFixService - Project was maybe fixed
2018-04-02 13:19:41,470 INFO  ProjectTaskService - Detecting possible tasks...
2018-04-02 13:19:41,471 INFO  SysUtils - Execute command: [/tmp/rdisk/2294/src/SlideBottomPanel-master/gradlew, -b, /tmp/rdisk/2294/src/SlideBottomPanel-master/SlideBottomPanel/build.gradle, -Dorg.gradle.daemon=false, -Dorg.gradle.daemon.performance.enable-monitoring=false, -Dorg.gradle.configureondemand=true, tasks]
2018-04-02 13:19:49,389 ERROR ProjectTaskService - Could not detect possible Gradle tasks: Process exited with an error: 1 (Exit value: 1)
2018-04-02 13:19:49,389 INFO  ProjectTaskService - Detected possible tasks: 0
2018-04-02 13:19:49,389 INFO  ProjectTaskService - Excluded tasks (0): none
2018-04-02 13:19:49,389 INFO  SysUtils - Execute command: [/tmp/rdisk/2294/src/SlideBottomPanel-master/gradlew, -b, /tmp/rdisk/2294/src/SlideBottomPanel-master/SlideBottomPanel/build.gradle, -Dorg.gradle.daemon=false, -Dorg.gradle.daemon.performance.enable-monitoring=false, -Dorg.gradle.configureondemand=true, --stacktrace, build]
2018-04-02 13:19:58,041 ERROR SysUtils - Could not process external command
org.apache.commons.exec.ExecuteException: Process exited with an error: 1 (Exit value: 1)
	at org.apache.commons.exec.DefaultExecutor.executeInternal(DefaultExecutor.java:404)
	at org.apache.commons.exec.DefaultExecutor.execute(DefaultExecutor.java:166)
	at com.github.vbauer.apkmaster.util.SysUtils.execute(SysUtils.java:67)
	at com.github.vbauer.apkmaster.util.SysUtils.executeSimple(SysUtils.java:43)
	at com.github.vbauer.apkmaster.service.assembly.ProjectBuildService.buildProject(ProjectBuildService.java:78)
	at com.github.vbauer.apkmaster.service.assembly.ProjectBuildService.buildProject(ProjectBuildService.java:64)
	at com.github.vbauer.apkmaster.service.assembly.ProjectBuildService.buildProject(ProjectBuildService.java:43)
	at com.github.vbauer.apkmaster.service.FullProcessService.build(FullProcessService.java:84)
	at com.github.vbauer.apkmaster.service.FullProcessService.process(FullProcessService.java:34)
	at com.github.vbauer.apkmaster.app.MainApplication.process(MainApplication.java:38)
	at com.github.vbauer.apkmaster.app.MainApplication.main(MainApplication.java:20)
	at sun.reflect.GeneratedMethodAccessor8.invoke(Unknown Source)
	at sun.reflect.DelegatingMethodAccessorImpl.invoke(DelegatingMethodAccessorImpl.java:43)
	at java.lang.reflect.Method.invoke(Method.java:498)
	at com.android.arsenal.util.ReflectionUtils.invoke(ReflectionUtils.java:42)
	at com.android.arsenal.util.ApkMasterUtils.main(ApkMasterUtils.java:30)
	at com.android.arsenal.service.processor.impl.BuildProcessorServiceImpl.buildProject(BuildProcessorServiceImpl.java:197)
	at com.android.arsenal.service.processor.impl.BuildProcessorServiceImpl.build(BuildProcessorServiceImpl.java:131)
	at com.android.arsenal.service.processor.impl.BuildProcessorServiceImpl.lambda$null$1(BuildProcessorServiceImpl.java:114)
	at java.util.concurrent.FutureTask.run(FutureTask.java:266)
	at java.util.concurrent.Executors$RunnableAdapter.call(Executors.java:511)
	at java.util.concurrent.FutureTask.run(FutureTask.java:266)
	at java.util.concurrent.ThreadPoolExecutor.runWorker(ThreadPoolExecutor.java:1149)
	at java.util.concurrent.ThreadPoolExecutor$Worker.run(ThreadPoolExecutor.java:624)
	at java.lang.Thread.run(Thread.java:748)
2018-04-02 13:19:58,042 INFO  SysUtils - Configuration on demand is an incubating feature.
:SlideBottomPanel:compileLint
:SlideBottomPanel:copyDebugLint UP-TO-DATE
:SlideBottomPanel:preBuild UP-TO-DATE
:SlideBottomPanel:preDebugBuild UP-TO-DATE
:SlideBottomPanel:checkDebugManifest
:SlideBottomPanel:preDebugAndroidTestBuild UP-TO-DATE
:SlideBottomPanel:preDebugUnitTestBuild UP-TO-DATE
:SlideBottomPanel:preReleaseBuild UP-TO-DATE
:SlideBottomPanel:preReleaseUnitTestBuild UP-TO-DATE
:SlideBottomPanel:prepareComAndroidSupportAppcompatV72221Library
:SlideBottomPanel:prepareComAndroidSupportSupportV42221Library
:SlideBottomPanel:prepareDebugDependencies
:SlideBottomPanel:compileDebugAidl
:SlideBottomPanel:compileDebugRenderscript
:SlideBottomPanel:generateDebugBuildConfig
:SlideBottomPanel:generateDebugAssets UP-TO-DATE
:SlideBottomPanel:mergeDebugAssets
:SlideBottomPanel:generateDebugResValues
:SlideBottomPanel:generateDebugResources
:SlideBottomPanel:mergeDebugResources
:SlideBottomPanel:processDebugManifest
:SlideBottomPanel:processDebugResources
:SlideBottomPanel:generateDebugSources
:SlideBottomPanel:processDebugJavaRes UP-TO-DATE
:SlideBottomPanel:compileDebugJava/tmp/rdisk/2294/src/SlideBottomPanel-master/SlideBottomPanel/src/main/java/me/next/slidebottompanel/SlideBottomPanel.java:133: error: incomparable types: Object and int
            } else if (childView.getTag() == TAG_BACKGROUND){
                                          ^
1 error
 FAILED

FAILURE: Build failed with an exception.

* What went wrong:
Execution failed for task ':SlideBottomPanel:compileDebugJava'.
> Compilation failed; see the compiler error output for details.

* Try:
Run with --info or --debug option to get more log output.

* Exception is:
org.gradle.api.tasks.TaskExecutionException: Execution failed for task ':SlideBottomPanel:compileDebugJava'.
	at org.gradle.api.internal.tasks.execution.ExecuteActionsTaskExecuter.executeActions(ExecuteActionsTaskExecuter.java:69)
	at org.gradle.api.internal.tasks.execution.ExecuteActionsTaskExecuter.execute(ExecuteActionsTaskExecuter.java:46)
	at org.gradle.api.internal.tasks.execution.PostExecutionAnalysisTaskExecuter.execute(PostExecutionAnalysisTaskExecuter.java:35)
	at org.gradle.api.internal.tasks.execution.SkipUpToDateTaskExecuter.execute(SkipUpToDateTaskExecuter.java:64)
	at org.gradle.api.internal.tasks.execution.ValidatingTaskExecuter.execute(ValidatingTaskExecuter.java:58)
	at org.gradle.api.internal.tasks.execution.SkipEmptySourceFilesTaskExecuter.execute(SkipEmptySourceFilesTaskExecuter.java:42)
	at org.gradle.api.internal.tasks.execution.SkipTaskWithNoActionsExecuter.execute(SkipTaskWithNoActionsExecuter.java:52)
	at org.gradle.api.internal.tasks.execution.SkipOnlyIfTaskExecuter.execute(SkipOnlyIfTaskExecuter.java:53)
	at org.gradle.api.internal.tasks.execution.ExecuteAtMostOnceTaskExecuter.execute(ExecuteAtMostOnceTaskExecuter.java:43)
	at org.gradle.api.internal.AbstractTask.executeWithoutThrowingTaskFailure(AbstractTask.java:305)
	at org.gradle.execution.taskgraph.AbstractTaskPlanExecutor$TaskExecutorWorker.executeTask(AbstractTaskPlanExecutor.java:79)
	at org.gradle.execution.taskgraph.AbstractTaskPlanExecutor$TaskExecutorWorker.processTask(AbstractTaskPlanExecutor.java:63)
	at org.gradle.execution.taskgraph.AbstractTaskPlanExecutor$TaskExecutorWorker.run(AbstractTaskPlanExecutor.java:51)
	at org.gradle.execution.taskgraph.DefaultTaskPlanExecutor.process(DefaultTaskPlanExecutor.java:23)
	at org.gradle.execution.taskgraph.DefaultTaskGraphExecuter.execute(DefaultTaskGraphExecuter.java:88)
	at org.gradle.execution.SelectedTaskExecutionAction.execute(SelectedTaskExecutionAction.java:29)
	at org.gradle.execution.DefaultBuildExecuter.execute(DefaultBuildExecuter.java:62)
	at org.gradle.execution.DefaultBuildExecuter.access$200(DefaultBuildExecuter.java:23)
	at org.gradle.execution.DefaultBuildExecuter$2.proceed(DefaultBuildExecuter.java:68)
	at org.gradle.execution.DryRunBuildExecutionAction.execute(DryRunBuildExecutionAction.java:32)
	at org.gradle.execution.DefaultBuildExecuter.execute(DefaultBuildExecuter.java:62)
	at org.gradle.execution.DefaultBuildExecuter.execute(DefaultBuildExecuter.java:55)
	at org.gradle.initialization.DefaultGradleLauncher.doBuildStages(DefaultGradleLauncher.java:149)
	at org.gradle.initialization.DefaultGradleLauncher.doBuild(DefaultGradleLauncher.java:106)
	at org.gradle.initialization.DefaultGradleLauncher.run(DefaultGradleLauncher.java:86)
	at org.gradle.launcher.exec.InProcessBuildActionExecuter$DefaultBuildController.run(InProcessBuildActionExecuter.java:80)
	at org.gradle.launcher.cli.ExecuteBuildAction.run(ExecuteBuildAction.java:33)
	at org.gradle.launcher.cli.ExecuteBuildAction.run(ExecuteBuildAction.java:24)
	at org.gradle.launcher.exec.InProcessBuildActionExecuter.execute(InProcessBuildActionExecuter.java:36)
	at org.gradle.launcher.exec.InProcessBuildActionExecuter.execute(InProcessBuildActionExecuter.java:26)
	at org.gradle.launcher.cli.RunBuildAction.run(RunBuildAction.java:51)
	at org.gradle.internal.Actions$RunnableActionAdapter.execute(Actions.java:171)
	at org.gradle.launcher.cli.CommandLineActionFactory$ParseAndBuildAction.execute(CommandLineActionFactory.java:237)
	at org.gradle.launcher.cli.CommandLineActionFactory$ParseAndBuildAction.execute(CommandLineActionFactory.java:210)
	at org.gradle.launcher.cli.JavaRuntimeValidationAction.execute(JavaRuntimeValidationAction.java:35)
	at org.gradle.launcher.cli.JavaRuntimeValidationAction.execute(JavaRuntimeValidationAction.java:24)
	at org.gradle.launcher.cli.CommandLineActionFactory$WithLogging.execute(CommandLineActionFactory.java:206)
	at org.gradle.launcher.cli.CommandLineActionFactory$WithLogging.execute(CommandLineActionFactory.java:169)
	at org.gradle.launcher.cli.ExceptionReportingAction.execute(ExceptionReportingAction.java:33)
	at org.gradle.launcher.cli.ExceptionReportingAction.execute(ExceptionReportingAction.java:22)
	at org.gradle.launcher.Main.doAction(Main.java:33)
	at org.gradle.launcher.bootstrap.EntryPoint.run(EntryPoint.java:45)
	at org.gradle.launcher.bootstrap.ProcessBootstrap.runNoExit(ProcessBootstrap.java:54)
	at org.gradle.launcher.bootstrap.ProcessBootstrap.run(ProcessBootstrap.java:35)
	at org.gradle.launcher.GradleMain.main(GradleMain.java:23)
	at org.gradle.wrapper.BootstrapMainStarter.start(BootstrapMainStarter.java:33)
	at org.gradle.wrapper.WrapperExecutor.execute(WrapperExecutor.java:130)
	at org.gradle.wrapper.GradleWrapperMain.main(GradleWrapperMain.java:48)
Caused by: org.gradle.api.internal.tasks.compile.CompilationFailedException: Compilation failed; see the compiler error output for details.
	at org.gradle.api.internal.tasks.compile.JdkJavaCompiler.execute(JdkJavaCompiler.java:44)
	at org.gradle.api.internal.tasks.compile.JdkJavaCompiler.execute(JdkJavaCompiler.java:35)
	at org.gradle.api.internal.tasks.compile.NormalizingJavaCompiler.delegateAndHandleErrors(NormalizingJavaCompiler.java:97)
	at org.gradle.api.internal.tasks.compile.NormalizingJavaCompiler.execute(NormalizingJavaCompiler.java:50)
	at org.gradle.api.internal.tasks.compile.NormalizingJavaCompiler.execute(NormalizingJavaCompiler.java:36)
	at org.gradle.api.internal.tasks.compile.CleaningJavaCompilerSupport.execute(CleaningJavaCompilerSupport.java:34)
	at org.gradle.api.internal.tasks.compile.CleaningJavaCompilerSupport.execute(CleaningJavaCompilerSupport.java:25)
	at org.gradle.api.tasks.compile.JavaCompile.performCompilation(JavaCompile.java:158)
	at org.gradle.api.tasks.compile.JavaCompile.compile(JavaCompile.java:138)
	at org.gradle.api.tasks.compile.JavaCompile.compile(JavaCompile.java:92)
	at org.gradle.internal.reflect.JavaMethod.invoke(JavaMethod.java:63)
	at org.gradle.api.internal.project.taskfactory.AnnotationProcessingTaskFactory$IncrementalTaskAction.doExecute(AnnotationProcessingTaskFactory.java:235)
	at org.gradle.api.internal.project.taskfactory.AnnotationProcessingTaskFactory$StandardTaskAction.execute(AnnotationProcessingTaskFactory.java:211)
	at org.gradle.api.internal.project.taskfactory.AnnotationProcessingTaskFactory$IncrementalTaskAction.execute(AnnotationProcessingTaskFactory.java:222)
	at org.gradle.api.internal.project.taskfactory.AnnotationProcessingTaskFactory$StandardTaskAction.execute(AnnotationProcessingTaskFactory.java:200)
	at org.gradle.api.internal.tasks.execution.ExecuteActionsTaskExecuter.executeAction(ExecuteActionsTaskExecuter.java:80)
	at org.gradle.api.internal.tasks.execution.ExecuteActionsTaskExecuter.executeActions(ExecuteActionsTaskExecuter.java:61)
	... 47 more


BUILD FAILED

Total time: 8.212 secs

2018-04-02 13:19:58,066 INFO  FullProcessService - Found APK file: /tmp/rdisk/2294/src/SlideBottomPanel-master/app/app-release.apk
