2018-04-02 10:06:18,568 INFO  DownloadService - Downloading "https://github.com/asantibanez/Ranger/archive/master.zip", attempt 3
2018-04-02 10:06:18,969 INFO  DownloadService - Downloaded https://github.com/asantibanez/Ranger/archive/master.zip, attempt 3
2018-04-02 10:06:18,969 INFO  DownloadService - Size of file "/tmp/rdisk/2340/master.zip": 266 KB
2018-04-02 10:06:18,969 INFO  ArchiveUtils - Checking entries [.gradle] in ZIP file...
2018-04-02 10:06:18,969 INFO  ArchiveUtils - Has entries [.gradle] in ZIP file /tmp/rdisk/2340/master.zip: true
2018-04-02 10:06:18,969 DEBUG ZipUtil - Extracting '/tmp/rdisk/2340/master.zip' into '/tmp/rdisk/2340/src'.
2018-04-02 10:06:18,979 INFO  FullProcessService - Size of directory with sources: 296 KB
2018-04-02 10:06:18,979 INFO  SysUtils - Execute command: [git, init, /tmp/rdisk/2340/src]
2018-04-02 10:06:18,983 INFO  SysUtils - Initialized empty Git repository in /tmp/rdisk/2340/src/.git/

2018-04-02 10:06:18,986 INFO  ProjectBuildService - Gradle wrapper(s): /tmp/rdisk/2340/src/Ranger-master/gradlew
2018-04-02 10:06:18,989 INFO  ProjectBuildService - Build script(s): /tmp/rdisk/2340/src/Ranger-master/Ranger/build.gradle /tmp/rdisk/2340/src/Ranger-master/app/build.gradle /tmp/rdisk/2340/src/Ranger-master/build.gradle
2018-04-02 10:06:18,991 INFO  ProjectBuildService - All script(s): /tmp/rdisk/2340/src/Ranger-master/settings.gradle /tmp/rdisk/2340/src/Ranger-master/build.gradle /tmp/rdisk/2340/src/Ranger-master/app/build.gradle /tmp/rdisk/2340/src/Ranger-master/Ranger/build.gradle
2018-04-02 10:06:18,991 INFO  ProjectBuildService - Remote scripts: none
2018-04-02 10:06:18,991 INFO  ProjectFixService - Fixing project...
2018-04-02 10:06:18,997 INFO  LocalPropertiesFixService - Created fake /tmp/rdisk/2340/src/Ranger-master/Ranger/local.properties
2018-04-02 10:06:18,998 INFO  ProjectFixService - Build info for "/tmp/rdisk/2340/src/Ranger-master/Ranger/build.gradle": [buildToolsVersion=23.0.0,compileSdkVersion=23,minSdkVersion=15,targetSdkVersion=23]
2018-04-02 10:06:18,998 INFO  ProjectFixService - Fixed build info for "/tmp/rdisk/2340/src/Ranger-master/Ranger/build.gradle": [buildToolsVersion=23.0.1,compileSdkVersion=23,minSdkVersion=15,targetSdkVersion=23]
2018-04-02 10:06:18,999 INFO  LocalPropertiesFixService - Created fake /tmp/rdisk/2340/src/Ranger-master/app/local.properties
2018-04-02 10:06:18,999 INFO  ProjectFixService - Build info for "/tmp/rdisk/2340/src/Ranger-master/app/build.gradle": [buildToolsVersion=23.0.0,compileSdkVersion=23,minSdkVersion=15,targetSdkVersion=23]
2018-04-02 10:06:18,999 INFO  ProjectFixService - Fixed build info for "/tmp/rdisk/2340/src/Ranger-master/app/build.gradle": [buildToolsVersion=23.0.1,compileSdkVersion=23,minSdkVersion=15,targetSdkVersion=23]
2018-04-02 10:06:19,002 INFO  LocalPropertiesFixService - Created fake /tmp/rdisk/2340/src/Ranger-master/local.properties
2018-04-02 10:06:19,003 INFO  ProjectFixService - Build info for "/tmp/rdisk/2340/src/Ranger-master/build.gradle": [buildToolsVersion=23.0.1,compileSdkVersion=23,minSdkVersion=15,targetSdkVersion=23]
2018-04-02 10:06:19,003 INFO  ProjectFixService - Project was maybe fixed
2018-04-02 10:06:19,003 INFO  ProjectTaskService - Detecting possible tasks...
2018-04-02 10:06:19,003 INFO  SysUtils - Execute command: [/tmp/rdisk/2340/src/Ranger-master/gradlew, -b, /tmp/rdisk/2340/src/Ranger-master/Ranger/build.gradle, -Dorg.gradle.daemon=false, -Dorg.gradle.daemon.performance.enable-monitoring=false, -Dorg.gradle.configureondemand=true, tasks]
2018-04-02 10:06:19,105 ERROR ProjectTaskService - Could not detect possible Gradle tasks: Process exited with an error: 1 (Exit value: 1)
2018-04-02 10:06:19,105 INFO  ProjectTaskService - Detected possible tasks: 0
2018-04-02 10:06:19,105 INFO  ProjectTaskService - Excluded tasks (0): none
2018-04-02 10:06:19,105 INFO  SysUtils - Execute command: [/tmp/rdisk/2340/src/Ranger-master/gradlew, -b, /tmp/rdisk/2340/src/Ranger-master/Ranger/build.gradle, -Dorg.gradle.daemon=false, -Dorg.gradle.daemon.performance.enable-monitoring=false, -Dorg.gradle.configureondemand=true, --stacktrace, build]
2018-04-02 10:06:19,209 ERROR SysUtils - Could not process external command
org.apache.commons.exec.ExecuteException: Process exited with an error: 1 (Exit value: 1)
	at org.apache.commons.exec.DefaultExecutor.executeInternal(DefaultExecutor.java:404)
	at org.apache.commons.exec.DefaultExecutor.execute(DefaultExecutor.java:166)
	at com.github.vbauer.apkmaster.util.SysUtils.execute(SysUtils.java:67)
	at com.github.vbauer.apkmaster.util.SysUtils.executeSimple(SysUtils.java:43)
	at com.github.vbauer.apkmaster.service.assembly.ProjectBuildService.buildProject(ProjectBuildService.java:78)
	at com.github.vbauer.apkmaster.service.assembly.ProjectBuildService.buildProject(ProjectBuildService.java:64)
	at com.github.vbauer.apkmaster.service.assembly.ProjectBuildService.buildProject(ProjectBuildService.java:43)
	at com.github.vbauer.apkmaster.service.FullProcessService.build(FullProcessService.java:84)
	at com.github.vbauer.apkmaster.service.FullProcessService.process(FullProcessService.java:34)
	at com.github.vbauer.apkmaster.app.MainApplication.process(MainApplication.java:38)
	at com.github.vbauer.apkmaster.app.MainApplication.main(MainApplication.java:20)
	at sun.reflect.GeneratedMethodAccessor9.invoke(Unknown Source)
	at sun.reflect.DelegatingMethodAccessorImpl.invoke(DelegatingMethodAccessorImpl.java:43)
	at java.lang.reflect.Method.invoke(Method.java:498)
	at com.android.arsenal.util.ReflectionUtils.invoke(ReflectionUtils.java:42)
	at com.android.arsenal.util.ApkMasterUtils.main(ApkMasterUtils.java:30)
	at com.android.arsenal.service.processor.impl.BuildProcessorServiceImpl.buildProject(BuildProcessorServiceImpl.java:197)
	at com.android.arsenal.service.processor.impl.BuildProcessorServiceImpl.build(BuildProcessorServiceImpl.java:131)
	at com.android.arsenal.service.processor.impl.BuildProcessorServiceImpl.lambda$null$1(BuildProcessorServiceImpl.java:114)
	at java.util.concurrent.FutureTask.run(FutureTask.java:266)
	at java.util.concurrent.Executors$RunnableAdapter.call(Executors.java:511)
	at java.util.concurrent.FutureTask.run(FutureTask.java:266)
	at java.util.concurrent.ThreadPoolExecutor.runWorker(ThreadPoolExecutor.java:1149)
	at java.util.concurrent.ThreadPoolExecutor$Worker.run(ThreadPoolExecutor.java:624)
	at java.lang.Thread.run(Thread.java:748)
2018-04-02 10:06:19,209 INFO  SysUtils - Error: Could not find or load main class org.gradle.wrapper.GradleWrapperMain

2018-04-02 10:06:19,212 INFO  ProjectTaskService - Detecting possible tasks...
2018-04-02 10:06:19,212 INFO  SysUtils - Execute command: [/tmp/rdisk/2340/src/Ranger-master/gradlew, -b, /tmp/rdisk/2340/src/Ranger-master/app/build.gradle, -Dorg.gradle.daemon=false, -Dorg.gradle.daemon.performance.enable-monitoring=false, -Dorg.gradle.configureondemand=true, tasks]
2018-04-02 10:06:19,314 ERROR ProjectTaskService - Could not detect possible Gradle tasks: Process exited with an error: 1 (Exit value: 1)
2018-04-02 10:06:19,314 INFO  ProjectTaskService - Detected possible tasks: 0
2018-04-02 10:06:19,314 INFO  ProjectTaskService - Excluded tasks (0): none
2018-04-02 10:06:19,314 INFO  SysUtils - Execute command: [/tmp/rdisk/2340/src/Ranger-master/gradlew, -b, /tmp/rdisk/2340/src/Ranger-master/app/build.gradle, -Dorg.gradle.daemon=false, -Dorg.gradle.daemon.performance.enable-monitoring=false, -Dorg.gradle.configureondemand=true, --stacktrace, build]
2018-04-02 10:06:19,417 ERROR SysUtils - Could not process external command
org.apache.commons.exec.ExecuteException: Process exited with an error: 1 (Exit value: 1)
	at org.apache.commons.exec.DefaultExecutor.executeInternal(DefaultExecutor.java:404)
	at org.apache.commons.exec.DefaultExecutor.execute(DefaultExecutor.java:166)
	at com.github.vbauer.apkmaster.util.SysUtils.execute(SysUtils.java:67)
	at com.github.vbauer.apkmaster.util.SysUtils.executeSimple(SysUtils.java:43)
	at com.github.vbauer.apkmaster.service.assembly.ProjectBuildService.buildProject(ProjectBuildService.java:78)
	at com.github.vbauer.apkmaster.service.assembly.ProjectBuildService.buildProject(ProjectBuildService.java:64)
	at com.github.vbauer.apkmaster.service.assembly.ProjectBuildService.buildProject(ProjectBuildService.java:43)
	at com.github.vbauer.apkmaster.service.FullProcessService.build(FullProcessService.java:84)
	at com.github.vbauer.apkmaster.service.FullProcessService.process(FullProcessService.java:34)
	at com.github.vbauer.apkmaster.app.MainApplication.process(MainApplication.java:38)
	at com.github.vbauer.apkmaster.app.MainApplication.main(MainApplication.java:20)
	at sun.reflect.GeneratedMethodAccessor9.invoke(Unknown Source)
	at sun.reflect.DelegatingMethodAccessorImpl.invoke(DelegatingMethodAccessorImpl.java:43)
	at java.lang.reflect.Method.invoke(Method.java:498)
	at com.android.arsenal.util.ReflectionUtils.invoke(ReflectionUtils.java:42)
	at com.android.arsenal.util.ApkMasterUtils.main(ApkMasterUtils.java:30)
	at com.android.arsenal.service.processor.impl.BuildProcessorServiceImpl.buildProject(BuildProcessorServiceImpl.java:197)
	at com.android.arsenal.service.processor.impl.BuildProcessorServiceImpl.build(BuildProcessorServiceImpl.java:131)
	at com.android.arsenal.service.processor.impl.BuildProcessorServiceImpl.lambda$null$1(BuildProcessorServiceImpl.java:114)
	at java.util.concurrent.FutureTask.run(FutureTask.java:266)
	at java.util.concurrent.Executors$RunnableAdapter.call(Executors.java:511)
	at java.util.concurrent.FutureTask.run(FutureTask.java:266)
	at java.util.concurrent.ThreadPoolExecutor.runWorker(ThreadPoolExecutor.java:1149)
	at java.util.concurrent.ThreadPoolExecutor$Worker.run(ThreadPoolExecutor.java:624)
	at java.lang.Thread.run(Thread.java:748)
2018-04-02 10:06:19,418 INFO  SysUtils - Error: Could not find or load main class org.gradle.wrapper.GradleWrapperMain

2018-04-02 10:06:19,420 INFO  ProjectTaskService - Detecting possible tasks...
2018-04-02 10:06:19,420 INFO  SysUtils - Execute command: [/tmp/rdisk/2340/src/Ranger-master/gradlew, -b, /tmp/rdisk/2340/src/Ranger-master/build.gradle, -Dorg.gradle.daemon=false, -Dorg.gradle.daemon.performance.enable-monitoring=false, -Dorg.gradle.configureondemand=true, tasks]
2018-04-02 10:06:19,525 ERROR ProjectTaskService - Could not detect possible Gradle tasks: Process exited with an error: 1 (Exit value: 1)
2018-04-02 10:06:19,525 INFO  ProjectTaskService - Detected possible tasks: 0
2018-04-02 10:06:19,526 INFO  ProjectTaskService - Excluded tasks (0): none
2018-04-02 10:06:19,526 INFO  SysUtils - Execute command: [/tmp/rdisk/2340/src/Ranger-master/gradlew, -b, /tmp/rdisk/2340/src/Ranger-master/build.gradle, -Dorg.gradle.daemon=false, -Dorg.gradle.daemon.performance.enable-monitoring=false, -Dorg.gradle.configureondemand=true, --stacktrace, build]
2018-04-02 10:06:19,635 ERROR SysUtils - Could not process external command
org.apache.commons.exec.ExecuteException: Process exited with an error: 1 (Exit value: 1)
	at org.apache.commons.exec.DefaultExecutor.executeInternal(DefaultExecutor.java:404)
	at org.apache.commons.exec.DefaultExecutor.execute(DefaultExecutor.java:166)
	at com.github.vbauer.apkmaster.util.SysUtils.execute(SysUtils.java:67)
	at com.github.vbauer.apkmaster.util.SysUtils.executeSimple(SysUtils.java:43)
	at com.github.vbauer.apkmaster.service.assembly.ProjectBuildService.buildProject(ProjectBuildService.java:78)
	at com.github.vbauer.apkmaster.service.assembly.ProjectBuildService.buildProject(ProjectBuildService.java:64)
	at com.github.vbauer.apkmaster.service.assembly.ProjectBuildService.buildProject(ProjectBuildService.java:43)
	at com.github.vbauer.apkmaster.service.FullProcessService.build(FullProcessService.java:84)
	at com.github.vbauer.apkmaster.service.FullProcessService.process(FullProcessService.java:34)
	at com.github.vbauer.apkmaster.app.MainApplication.process(MainApplication.java:38)
	at com.github.vbauer.apkmaster.app.MainApplication.main(MainApplication.java:20)
	at sun.reflect.GeneratedMethodAccessor9.invoke(Unknown Source)
	at sun.reflect.DelegatingMethodAccessorImpl.invoke(DelegatingMethodAccessorImpl.java:43)
	at java.lang.reflect.Method.invoke(Method.java:498)
	at com.android.arsenal.util.ReflectionUtils.invoke(ReflectionUtils.java:42)
	at com.android.arsenal.util.ApkMasterUtils.main(ApkMasterUtils.java:30)
	at com.android.arsenal.service.processor.impl.BuildProcessorServiceImpl.buildProject(BuildProcessorServiceImpl.java:197)
	at com.android.arsenal.service.processor.impl.BuildProcessorServiceImpl.build(BuildProcessorServiceImpl.java:131)
	at com.android.arsenal.service.processor.impl.BuildProcessorServiceImpl.lambda$null$1(BuildProcessorServiceImpl.java:114)
	at java.util.concurrent.FutureTask.run(FutureTask.java:266)
	at java.util.concurrent.Executors$RunnableAdapter.call(Executors.java:511)
	at java.util.concurrent.FutureTask.run(FutureTask.java:266)
	at java.util.concurrent.ThreadPoolExecutor.runWorker(ThreadPoolExecutor.java:1149)
	at java.util.concurrent.ThreadPoolExecutor$Worker.run(ThreadPoolExecutor.java:624)
	at java.lang.Thread.run(Thread.java:748)
2018-04-02 10:06:19,635 INFO  SysUtils - Error: Could not find or load main class org.gradle.wrapper.GradleWrapperMain

2018-04-02 10:06:19,638 ERROR FullProcessService - Project build has not produced APK file
2018-04-02 10:06:19,640 ERROR FullProcessService - Could not find generated or existed APK file
