2018-04-02 03:21:43,980 INFO  DownloadService - Downloading "https://github.com/Angtrim/Android-Five-Stars-Library/archive/master.zip", attempt 3
2018-04-02 03:22:44,622 INFO  GithubDownloadService - Could not find ZIP archive for master branch
2018-04-02 03:22:45,305 INFO  GithubDownloadService - Default branch of this repository: master
2018-04-02 03:22:45,305 INFO  DownloadService - Downloading "https://github.com/Angtrim/Android-Five-Stars-Library/archive/master.zip", attempt 3
2018-04-02 03:23:46,506 DEBUG FullProcessService - Repository https://github.com/Angtrim/Android-Five-Stars-Library available: true
2018-04-02 03:23:46,506 INFO  FullProcessService - Could not download ZIP file from Github, lets clone it
2018-04-02 03:23:46,506 INFO  SysUtils - Execute command: [git, clone, -q, --single-branch, --depth, 1, https://github.com/Angtrim/Android-Five-Stars-Library, /tmp/rdisk/2484/src]
2018-04-02 03:23:48,006 INFO  SysUtils - 
2018-04-02 03:23:48,020 INFO  GitService - Deleted "/tmp/rdisk/2484/src/.git": true
2018-04-02 03:23:48,022 INFO  FullProcessService - Size of directory with sources: 176 KB
2018-04-02 03:23:48,022 INFO  SysUtils - Execute command: [git, init, /tmp/rdisk/2484/src]
2018-04-02 03:23:48,027 INFO  SysUtils - Initialized empty Git repository in /tmp/rdisk/2484/src/.git/

2018-04-02 03:23:48,030 INFO  ProjectBuildService - Gradle wrapper(s): /tmp/rdisk/2484/src/gradlew
2018-04-02 03:23:48,032 INFO  ProjectBuildService - Build script(s): /tmp/rdisk/2484/src/fivestarslibrary/build.gradle /tmp/rdisk/2484/src/sampleapp/build.gradle /tmp/rdisk/2484/src/build.gradle
2018-04-02 03:23:48,034 INFO  ProjectBuildService - All script(s): /tmp/rdisk/2484/src/settings.gradle /tmp/rdisk/2484/src/sampleapp/build.gradle /tmp/rdisk/2484/src/fivestarslibrary/build.gradle /tmp/rdisk/2484/src/build.gradle
2018-04-02 03:23:48,035 INFO  ProjectBuildService - Remote scripts: none
2018-04-02 03:23:48,035 INFO  ProjectFixService - Fixing project...
2018-04-02 03:23:48,040 INFO  LocalPropertiesFixService - Created fake /tmp/rdisk/2484/src/fivestarslibrary/local.properties
2018-04-02 03:23:48,041 INFO  ProjectFixService - Build info for "/tmp/rdisk/2484/src/fivestarslibrary/build.gradle": [buildToolsVersion=22.0.1,compileSdkVersion=23,minSdkVersion=15,targetSdkVersion=23]
2018-04-02 03:23:48,041 INFO  LocalPropertiesFixService - Created fake /tmp/rdisk/2484/src/sampleapp/local.properties
2018-04-02 03:23:48,041 INFO  ProjectFixService - Build info for "/tmp/rdisk/2484/src/sampleapp/build.gradle": [buildToolsVersion=23.0.1,compileSdkVersion=23,minSdkVersion=15,targetSdkVersion=23]
2018-04-02 03:23:48,041 INFO  LocalPropertiesFixService - Created fake /tmp/rdisk/2484/src/local.properties
2018-04-02 03:23:48,041 INFO  WrapperPropertiesFixService - Gradle wrapper: https://services.gradle.org/distributions/gradle-2.4-all.zip
2018-04-02 03:23:48,041 INFO  WrapperPropertiesFixService - Gradle wrapper was changed from "-all.zip" to "-bin.zip" (https://services.gradle.org/distributions/gradle-2.4-bin.zip)
2018-04-02 03:23:48,042 INFO  ProjectFixService - Build info for "/tmp/rdisk/2484/src/build.gradle": [buildToolsVersion=23.0.1,compileSdkVersion=23,minSdkVersion=15,targetSdkVersion=23]
2018-04-02 03:23:48,042 INFO  ProjectFixService - Project was maybe fixed
2018-04-02 03:23:48,042 INFO  ProjectTaskService - Detecting possible tasks...
2018-04-02 03:23:48,042 INFO  SysUtils - Execute command: [/tmp/rdisk/2484/src/gradlew, -b, /tmp/rdisk/2484/src/fivestarslibrary/build.gradle, -Dorg.gradle.daemon=false, -Dorg.gradle.daemon.performance.enable-monitoring=false, -Dorg.gradle.configureondemand=true, tasks]
2018-04-02 03:23:56,107 ERROR ProjectTaskService - Could not detect possible Gradle tasks: Process exited with an error: 1 (Exit value: 1)
2018-04-02 03:23:56,107 INFO  ProjectTaskService - Detected possible tasks: 0
2018-04-02 03:23:56,107 INFO  ProjectTaskService - Excluded tasks (0): none
2018-04-02 03:23:56,107 INFO  SysUtils - Execute command: [/tmp/rdisk/2484/src/gradlew, -b, /tmp/rdisk/2484/src/fivestarslibrary/build.gradle, -Dorg.gradle.daemon=false, -Dorg.gradle.daemon.performance.enable-monitoring=false, -Dorg.gradle.configureondemand=true, --stacktrace, build]
2018-04-02 03:24:04,289 ERROR SysUtils - Could not process external command
org.apache.commons.exec.ExecuteException: Process exited with an error: 1 (Exit value: 1)
	at org.apache.commons.exec.DefaultExecutor.executeInternal(DefaultExecutor.java:404)
	at org.apache.commons.exec.DefaultExecutor.execute(DefaultExecutor.java:166)
	at com.github.vbauer.apkmaster.util.SysUtils.execute(SysUtils.java:67)
	at com.github.vbauer.apkmaster.util.SysUtils.executeSimple(SysUtils.java:43)
	at com.github.vbauer.apkmaster.service.assembly.ProjectBuildService.buildProject(ProjectBuildService.java:78)
	at com.github.vbauer.apkmaster.service.assembly.ProjectBuildService.buildProject(ProjectBuildService.java:64)
	at com.github.vbauer.apkmaster.service.assembly.ProjectBuildService.buildProject(ProjectBuildService.java:43)
	at com.github.vbauer.apkmaster.service.FullProcessService.build(FullProcessService.java:84)
	at com.github.vbauer.apkmaster.service.FullProcessService.process(FullProcessService.java:34)
	at com.github.vbauer.apkmaster.app.MainApplication.process(MainApplication.java:38)
	at com.github.vbauer.apkmaster.app.MainApplication.main(MainApplication.java:20)
	at sun.reflect.GeneratedMethodAccessor9.invoke(Unknown Source)
	at sun.reflect.DelegatingMethodAccessorImpl.invoke(DelegatingMethodAccessorImpl.java:43)
	at java.lang.reflect.Method.invoke(Method.java:498)
	at com.android.arsenal.util.ReflectionUtils.invoke(ReflectionUtils.java:42)
	at com.android.arsenal.util.ApkMasterUtils.main(ApkMasterUtils.java:30)
	at com.android.arsenal.service.processor.impl.BuildProcessorServiceImpl.buildProject(BuildProcessorServiceImpl.java:197)
	at com.android.arsenal.service.processor.impl.BuildProcessorServiceImpl.build(BuildProcessorServiceImpl.java:131)
	at com.android.arsenal.service.processor.impl.BuildProcessorServiceImpl.lambda$null$1(BuildProcessorServiceImpl.java:114)
	at java.util.concurrent.FutureTask.run(FutureTask.java:266)
	at java.util.concurrent.Executors$RunnableAdapter.call(Executors.java:511)
	at java.util.concurrent.FutureTask.run(FutureTask.java:266)
	at java.util.concurrent.ThreadPoolExecutor.runWorker(ThreadPoolExecutor.java:1149)
	at java.util.concurrent.ThreadPoolExecutor$Worker.run(ThreadPoolExecutor.java:624)
	at java.lang.Thread.run(Thread.java:748)
2018-04-02 03:24:04,289 INFO  SysUtils - Configuration on demand is an incubating feature.
:fivestarslibrary:compileLint
:fivestarslibrary:copyDebugLint UP-TO-DATE
:fivestarslibrary:preBuild UP-TO-DATE
:fivestarslibrary:preDebugBuild UP-TO-DATE
:fivestarslibrary:checkDebugManifest
:fivestarslibrary:preDebugAndroidTestBuild UP-TO-DATE
:fivestarslibrary:preDebugUnitTestBuild UP-TO-DATE
:fivestarslibrary:preReleaseBuild UP-TO-DATE
:fivestarslibrary:preReleaseUnitTestBuild UP-TO-DATE
:fivestarslibrary:prepareComAndroidSupportAppcompatV72301Library
:fivestarslibrary:prepareComAndroidSupportSupportV42301Library
:fivestarslibrary:prepareDebugDependencies
:fivestarslibrary:compileDebugAidl
:fivestarslibrary:compileDebugRenderscript
:fivestarslibrary:generateDebugBuildConfig
:fivestarslibrary:generateDebugAssets UP-TO-DATE
:fivestarslibrary:mergeDebugAssets
:fivestarslibrary:generateDebugResValues
:fivestarslibrary:generateDebugResources
:fivestarslibrary:mergeDebugResources
:fivestarslibrary:processDebugManifest
:fivestarslibrary:processDebugResources
:fivestarslibrary:generateDebugSources
:fivestarslibrary:processDebugJavaRes UP-TO-DATE
:fivestarslibrary:compileDebugJavaWithJavac/tmp/rdisk/2484/src/fivestarslibrary/src/main/java/angtrim/com/fivestarslibrary/FiveStarsDialog.java:73: error: cannot find symbol
            LayerDrawable stars = (LayerDrawable) ratingBar.getProgressDrawable();
            ^
  symbol:   class LayerDrawable
  location: class FiveStarsDialog
/tmp/rdisk/2484/src/fivestarslibrary/src/main/java/angtrim/com/fivestarslibrary/FiveStarsDialog.java:73: error: cannot find symbol
            LayerDrawable stars = (LayerDrawable) ratingBar.getProgressDrawable();
                                   ^
  symbol:   class LayerDrawable
  location: class FiveStarsDialog
/tmp/rdisk/2484/src/fivestarslibrary/src/main/java/angtrim/com/fivestarslibrary/FiveStarsDialog.java:74: error: package PorterDuff does not exist
            stars.getDrawable(1).setColorFilter(starColor, PorterDuff.Mode.SRC_ATOP);
                                                                     ^
/tmp/rdisk/2484/src/fivestarslibrary/src/main/java/angtrim/com/fivestarslibrary/FiveStarsDialog.java:75: error: package PorterDuff does not exist
            stars.getDrawable(2).setColorFilter(starColor, PorterDuff.Mode.SRC_ATOP);
                                                                     ^
4 errors
 FAILED

FAILURE: Build failed with an exception.

* What went wrong:
Execution failed for task ':fivestarslibrary:compileDebugJavaWithJavac'.
> Compilation failed; see the compiler error output for details.

* Try:
Run with --info or --debug option to get more log output.

* Exception is:
org.gradle.api.tasks.TaskExecutionException: Execution failed for task ':fivestarslibrary:compileDebugJavaWithJavac'.
	at org.gradle.api.internal.tasks.execution.ExecuteActionsTaskExecuter.executeActions(ExecuteActionsTaskExecuter.java:69)
	at org.gradle.api.internal.tasks.execution.ExecuteActionsTaskExecuter.execute(ExecuteActionsTaskExecuter.java:46)
	at org.gradle.api.internal.tasks.execution.PostExecutionAnalysisTaskExecuter.execute(PostExecutionAnalysisTaskExecuter.java:35)
	at org.gradle.api.internal.tasks.execution.SkipUpToDateTaskExecuter.execute(SkipUpToDateTaskExecuter.java:64)
	at org.gradle.api.internal.tasks.execution.ValidatingTaskExecuter.execute(ValidatingTaskExecuter.java:58)
	at org.gradle.api.internal.tasks.execution.SkipEmptySourceFilesTaskExecuter.execute(SkipEmptySourceFilesTaskExecuter.java:42)
	at org.gradle.api.internal.tasks.execution.SkipTaskWithNoActionsExecuter.execute(SkipTaskWithNoActionsExecuter.java:52)
	at org.gradle.api.internal.tasks.execution.SkipOnlyIfTaskExecuter.execute(SkipOnlyIfTaskExecuter.java:53)
	at org.gradle.api.internal.tasks.execution.ExecuteAtMostOnceTaskExecuter.execute(ExecuteAtMostOnceTaskExecuter.java:43)
	at org.gradle.api.internal.AbstractTask.executeWithoutThrowingTaskFailure(AbstractTask.java:310)
	at org.gradle.execution.taskgraph.AbstractTaskPlanExecutor$TaskExecutorWorker.executeTask(AbstractTaskPlanExecutor.java:79)
	at org.gradle.execution.taskgraph.AbstractTaskPlanExecutor$TaskExecutorWorker.processTask(AbstractTaskPlanExecutor.java:63)
	at org.gradle.execution.taskgraph.AbstractTaskPlanExecutor$TaskExecutorWorker.run(AbstractTaskPlanExecutor.java:51)
	at org.gradle.execution.taskgraph.DefaultTaskPlanExecutor.process(DefaultTaskPlanExecutor.java:23)
	at org.gradle.execution.taskgraph.DefaultTaskGraphExecuter.execute(DefaultTaskGraphExecuter.java:88)
	at org.gradle.execution.SelectedTaskExecutionAction.execute(SelectedTaskExecutionAction.java:37)
	at org.gradle.execution.DefaultBuildExecuter.execute(DefaultBuildExecuter.java:62)
	at org.gradle.execution.DefaultBuildExecuter.access$200(DefaultBuildExecuter.java:23)
	at org.gradle.execution.DefaultBuildExecuter$2.proceed(DefaultBuildExecuter.java:68)
	at org.gradle.execution.DryRunBuildExecutionAction.execute(DryRunBuildExecutionAction.java:32)
	at org.gradle.execution.DefaultBuildExecuter.execute(DefaultBuildExecuter.java:62)
	at org.gradle.execution.DefaultBuildExecuter.execute(DefaultBuildExecuter.java:55)
	at org.gradle.initialization.DefaultGradleLauncher.doBuildStages(DefaultGradleLauncher.java:149)
	at org.gradle.initialization.DefaultGradleLauncher.doBuild(DefaultGradleLauncher.java:106)
	at org.gradle.initialization.DefaultGradleLauncher.run(DefaultGradleLauncher.java:86)
	at org.gradle.launcher.exec.InProcessBuildActionExecuter$DefaultBuildController.run(InProcessBuildActionExecuter.java:90)
	at org.gradle.tooling.internal.provider.ExecuteBuildActionRunner.run(ExecuteBuildActionRunner.java:28)
	at org.gradle.launcher.exec.ChainingBuildActionRunner.run(ChainingBuildActionRunner.java:35)
	at org.gradle.launcher.exec.InProcessBuildActionExecuter.execute(InProcessBuildActionExecuter.java:41)
	at org.gradle.launcher.exec.InProcessBuildActionExecuter.execute(InProcessBuildActionExecuter.java:28)
	at org.gradle.launcher.exec.DaemonUsageSuggestingBuildActionExecuter.execute(DaemonUsageSuggestingBuildActionExecuter.java:50)
	at org.gradle.launcher.exec.DaemonUsageSuggestingBuildActionExecuter.execute(DaemonUsageSuggestingBuildActionExecuter.java:27)
	at org.gradle.launcher.cli.RunBuildAction.run(RunBuildAction.java:40)
	at org.gradle.internal.Actions$RunnableActionAdapter.execute(Actions.java:169)
	at org.gradle.launcher.cli.CommandLineActionFactory$ParseAndBuildAction.execute(CommandLineActionFactory.java:237)
	at org.gradle.launcher.cli.CommandLineActionFactory$ParseAndBuildAction.execute(CommandLineActionFactory.java:210)
	at org.gradle.launcher.cli.JavaRuntimeValidationAction.execute(JavaRuntimeValidationAction.java:35)
	at org.gradle.launcher.cli.JavaRuntimeValidationAction.execute(JavaRuntimeValidationAction.java:24)
	at org.gradle.launcher.cli.CommandLineActionFactory$WithLogging.execute(CommandLineActionFactory.java:206)
	at org.gradle.launcher.cli.CommandLineActionFactory$WithLogging.execute(CommandLineActionFactory.java:169)
	at org.gradle.launcher.cli.ExceptionReportingAction.execute(ExceptionReportingAction.java:33)
	at org.gradle.launcher.cli.ExceptionReportingAction.execute(ExceptionReportingAction.java:22)
	at org.gradle.launcher.Main.doAction(Main.java:33)
	at org.gradle.launcher.bootstrap.EntryPoint.run(EntryPoint.java:45)
	at org.gradle.launcher.bootstrap.ProcessBootstrap.runNoExit(ProcessBootstrap.java:54)
	at org.gradle.launcher.bootstrap.ProcessBootstrap.run(ProcessBootstrap.java:35)
	at org.gradle.launcher.GradleMain.main(GradleMain.java:23)
	at org.gradle.wrapper.BootstrapMainStarter.start(BootstrapMainStarter.java:33)
	at org.gradle.wrapper.WrapperExecutor.execute(WrapperExecutor.java:130)
	at org.gradle.wrapper.GradleWrapperMain.main(GradleWrapperMain.java:48)
Caused by: org.gradle.api.internal.tasks.compile.CompilationFailedException: Compilation failed; see the compiler error output for details.
	at org.gradle.api.internal.tasks.compile.JdkJavaCompiler.execute(JdkJavaCompiler.java:47)
	at org.gradle.api.internal.tasks.compile.JdkJavaCompiler.execute(JdkJavaCompiler.java:33)
	at org.gradle.api.internal.tasks.compile.NormalizingJavaCompiler.delegateAndHandleErrors(NormalizingJavaCompiler.java:101)
	at org.gradle.api.internal.tasks.compile.NormalizingJavaCompiler.execute(NormalizingJavaCompiler.java:50)
	at org.gradle.api.internal.tasks.compile.NormalizingJavaCompiler.execute(NormalizingJavaCompiler.java:36)
	at org.gradle.api.internal.tasks.compile.CleaningJavaCompilerSupport.execute(CleaningJavaCompilerSupport.java:34)
	at org.gradle.api.internal.tasks.compile.CleaningJavaCompilerSupport.execute(CleaningJavaCompilerSupport.java:25)
	at org.gradle.api.tasks.compile.JavaCompile.performCompilation(JavaCompile.java:157)
	at org.gradle.api.tasks.compile.JavaCompile.compile(JavaCompile.java:137)
	at org.gradle.api.tasks.compile.JavaCompile.compile(JavaCompile.java:91)
	at org.gradle.internal.reflect.JavaMethod.invoke(JavaMethod.java:75)
	at org.gradle.api.internal.project.taskfactory.AnnotationProcessingTaskFactory$IncrementalTaskAction.doExecute(AnnotationProcessingTaskFactory.java:243)
	at org.gradle.api.internal.project.taskfactory.AnnotationProcessingTaskFactory$StandardTaskAction.execute(AnnotationProcessingTaskFactory.java:219)
	at org.gradle.api.internal.project.taskfactory.AnnotationProcessingTaskFactory$IncrementalTaskAction.execute(AnnotationProcessingTaskFactory.java:230)
	at org.gradle.api.internal.project.taskfactory.AnnotationProcessingTaskFactory$StandardTaskAction.execute(AnnotationProcessingTaskFactory.java:208)
	at org.gradle.api.internal.tasks.execution.ExecuteActionsTaskExecuter.executeAction(ExecuteActionsTaskExecuter.java:80)
	at org.gradle.api.internal.tasks.execution.ExecuteActionsTaskExecuter.executeActions(ExecuteActionsTaskExecuter.java:61)
	... 49 more


BUILD FAILED

Total time: 7.747 secs

2018-04-02 03:24:04,316 INFO  ProjectTaskService - Detecting possible tasks...
2018-04-02 03:24:04,316 INFO  SysUtils - Execute command: [/tmp/rdisk/2484/src/gradlew, -b, /tmp/rdisk/2484/src/sampleapp/build.gradle, -Dorg.gradle.daemon=false, -Dorg.gradle.daemon.performance.enable-monitoring=false, -Dorg.gradle.configureondemand=true, tasks]
2018-04-02 03:24:10,556 INFO  ProjectTaskService - Detected possible tasks: 66
2018-04-02 03:24:10,556 INFO  ProjectTaskService - Excluded tasks (19): lintDebug mockableAndroidJar deviceCheck lint testReleaseUnitTest uninstallRelease deviceAndroidTest uninstallDebugAndroidTest installDebugAndroidTest connectedCheck connectedDebugAndroidTest uninstallAll test check testDebugUnitTest connectedAndroidTest installDebug lintRelease uninstallDebug
2018-04-02 03:24:10,556 INFO  SysUtils - Execute command: [/tmp/rdisk/2484/src/gradlew, -b, /tmp/rdisk/2484/src/sampleapp/build.gradle, -Dorg.gradle.daemon=false, -Dorg.gradle.daemon.performance.enable-monitoring=false, -Dorg.gradle.configureondemand=true, --stacktrace, -x, lintDebug, -x, mockableAndroidJar, -x, deviceCheck, -x, lint, -x, testReleaseUnitTest, -x, uninstallRelease, -x, deviceAndroidTest, -x, uninstallDebugAndroidTest, -x, installDebugAndroidTest, -x, connectedCheck, -x, connectedDebugAndroidTest, -x, uninstallAll, -x, test, -x, check, -x, testDebugUnitTest, -x, connectedAndroidTest, -x, installDebug, -x, lintRelease, -x, uninstallDebug, build]
2018-04-02 03:24:18,727 ERROR SysUtils - Could not process external command
org.apache.commons.exec.ExecuteException: Process exited with an error: 1 (Exit value: 1)
	at org.apache.commons.exec.DefaultExecutor.executeInternal(DefaultExecutor.java:404)
	at org.apache.commons.exec.DefaultExecutor.execute(DefaultExecutor.java:166)
	at com.github.vbauer.apkmaster.util.SysUtils.execute(SysUtils.java:67)
	at com.github.vbauer.apkmaster.util.SysUtils.executeSimple(SysUtils.java:43)
	at com.github.vbauer.apkmaster.service.assembly.ProjectBuildService.buildProject(ProjectBuildService.java:78)
	at com.github.vbauer.apkmaster.service.assembly.ProjectBuildService.buildProject(ProjectBuildService.java:64)
	at com.github.vbauer.apkmaster.service.assembly.ProjectBuildService.buildProject(ProjectBuildService.java:43)
	at com.github.vbauer.apkmaster.service.FullProcessService.build(FullProcessService.java:84)
	at com.github.vbauer.apkmaster.service.FullProcessService.process(FullProcessService.java:34)
	at com.github.vbauer.apkmaster.app.MainApplication.process(MainApplication.java:38)
	at com.github.vbauer.apkmaster.app.MainApplication.main(MainApplication.java:20)
	at sun.reflect.GeneratedMethodAccessor9.invoke(Unknown Source)
	at sun.reflect.DelegatingMethodAccessorImpl.invoke(DelegatingMethodAccessorImpl.java:43)
	at java.lang.reflect.Method.invoke(Method.java:498)
	at com.android.arsenal.util.ReflectionUtils.invoke(ReflectionUtils.java:42)
	at com.android.arsenal.util.ApkMasterUtils.main(ApkMasterUtils.java:30)
	at com.android.arsenal.service.processor.impl.BuildProcessorServiceImpl.buildProject(BuildProcessorServiceImpl.java:197)
	at com.android.arsenal.service.processor.impl.BuildProcessorServiceImpl.build(BuildProcessorServiceImpl.java:131)
	at com.android.arsenal.service.processor.impl.BuildProcessorServiceImpl.lambda$null$1(BuildProcessorServiceImpl.java:114)
	at java.util.concurrent.FutureTask.run(FutureTask.java:266)
	at java.util.concurrent.Executors$RunnableAdapter.call(Executors.java:511)
	at java.util.concurrent.FutureTask.run(FutureTask.java:266)
	at java.util.concurrent.ThreadPoolExecutor.runWorker(ThreadPoolExecutor.java:1149)
	at java.util.concurrent.ThreadPoolExecutor$Worker.run(ThreadPoolExecutor.java:624)
	at java.lang.Thread.run(Thread.java:748)
2018-04-02 03:24:18,727 INFO  SysUtils - Configuration on demand is an incubating feature.
:fivestarslibrary:compileLint
:fivestarslibrary:copyReleaseLint UP-TO-DATE
:fivestarslibrary:preBuild UP-TO-DATE
:fivestarslibrary:preReleaseBuild UP-TO-DATE
:fivestarslibrary:checkReleaseManifest
:fivestarslibrary:preDebugAndroidTestBuild UP-TO-DATE
:fivestarslibrary:preDebugBuild UP-TO-DATE
:fivestarslibrary:preDebugUnitTestBuild UP-TO-DATE
:fivestarslibrary:preReleaseUnitTestBuild UP-TO-DATE
:fivestarslibrary:prepareComAndroidSupportAppcompatV72301Library UP-TO-DATE
:fivestarslibrary:prepareComAndroidSupportSupportV42301Library UP-TO-DATE
:fivestarslibrary:prepareReleaseDependencies
:fivestarslibrary:compileReleaseAidl
:fivestarslibrary:compileReleaseRenderscript
:fivestarslibrary:generateReleaseBuildConfig
:fivestarslibrary:generateReleaseAssets UP-TO-DATE
:fivestarslibrary:mergeReleaseAssets
:fivestarslibrary:generateReleaseResValues
:fivestarslibrary:generateReleaseResources
:fivestarslibrary:mergeReleaseResources
:fivestarslibrary:processReleaseManifest
:fivestarslibrary:processReleaseResources
:fivestarslibrary:generateReleaseSources
:fivestarslibrary:processReleaseJavaRes UP-TO-DATE
:fivestarslibrary:compileReleaseJavaWithJavac/tmp/rdisk/2484/src/fivestarslibrary/src/main/java/angtrim/com/fivestarslibrary/FiveStarsDialog.java:73: error: cannot find symbol
            LayerDrawable stars = (LayerDrawable) ratingBar.getProgressDrawable();
            ^
  symbol:   class LayerDrawable
  location: class FiveStarsDialog
/tmp/rdisk/2484/src/fivestarslibrary/src/main/java/angtrim/com/fivestarslibrary/FiveStarsDialog.java:73: error: cannot find symbol
            LayerDrawable stars = (LayerDrawable) ratingBar.getProgressDrawable();
                                   ^
  symbol:   class LayerDrawable
  location: class FiveStarsDialog
/tmp/rdisk/2484/src/fivestarslibrary/src/main/java/angtrim/com/fivestarslibrary/FiveStarsDialog.java:74: error: package PorterDuff does not exist
            stars.getDrawable(1).setColorFilter(starColor, PorterDuff.Mode.SRC_ATOP);
                                                                     ^
/tmp/rdisk/2484/src/fivestarslibrary/src/main/java/angtrim/com/fivestarslibrary/FiveStarsDialog.java:75: error: package PorterDuff does not exist
            stars.getDrawable(2).setColorFilter(starColor, PorterDuff.Mode.SRC_ATOP);
                                                                     ^
4 errors
 FAILED

FAILURE: Build failed with an exception.

* What went wrong:
Execution failed for task ':fivestarslibrary:compileReleaseJavaWithJavac'.
> Compilation failed; see the compiler error output for details.

* Try:
Run with --info or --debug option to get more log output.

* Exception is:
org.gradle.api.tasks.TaskExecutionException: Execution failed for task ':fivestarslibrary:compileReleaseJavaWithJavac'.
	at org.gradle.api.internal.tasks.execution.ExecuteActionsTaskExecuter.executeActions(ExecuteActionsTaskExecuter.java:69)
	at org.gradle.api.internal.tasks.execution.ExecuteActionsTaskExecuter.execute(ExecuteActionsTaskExecuter.java:46)
	at org.gradle.api.internal.tasks.execution.PostExecutionAnalysisTaskExecuter.execute(PostExecutionAnalysisTaskExecuter.java:35)
	at org.gradle.api.internal.tasks.execution.SkipUpToDateTaskExecuter.execute(SkipUpToDateTaskExecuter.java:64)
	at org.gradle.api.internal.tasks.execution.ValidatingTaskExecuter.execute(ValidatingTaskExecuter.java:58)
	at org.gradle.api.internal.tasks.execution.SkipEmptySourceFilesTaskExecuter.execute(SkipEmptySourceFilesTaskExecuter.java:42)
	at org.gradle.api.internal.tasks.execution.SkipTaskWithNoActionsExecuter.execute(SkipTaskWithNoActionsExecuter.java:52)
	at org.gradle.api.internal.tasks.execution.SkipOnlyIfTaskExecuter.execute(SkipOnlyIfTaskExecuter.java:53)
	at org.gradle.api.internal.tasks.execution.ExecuteAtMostOnceTaskExecuter.execute(ExecuteAtMostOnceTaskExecuter.java:43)
	at org.gradle.api.internal.AbstractTask.executeWithoutThrowingTaskFailure(AbstractTask.java:310)
	at org.gradle.execution.taskgraph.AbstractTaskPlanExecutor$TaskExecutorWorker.executeTask(AbstractTaskPlanExecutor.java:79)
	at org.gradle.execution.taskgraph.AbstractTaskPlanExecutor$TaskExecutorWorker.processTask(AbstractTaskPlanExecutor.java:63)
	at org.gradle.execution.taskgraph.AbstractTaskPlanExecutor$TaskExecutorWorker.run(AbstractTaskPlanExecutor.java:51)
	at org.gradle.execution.taskgraph.DefaultTaskPlanExecutor.process(DefaultTaskPlanExecutor.java:23)
	at org.gradle.execution.taskgraph.DefaultTaskGraphExecuter.execute(DefaultTaskGraphExecuter.java:88)
	at org.gradle.execution.SelectedTaskExecutionAction.execute(SelectedTaskExecutionAction.java:37)
	at org.gradle.execution.DefaultBuildExecuter.execute(DefaultBuildExecuter.java:62)
	at org.gradle.execution.DefaultBuildExecuter.access$200(DefaultBuildExecuter.java:23)
	at org.gradle.execution.DefaultBuildExecuter$2.proceed(DefaultBuildExecuter.java:68)
	at org.gradle.execution.DryRunBuildExecutionAction.execute(DryRunBuildExecutionAction.java:32)
	at org.gradle.execution.DefaultBuildExecuter.execute(DefaultBuildExecuter.java:62)
	at org.gradle.execution.DefaultBuildExecuter.execute(DefaultBuildExecuter.java:55)
	at org.gradle.initialization.DefaultGradleLauncher.doBuildStages(DefaultGradleLauncher.java:149)
	at org.gradle.initialization.DefaultGradleLauncher.doBuild(DefaultGradleLauncher.java:106)
	at org.gradle.initialization.DefaultGradleLauncher.run(DefaultGradleLauncher.java:86)
	at org.gradle.launcher.exec.InProcessBuildActionExecuter$DefaultBuildController.run(InProcessBuildActionExecuter.java:90)
	at org.gradle.tooling.internal.provider.ExecuteBuildActionRunner.run(ExecuteBuildActionRunner.java:28)
	at org.gradle.launcher.exec.ChainingBuildActionRunner.run(ChainingBuildActionRunner.java:35)
	at org.gradle.launcher.exec.InProcessBuildActionExecuter.execute(InProcessBuildActionExecuter.java:41)
	at org.gradle.launcher.exec.InProcessBuildActionExecuter.execute(InProcessBuildActionExecuter.java:28)
	at org.gradle.launcher.exec.DaemonUsageSuggestingBuildActionExecuter.execute(DaemonUsageSuggestingBuildActionExecuter.java:50)
	at org.gradle.launcher.exec.DaemonUsageSuggestingBuildActionExecuter.execute(DaemonUsageSuggestingBuildActionExecuter.java:27)
	at org.gradle.launcher.cli.RunBuildAction.run(RunBuildAction.java:40)
	at org.gradle.internal.Actions$RunnableActionAdapter.execute(Actions.java:169)
	at org.gradle.launcher.cli.CommandLineActionFactory$ParseAndBuildAction.execute(CommandLineActionFactory.java:237)
	at org.gradle.launcher.cli.CommandLineActionFactory$ParseAndBuildAction.execute(CommandLineActionFactory.java:210)
	at org.gradle.launcher.cli.JavaRuntimeValidationAction.execute(JavaRuntimeValidationAction.java:35)
	at org.gradle.launcher.cli.JavaRuntimeValidationAction.execute(JavaRuntimeValidationAction.java:24)
	at org.gradle.launcher.cli.CommandLineActionFactory$WithLogging.execute(CommandLineActionFactory.java:206)
	at org.gradle.launcher.cli.CommandLineActionFactory$WithLogging.execute(CommandLineActionFactory.java:169)
	at org.gradle.launcher.cli.ExceptionReportingAction.execute(ExceptionReportingAction.java:33)
	at org.gradle.launcher.cli.ExceptionReportingAction.execute(ExceptionReportingAction.java:22)
	at org.gradle.launcher.Main.doAction(Main.java:33)
	at org.gradle.launcher.bootstrap.EntryPoint.run(EntryPoint.java:45)
	at org.gradle.launcher.bootstrap.ProcessBootstrap.runNoExit(ProcessBootstrap.java:54)
	at org.gradle.launcher.bootstrap.ProcessBootstrap.run(ProcessBootstrap.java:35)
	at org.gradle.launcher.GradleMain.main(GradleMain.java:23)
	at org.gradle.wrapper.BootstrapMainStarter.start(BootstrapMainStarter.java:33)
	at org.gradle.wrapper.WrapperExecutor.execute(WrapperExecutor.java:130)
	at org.gradle.wrapper.GradleWrapperMain.main(GradleWrapperMain.java:48)
Caused by: org.gradle.api.internal.tasks.compile.CompilationFailedException: Compilation failed; see the compiler error output for details.
	at org.gradle.api.internal.tasks.compile.JdkJavaCompiler.execute(JdkJavaCompiler.java:47)
	at org.gradle.api.internal.tasks.compile.JdkJavaCompiler.execute(JdkJavaCompiler.java:33)
	at org.gradle.api.internal.tasks.compile.NormalizingJavaCompiler.delegateAndHandleErrors(NormalizingJavaCompiler.java:101)
	at org.gradle.api.internal.tasks.compile.NormalizingJavaCompiler.execute(NormalizingJavaCompiler.java:50)
	at org.gradle.api.internal.tasks.compile.NormalizingJavaCompiler.execute(NormalizingJavaCompiler.java:36)
	at org.gradle.api.internal.tasks.compile.CleaningJavaCompilerSupport.execute(CleaningJavaCompilerSupport.java:34)
	at org.gradle.api.internal.tasks.compile.CleaningJavaCompilerSupport.execute(CleaningJavaCompilerSupport.java:25)
	at org.gradle.api.tasks.compile.JavaCompile.performCompilation(JavaCompile.java:157)
	at org.gradle.api.tasks.compile.JavaCompile.compile(JavaCompile.java:137)
	at org.gradle.api.tasks.compile.JavaCompile.compile(JavaCompile.java:91)
	at org.gradle.internal.reflect.JavaMethod.invoke(JavaMethod.java:75)
	at org.gradle.api.internal.project.taskfactory.AnnotationProcessingTaskFactory$IncrementalTaskAction.doExecute(AnnotationProcessingTaskFactory.java:243)
	at org.gradle.api.internal.project.taskfactory.AnnotationProcessingTaskFactory$StandardTaskAction.execute(AnnotationProcessingTaskFactory.java:219)
	at org.gradle.api.internal.project.taskfactory.AnnotationProcessingTaskFactory$IncrementalTaskAction.execute(AnnotationProcessingTaskFactory.java:230)
	at org.gradle.api.internal.project.taskfactory.AnnotationProcessingTaskFactory$StandardTaskAction.execute(AnnotationProcessingTaskFactory.java:208)
	at org.gradle.api.internal.tasks.execution.ExecuteActionsTaskExecuter.executeAction(ExecuteActionsTaskExecuter.java:80)
	at org.gradle.api.internal.tasks.execution.ExecuteActionsTaskExecuter.executeActions(ExecuteActionsTaskExecuter.java:61)
	... 49 more


BUILD FAILED

Total time: 7.732 secs

2018-04-02 03:24:18,759 INFO  ProjectTaskService - Detecting possible tasks...
2018-04-02 03:24:18,759 INFO  SysUtils - Execute command: [/tmp/rdisk/2484/src/gradlew, -b, /tmp/rdisk/2484/src/build.gradle, -Dorg.gradle.daemon=false, -Dorg.gradle.daemon.performance.enable-monitoring=false, -Dorg.gradle.configureondemand=true, tasks]
2018-04-02 03:24:24,988 INFO  ProjectTaskService - Detected possible tasks: 70
2018-04-02 03:24:24,988 INFO  ProjectTaskService - Excluded tasks (19): lintDebug mockableAndroidJar deviceCheck lint testReleaseUnitTest uninstallRelease deviceAndroidTest uninstallDebugAndroidTest installDebugAndroidTest connectedCheck connectedDebugAndroidTest uninstallAll test check testDebugUnitTest connectedAndroidTest installDebug lintRelease uninstallDebug
2018-04-02 03:24:24,989 INFO  SysUtils - Execute command: [/tmp/rdisk/2484/src/gradlew, -b, /tmp/rdisk/2484/src/build.gradle, -Dorg.gradle.daemon=false, -Dorg.gradle.daemon.performance.enable-monitoring=false, -Dorg.gradle.configureondemand=true, --stacktrace, -x, lintDebug, -x, mockableAndroidJar, -x, deviceCheck, -x, lint, -x, testReleaseUnitTest, -x, uninstallRelease, -x, deviceAndroidTest, -x, uninstallDebugAndroidTest, -x, installDebugAndroidTest, -x, connectedCheck, -x, connectedDebugAndroidTest, -x, uninstallAll, -x, test, -x, check, -x, testDebugUnitTest, -x, connectedAndroidTest, -x, installDebug, -x, lintRelease, -x, uninstallDebug, build]
2018-04-02 03:24:32,092 ERROR SysUtils - Could not process external command
org.apache.commons.exec.ExecuteException: Process exited with an error: 1 (Exit value: 1)
	at org.apache.commons.exec.DefaultExecutor.executeInternal(DefaultExecutor.java:404)
	at org.apache.commons.exec.DefaultExecutor.execute(DefaultExecutor.java:166)
	at com.github.vbauer.apkmaster.util.SysUtils.execute(SysUtils.java:67)
	at com.github.vbauer.apkmaster.util.SysUtils.executeSimple(SysUtils.java:43)
	at com.github.vbauer.apkmaster.service.assembly.ProjectBuildService.buildProject(ProjectBuildService.java:78)
	at com.github.vbauer.apkmaster.service.assembly.ProjectBuildService.buildProject(ProjectBuildService.java:64)
	at com.github.vbauer.apkmaster.service.assembly.ProjectBuildService.buildProject(ProjectBuildService.java:43)
	at com.github.vbauer.apkmaster.service.FullProcessService.build(FullProcessService.java:84)
	at com.github.vbauer.apkmaster.service.FullProcessService.process(FullProcessService.java:34)
	at com.github.vbauer.apkmaster.app.MainApplication.process(MainApplication.java:38)
	at com.github.vbauer.apkmaster.app.MainApplication.main(MainApplication.java:20)
	at sun.reflect.GeneratedMethodAccessor9.invoke(Unknown Source)
	at sun.reflect.DelegatingMethodAccessorImpl.invoke(DelegatingMethodAccessorImpl.java:43)
	at java.lang.reflect.Method.invoke(Method.java:498)
	at com.android.arsenal.util.ReflectionUtils.invoke(ReflectionUtils.java:42)
	at com.android.arsenal.util.ApkMasterUtils.main(ApkMasterUtils.java:30)
	at com.android.arsenal.service.processor.impl.BuildProcessorServiceImpl.buildProject(BuildProcessorServiceImpl.java:197)
	at com.android.arsenal.service.processor.impl.BuildProcessorServiceImpl.build(BuildProcessorServiceImpl.java:131)
	at com.android.arsenal.service.processor.impl.BuildProcessorServiceImpl.lambda$null$1(BuildProcessorServiceImpl.java:114)
	at java.util.concurrent.FutureTask.run(FutureTask.java:266)
	at java.util.concurrent.Executors$RunnableAdapter.call(Executors.java:511)
	at java.util.concurrent.FutureTask.run(FutureTask.java:266)
	at java.util.concurrent.ThreadPoolExecutor.runWorker(ThreadPoolExecutor.java:1149)
	at java.util.concurrent.ThreadPoolExecutor$Worker.run(ThreadPoolExecutor.java:624)
	at java.lang.Thread.run(Thread.java:748)
2018-04-02 03:24:32,092 INFO  SysUtils - Configuration on demand is an incubating feature.
:fivestarslibrary:compileLint
:fivestarslibrary:copyDebugLint UP-TO-DATE
:fivestarslibrary:preBuild UP-TO-DATE
:fivestarslibrary:preDebugBuild UP-TO-DATE
:fivestarslibrary:checkDebugManifest
:fivestarslibrary:preDebugAndroidTestBuild UP-TO-DATE
:fivestarslibrary:preDebugUnitTestBuild UP-TO-DATE
:fivestarslibrary:preReleaseBuild UP-TO-DATE
:fivestarslibrary:preReleaseUnitTestBuild UP-TO-DATE
:fivestarslibrary:prepareComAndroidSupportAppcompatV72301Library UP-TO-DATE
:fivestarslibrary:prepareComAndroidSupportSupportV42301Library UP-TO-DATE
:fivestarslibrary:prepareDebugDependencies
:fivestarslibrary:compileDebugAidl UP-TO-DATE
:fivestarslibrary:compileDebugRenderscript UP-TO-DATE
:fivestarslibrary:generateDebugBuildConfig UP-TO-DATE
:fivestarslibrary:generateDebugAssets UP-TO-DATE
:fivestarslibrary:mergeDebugAssets UP-TO-DATE
:fivestarslibrary:generateDebugResValues UP-TO-DATE
:fivestarslibrary:generateDebugResources UP-TO-DATE
:fivestarslibrary:mergeDebugResources UP-TO-DATE
:fivestarslibrary:processDebugManifest UP-TO-DATE
:fivestarslibrary:processDebugResources UP-TO-DATE
:fivestarslibrary:generateDebugSources UP-TO-DATE
:fivestarslibrary:processDebugJavaRes UP-TO-DATE
:fivestarslibrary:compileDebugJavaWithJavac/tmp/rdisk/2484/src/fivestarslibrary/src/main/java/angtrim/com/fivestarslibrary/FiveStarsDialog.java:73: error: cannot find symbol
            LayerDrawable stars = (LayerDrawable) ratingBar.getProgressDrawable();
            ^
  symbol:   class LayerDrawable
  location: class FiveStarsDialog
/tmp/rdisk/2484/src/fivestarslibrary/src/main/java/angtrim/com/fivestarslibrary/FiveStarsDialog.java:73: error: cannot find symbol
            LayerDrawable stars = (LayerDrawable) ratingBar.getProgressDrawable();
                                   ^
  symbol:   class LayerDrawable
  location: class FiveStarsDialog
/tmp/rdisk/2484/src/fivestarslibrary/src/main/java/angtrim/com/fivestarslibrary/FiveStarsDialog.java:74: error: package PorterDuff does not exist
            stars.getDrawable(1).setColorFilter(starColor, PorterDuff.Mode.SRC_ATOP);
                                                                     ^
/tmp/rdisk/2484/src/fivestarslibrary/src/main/java/angtrim/com/fivestarslibrary/FiveStarsDialog.java:75: error: package PorterDuff does not exist
            stars.getDrawable(2).setColorFilter(starColor, PorterDuff.Mode.SRC_ATOP);
                                                                     ^
4 errors
 FAILED

FAILURE: Build failed with an exception.

* What went wrong:
Execution failed for task ':fivestarslibrary:compileDebugJavaWithJavac'.
> Compilation failed; see the compiler error output for details.

* Try:
Run with --info or --debug option to get more log output.

* Exception is:
org.gradle.api.tasks.TaskExecutionException: Execution failed for task ':fivestarslibrary:compileDebugJavaWithJavac'.
	at org.gradle.api.internal.tasks.execution.ExecuteActionsTaskExecuter.executeActions(ExecuteActionsTaskExecuter.java:69)
	at org.gradle.api.internal.tasks.execution.ExecuteActionsTaskExecuter.execute(ExecuteActionsTaskExecuter.java:46)
	at org.gradle.api.internal.tasks.execution.PostExecutionAnalysisTaskExecuter.execute(PostExecutionAnalysisTaskExecuter.java:35)
	at org.gradle.api.internal.tasks.execution.SkipUpToDateTaskExecuter.execute(SkipUpToDateTaskExecuter.java:64)
	at org.gradle.api.internal.tasks.execution.ValidatingTaskExecuter.execute(ValidatingTaskExecuter.java:58)
	at org.gradle.api.internal.tasks.execution.SkipEmptySourceFilesTaskExecuter.execute(SkipEmptySourceFilesTaskExecuter.java:42)
	at org.gradle.api.internal.tasks.execution.SkipTaskWithNoActionsExecuter.execute(SkipTaskWithNoActionsExecuter.java:52)
	at org.gradle.api.internal.tasks.execution.SkipOnlyIfTaskExecuter.execute(SkipOnlyIfTaskExecuter.java:53)
	at org.gradle.api.internal.tasks.execution.ExecuteAtMostOnceTaskExecuter.execute(ExecuteAtMostOnceTaskExecuter.java:43)
	at org.gradle.api.internal.AbstractTask.executeWithoutThrowingTaskFailure(AbstractTask.java:310)
	at org.gradle.execution.taskgraph.AbstractTaskPlanExecutor$TaskExecutorWorker.executeTask(AbstractTaskPlanExecutor.java:79)
	at org.gradle.execution.taskgraph.AbstractTaskPlanExecutor$TaskExecutorWorker.processTask(AbstractTaskPlanExecutor.java:63)
	at org.gradle.execution.taskgraph.AbstractTaskPlanExecutor$TaskExecutorWorker.run(AbstractTaskPlanExecutor.java:51)
	at org.gradle.execution.taskgraph.DefaultTaskPlanExecutor.process(DefaultTaskPlanExecutor.java:23)
	at org.gradle.execution.taskgraph.DefaultTaskGraphExecuter.execute(DefaultTaskGraphExecuter.java:88)
	at org.gradle.execution.SelectedTaskExecutionAction.execute(SelectedTaskExecutionAction.java:37)
	at org.gradle.execution.DefaultBuildExecuter.execute(DefaultBuildExecuter.java:62)
	at org.gradle.execution.DefaultBuildExecuter.access$200(DefaultBuildExecuter.java:23)
	at org.gradle.execution.DefaultBuildExecuter$2.proceed(DefaultBuildExecuter.java:68)
	at org.gradle.execution.DryRunBuildExecutionAction.execute(DryRunBuildExecutionAction.java:32)
	at org.gradle.execution.DefaultBuildExecuter.execute(DefaultBuildExecuter.java:62)
	at org.gradle.execution.DefaultBuildExecuter.execute(DefaultBuildExecuter.java:55)
	at org.gradle.initialization.DefaultGradleLauncher.doBuildStages(DefaultGradleLauncher.java:149)
	at org.gradle.initialization.DefaultGradleLauncher.doBuild(DefaultGradleLauncher.java:106)
	at org.gradle.initialization.DefaultGradleLauncher.run(DefaultGradleLauncher.java:86)
	at org.gradle.launcher.exec.InProcessBuildActionExecuter$DefaultBuildController.run(InProcessBuildActionExecuter.java:90)
	at org.gradle.tooling.internal.provider.ExecuteBuildActionRunner.run(ExecuteBuildActionRunner.java:28)
	at org.gradle.launcher.exec.ChainingBuildActionRunner.run(ChainingBuildActionRunner.java:35)
	at org.gradle.launcher.exec.InProcessBuildActionExecuter.execute(InProcessBuildActionExecuter.java:41)
	at org.gradle.launcher.exec.InProcessBuildActionExecuter.execute(InProcessBuildActionExecuter.java:28)
	at org.gradle.launcher.exec.DaemonUsageSuggestingBuildActionExecuter.execute(DaemonUsageSuggestingBuildActionExecuter.java:50)
	at org.gradle.launcher.exec.DaemonUsageSuggestingBuildActionExecuter.execute(DaemonUsageSuggestingBuildActionExecuter.java:27)
	at org.gradle.launcher.cli.RunBuildAction.run(RunBuildAction.java:40)
	at org.gradle.internal.Actions$RunnableActionAdapter.execute(Actions.java:169)
	at org.gradle.launcher.cli.CommandLineActionFactory$ParseAndBuildAction.execute(CommandLineActionFactory.java:237)
	at org.gradle.launcher.cli.CommandLineActionFactory$ParseAndBuildAction.execute(CommandLineActionFactory.java:210)
	at org.gradle.launcher.cli.JavaRuntimeValidationAction.execute(JavaRuntimeValidationAction.java:35)
	at org.gradle.launcher.cli.JavaRuntimeValidationAction.execute(JavaRuntimeValidationAction.java:24)
	at org.gradle.launcher.cli.CommandLineActionFactory$WithLogging.execute(CommandLineActionFactory.java:206)
	at org.gradle.launcher.cli.CommandLineActionFactory$WithLogging.execute(CommandLineActionFactory.java:169)
	at org.gradle.launcher.cli.ExceptionReportingAction.execute(ExceptionReportingAction.java:33)
	at org.gradle.launcher.cli.ExceptionReportingAction.execute(ExceptionReportingAction.java:22)
	at org.gradle.launcher.Main.doAction(Main.java:33)
	at org.gradle.launcher.bootstrap.EntryPoint.run(EntryPoint.java:45)
	at org.gradle.launcher.bootstrap.ProcessBootstrap.runNoExit(ProcessBootstrap.java:54)
	at org.gradle.launcher.bootstrap.ProcessBootstrap.run(ProcessBootstrap.java:35)
	at org.gradle.launcher.GradleMain.main(GradleMain.java:23)
	at org.gradle.wrapper.BootstrapMainStarter.start(BootstrapMainStarter.java:33)
	at org.gradle.wrapper.WrapperExecutor.execute(WrapperExecutor.java:130)
	at org.gradle.wrapper.GradleWrapperMain.main(GradleWrapperMain.java:48)
Caused by: org.gradle.api.internal.tasks.compile.CompilationFailedException: Compilation failed; see the compiler error output for details.
	at org.gradle.api.internal.tasks.compile.JdkJavaCompiler.execute(JdkJavaCompiler.java:47)
	at org.gradle.api.internal.tasks.compile.JdkJavaCompiler.execute(JdkJavaCompiler.java:33)
	at org.gradle.api.internal.tasks.compile.NormalizingJavaCompiler.delegateAndHandleErrors(NormalizingJavaCompiler.java:101)
	at org.gradle.api.internal.tasks.compile.NormalizingJavaCompiler.execute(NormalizingJavaCompiler.java:50)
	at org.gradle.api.internal.tasks.compile.NormalizingJavaCompiler.execute(NormalizingJavaCompiler.java:36)
	at org.gradle.api.internal.tasks.compile.CleaningJavaCompilerSupport.execute(CleaningJavaCompilerSupport.java:34)
	at org.gradle.api.internal.tasks.compile.CleaningJavaCompilerSupport.execute(CleaningJavaCompilerSupport.java:25)
	at org.gradle.api.tasks.compile.JavaCompile.performCompilation(JavaCompile.java:157)
	at org.gradle.api.tasks.compile.JavaCompile.compile(JavaCompile.java:137)
	at org.gradle.api.tasks.compile.JavaCompile.compile(JavaCompile.java:91)
	at org.gradle.internal.reflect.JavaMethod.invoke(JavaMethod.java:75)
	at org.gradle.api.internal.project.taskfactory.AnnotationProcessingTaskFactory$IncrementalTaskAction.doExecute(AnnotationProcessingTaskFactory.java:243)
	at org.gradle.api.internal.project.taskfactory.AnnotationProcessingTaskFactory$StandardTaskAction.execute(AnnotationProcessingTaskFactory.java:219)
	at org.gradle.api.internal.project.taskfactory.AnnotationProcessingTaskFactory$IncrementalTaskAction.execute(AnnotationProcessingTaskFactory.java:230)
	at org.gradle.api.internal.project.taskfactory.AnnotationProcessingTaskFactory$StandardTaskAction.execute(AnnotationProcessingTaskFactory.java:208)
	at org.gradle.api.internal.tasks.execution.ExecuteActionsTaskExecuter.executeAction(ExecuteActionsTaskExecuter.java:80)
	at org.gradle.api.internal.tasks.execution.ExecuteActionsTaskExecuter.executeActions(ExecuteActionsTaskExecuter.java:61)
	... 49 more


BUILD FAILED

Total time: 6.635 secs

2018-04-02 03:24:32,123 ERROR FullProcessService - Project build has not produced APK file
2018-04-02 03:24:32,153 ERROR FullProcessService - Could not find generated or existed APK file
