2018-04-02 13:48:51,467 INFO  DownloadService - Downloading "https://github.com/amphiaraus/TLog-master/archive/master.zip", attempt 3
2018-04-02 13:49:52,078 INFO  GithubDownloadService - Could not find ZIP archive for master branch
2018-04-02 13:49:52,803 INFO  GithubDownloadService - Default branch of this repository: master
2018-04-02 13:49:52,803 INFO  DownloadService - Downloading "https://github.com/amphiaraus/TLog-master/archive/master.zip", attempt 3
2018-04-02 13:50:54,111 DEBUG FullProcessService - Repository https://github.com/amphiaraus/TLog-master available: true
2018-04-02 13:50:54,111 INFO  FullProcessService - Could not download ZIP file from Github, lets clone it
2018-04-02 13:50:54,111 INFO  SysUtils - Execute command: [git, clone, -q, --single-branch, --depth, 1, https://github.com/amphiaraus/TLog-master, /tmp/rdisk/2279/src]
2018-04-02 13:50:55,409 INFO  SysUtils - 
2018-04-02 13:50:55,416 INFO  GitService - Deleted "/tmp/rdisk/2279/src/.git": true
2018-04-02 13:50:55,418 INFO  FullProcessService - Size of directory with sources: 53 KB
2018-04-02 13:50:55,418 INFO  SysUtils - Execute command: [git, init, /tmp/rdisk/2279/src]
2018-04-02 13:50:55,422 INFO  SysUtils - Initialized empty Git repository in /tmp/rdisk/2279/src/.git/

2018-04-02 13:50:55,424 INFO  ProjectBuildService - Gradle wrapper(s): /tmp/rdisk/2279/src/gradlew
2018-04-02 13:50:55,425 INFO  ProjectBuildService - Build script(s): /tmp/rdisk/2279/src/tlog/build.gradle /tmp/rdisk/2279/src/build.gradle
2018-04-02 13:50:55,426 INFO  ProjectBuildService - All script(s): /tmp/rdisk/2279/src/tlog/gradle-mvn-push.gradle /tmp/rdisk/2279/src/tlog/build.gradle /tmp/rdisk/2279/src/settings.gradle /tmp/rdisk/2279/src/build.gradle
2018-04-02 13:50:55,427 INFO  ProjectBuildService - Remote scripts: none
2018-04-02 13:50:55,427 INFO  ProjectFixService - Fixing project...
2018-04-02 13:50:55,434 INFO  LocalPropertiesFixService - Created fake /tmp/rdisk/2279/src/tlog/local.properties
2018-04-02 13:50:55,434 INFO  ProjectFixService - Build info for "/tmp/rdisk/2279/src/tlog/build.gradle": [buildToolsVersion=21.1.2,compileSdkVersion=21,minSdkVersion=9,targetSdkVersion=21]
2018-04-02 13:50:55,434 INFO  LocalPropertiesFixService - Created fake /tmp/rdisk/2279/src/local.properties
2018-04-02 13:50:55,436 INFO  ProjectFixService - Build info for "/tmp/rdisk/2279/src/build.gradle": [buildToolsVersion=21.1.2,compileSdkVersion=21,minSdkVersion=9,targetSdkVersion=21]
2018-04-02 13:50:55,436 INFO  ProjectFixService - Project was maybe fixed
2018-04-02 13:50:55,436 INFO  ProjectTaskService - Detecting possible tasks...
2018-04-02 13:50:55,436 INFO  SysUtils - Execute command: [/tmp/rdisk/2279/src/gradlew, -b, /tmp/rdisk/2279/src/tlog/build.gradle, -Dorg.gradle.daemon=false, -Dorg.gradle.daemon.performance.enable-monitoring=false, -Dorg.gradle.configureondemand=true, tasks]
2018-04-02 13:50:55,589 ERROR ProjectTaskService - Could not detect possible Gradle tasks: Process exited with an error: 1 (Exit value: 1)
2018-04-02 13:50:55,589 INFO  ProjectTaskService - Detected possible tasks: 0
2018-04-02 13:50:55,589 INFO  ProjectTaskService - Excluded tasks (0): none
2018-04-02 13:50:55,589 INFO  SysUtils - Execute command: [/tmp/rdisk/2279/src/gradlew, -b, /tmp/rdisk/2279/src/tlog/build.gradle, -Dorg.gradle.daemon=false, -Dorg.gradle.daemon.performance.enable-monitoring=false, -Dorg.gradle.configureondemand=true, --stacktrace, build]
2018-04-02 13:50:55,691 ERROR SysUtils - Could not process external command
org.apache.commons.exec.ExecuteException: Process exited with an error: 1 (Exit value: 1)
	at org.apache.commons.exec.DefaultExecutor.executeInternal(DefaultExecutor.java:404)
	at org.apache.commons.exec.DefaultExecutor.execute(DefaultExecutor.java:166)
	at com.github.vbauer.apkmaster.util.SysUtils.execute(SysUtils.java:67)
	at com.github.vbauer.apkmaster.util.SysUtils.executeSimple(SysUtils.java:43)
	at com.github.vbauer.apkmaster.service.assembly.ProjectBuildService.buildProject(ProjectBuildService.java:78)
	at com.github.vbauer.apkmaster.service.assembly.ProjectBuildService.buildProject(ProjectBuildService.java:64)
	at com.github.vbauer.apkmaster.service.assembly.ProjectBuildService.buildProject(ProjectBuildService.java:43)
	at com.github.vbauer.apkmaster.service.FullProcessService.build(FullProcessService.java:84)
	at com.github.vbauer.apkmaster.service.FullProcessService.process(FullProcessService.java:34)
	at com.github.vbauer.apkmaster.app.MainApplication.process(MainApplication.java:38)
	at com.github.vbauer.apkmaster.app.MainApplication.main(MainApplication.java:20)
	at sun.reflect.GeneratedMethodAccessor8.invoke(Unknown Source)
	at sun.reflect.DelegatingMethodAccessorImpl.invoke(DelegatingMethodAccessorImpl.java:43)
	at java.lang.reflect.Method.invoke(Method.java:498)
	at com.android.arsenal.util.ReflectionUtils.invoke(ReflectionUtils.java:42)
	at com.android.arsenal.util.ApkMasterUtils.main(ApkMasterUtils.java:30)
	at com.android.arsenal.service.processor.impl.BuildProcessorServiceImpl.buildProject(BuildProcessorServiceImpl.java:197)
	at com.android.arsenal.service.processor.impl.BuildProcessorServiceImpl.build(BuildProcessorServiceImpl.java:131)
	at com.android.arsenal.service.processor.impl.BuildProcessorServiceImpl.lambda$null$1(BuildProcessorServiceImpl.java:114)
	at java.util.concurrent.FutureTask.run(FutureTask.java:266)
	at java.util.concurrent.Executors$RunnableAdapter.call(Executors.java:511)
	at java.util.concurrent.FutureTask.run(FutureTask.java:266)
	at java.util.concurrent.ThreadPoolExecutor.runWorker(ThreadPoolExecutor.java:1149)
	at java.util.concurrent.ThreadPoolExecutor$Worker.run(ThreadPoolExecutor.java:624)
	at java.lang.Thread.run(Thread.java:748)
2018-04-02 13:50:55,692 INFO  SysUtils - Error: Could not find or load main class org.gradle.wrapper.GradleWrapperMain

2018-04-02 13:50:55,693 INFO  ProjectTaskService - Detecting possible tasks...
2018-04-02 13:50:55,693 INFO  SysUtils - Execute command: [/tmp/rdisk/2279/src/gradlew, -b, /tmp/rdisk/2279/src/build.gradle, -Dorg.gradle.daemon=false, -Dorg.gradle.daemon.performance.enable-monitoring=false, -Dorg.gradle.configureondemand=true, tasks]
2018-04-02 13:50:55,796 ERROR ProjectTaskService - Could not detect possible Gradle tasks: Process exited with an error: 1 (Exit value: 1)
2018-04-02 13:50:55,797 INFO  ProjectTaskService - Detected possible tasks: 0
2018-04-02 13:50:55,797 INFO  ProjectTaskService - Excluded tasks (0): none
2018-04-02 13:50:55,797 INFO  SysUtils - Execute command: [/tmp/rdisk/2279/src/gradlew, -b, /tmp/rdisk/2279/src/build.gradle, -Dorg.gradle.daemon=false, -Dorg.gradle.daemon.performance.enable-monitoring=false, -Dorg.gradle.configureondemand=true, --stacktrace, build]
2018-04-02 13:50:55,900 ERROR SysUtils - Could not process external command
org.apache.commons.exec.ExecuteException: Process exited with an error: 1 (Exit value: 1)
	at org.apache.commons.exec.DefaultExecutor.executeInternal(DefaultExecutor.java:404)
	at org.apache.commons.exec.DefaultExecutor.execute(DefaultExecutor.java:166)
	at com.github.vbauer.apkmaster.util.SysUtils.execute(SysUtils.java:67)
	at com.github.vbauer.apkmaster.util.SysUtils.executeSimple(SysUtils.java:43)
	at com.github.vbauer.apkmaster.service.assembly.ProjectBuildService.buildProject(ProjectBuildService.java:78)
	at com.github.vbauer.apkmaster.service.assembly.ProjectBuildService.buildProject(ProjectBuildService.java:64)
	at com.github.vbauer.apkmaster.service.assembly.ProjectBuildService.buildProject(ProjectBuildService.java:43)
	at com.github.vbauer.apkmaster.service.FullProcessService.build(FullProcessService.java:84)
	at com.github.vbauer.apkmaster.service.FullProcessService.process(FullProcessService.java:34)
	at com.github.vbauer.apkmaster.app.MainApplication.process(MainApplication.java:38)
	at com.github.vbauer.apkmaster.app.MainApplication.main(MainApplication.java:20)
	at sun.reflect.GeneratedMethodAccessor8.invoke(Unknown Source)
	at sun.reflect.DelegatingMethodAccessorImpl.invoke(DelegatingMethodAccessorImpl.java:43)
	at java.lang.reflect.Method.invoke(Method.java:498)
	at com.android.arsenal.util.ReflectionUtils.invoke(ReflectionUtils.java:42)
	at com.android.arsenal.util.ApkMasterUtils.main(ApkMasterUtils.java:30)
	at com.android.arsenal.service.processor.impl.BuildProcessorServiceImpl.buildProject(BuildProcessorServiceImpl.java:197)
	at com.android.arsenal.service.processor.impl.BuildProcessorServiceImpl.build(BuildProcessorServiceImpl.java:131)
	at com.android.arsenal.service.processor.impl.BuildProcessorServiceImpl.lambda$null$1(BuildProcessorServiceImpl.java:114)
	at java.util.concurrent.FutureTask.run(FutureTask.java:266)
	at java.util.concurrent.Executors$RunnableAdapter.call(Executors.java:511)
	at java.util.concurrent.FutureTask.run(FutureTask.java:266)
	at java.util.concurrent.ThreadPoolExecutor.runWorker(ThreadPoolExecutor.java:1149)
	at java.util.concurrent.ThreadPoolExecutor$Worker.run(ThreadPoolExecutor.java:624)
	at java.lang.Thread.run(Thread.java:748)
2018-04-02 13:50:55,900 INFO  SysUtils - Error: Could not find or load main class org.gradle.wrapper.GradleWrapperMain

2018-04-02 13:50:55,902 ERROR FullProcessService - Project build has not produced APK file
2018-04-02 13:50:55,903 ERROR FullProcessService - Could not find generated or existed APK file
