2018-05-22 05:16:00,734 INFO  DownloadService - Downloading "https://github.com/mwolfson/android-historian/archive/master.zip", attempt 3
2018-05-22 05:17:01,207 INFO  GithubDownloadService - Could not find ZIP archive for master branch
2018-05-22 05:17:01,937 INFO  GithubDownloadService - Default branch of this repository: master
2018-05-22 05:17:01,937 INFO  DownloadService - Downloading "https://github.com/mwolfson/android-historian/archive/master.zip", attempt 3
2018-05-22 05:18:03,460 DEBUG FullProcessService - Repository https://github.com/mwolfson/android-historian available: true
2018-05-22 05:18:03,460 INFO  FullProcessService - Could not download ZIP file from Github, lets clone it
2018-05-22 05:18:03,460 INFO  SysUtils - Execute command: [git, clone, -q, --single-branch, --depth, 1, https://github.com/mwolfson/android-historian, /tmp/rdisk/2445/src]
2018-05-22 05:18:26,906 INFO  SysUtils - 
2018-05-22 05:18:26,913 INFO  GitService - Deleted "/tmp/rdisk/2445/src/.git": true
2018-05-22 05:18:26,918 INFO  FullProcessService - Size of directory with sources: 45 MB
2018-05-22 05:18:26,918 INFO  SysUtils - Execute command: [git, init, /tmp/rdisk/2445/src]
2018-05-22 05:18:26,923 INFO  SysUtils - Initialized empty Git repository in /tmp/rdisk/2445/src/.git/

2018-05-22 05:18:26,927 INFO  ProjectBuildService - Gradle wrapper(s): /tmp/rdisk/2445/src/gradlew
2018-05-22 05:18:26,930 INFO  ProjectBuildService - Build script(s): /tmp/rdisk/2445/src/app/build.gradle /tmp/rdisk/2445/src/build.gradle
2018-05-22 05:18:26,934 INFO  ProjectBuildService - All script(s): /tmp/rdisk/2445/src/settings.gradle /tmp/rdisk/2445/src/build.gradle /tmp/rdisk/2445/src/app/build.gradle
2018-05-22 05:18:26,934 INFO  ProjectBuildService - Remote scripts: none
2018-05-22 05:18:26,934 INFO  ProjectFixService - Fixing project...
2018-05-22 05:18:26,942 INFO  LocalPropertiesFixService - Created fake /tmp/rdisk/2445/src/app/local.properties
2018-05-22 05:18:26,942 INFO  ProjectFixService - Build info for "/tmp/rdisk/2445/src/app/build.gradle": [buildToolsVersion=27.0.3,compileSdkVersion=<null>,minSdkVersion=14,targetSdkVersion=28]
2018-05-22 05:18:26,942 INFO  ProjectFixService - Fixed build info for "/tmp/rdisk/2445/src/app/build.gradle": [buildToolsVersion=27.0.3,compileSdkVersion=27,minSdkVersion=14,targetSdkVersion=27]
2018-05-22 05:18:26,943 INFO  LocalPropertiesFixService - Created fake /tmp/rdisk/2445/src/local.properties
2018-05-22 05:18:26,943 INFO  WrapperPropertiesFixService - Gradle wrapper: https://services.gradle.org/distributions/gradle-4.6-all.zip
2018-05-22 05:18:26,943 INFO  WrapperPropertiesFixService - Gradle wrapper was changed from "-all.zip" to "-bin.zip" (https://services.gradle.org/distributions/gradle-4.6-bin.zip)
2018-05-22 05:18:26,944 INFO  ProjectFixService - Build info for "/tmp/rdisk/2445/src/build.gradle": [buildToolsVersion=27.0.3,compileSdkVersion=<null>,minSdkVersion=14,targetSdkVersion=27]
2018-05-22 05:18:26,944 INFO  ProjectFixService - Fixed build info for "/tmp/rdisk/2445/src/build.gradle": [buildToolsVersion=27.0.3,compileSdkVersion=27,minSdkVersion=14,targetSdkVersion=27]
2018-05-22 05:18:26,944 INFO  ProjectFixService - Project was maybe fixed
2018-05-22 05:18:26,945 INFO  ProjectTaskService - Detecting possible tasks...
2018-05-22 05:18:26,945 INFO  SysUtils - Execute command: [/tmp/rdisk/2445/src/gradlew, -b, /tmp/rdisk/2445/src/app/build.gradle, -Dorg.gradle.daemon=false, -Dorg.gradle.daemon.performance.enable-monitoring=false, -Dorg.gradle.configureondemand=true, tasks]
2018-05-22 05:18:27,051 ERROR ProjectTaskService - Could not detect possible Gradle tasks: Process exited with an error: 1 (Exit value: 1)
2018-05-22 05:18:27,051 INFO  ProjectTaskService - Detected possible tasks: 0
2018-05-22 05:18:27,051 INFO  ProjectTaskService - Excluded tasks (0): none
2018-05-22 05:18:27,051 INFO  SysUtils - Execute command: [/tmp/rdisk/2445/src/gradlew, -b, /tmp/rdisk/2445/src/app/build.gradle, -Dorg.gradle.daemon=false, -Dorg.gradle.daemon.performance.enable-monitoring=false, -Dorg.gradle.configureondemand=true, --stacktrace, build]
2018-05-22 05:18:27,147 ERROR SysUtils - Could not process external command
org.apache.commons.exec.ExecuteException: Process exited with an error: 1 (Exit value: 1)
	at org.apache.commons.exec.DefaultExecutor.executeInternal(DefaultExecutor.java:404)
	at org.apache.commons.exec.DefaultExecutor.execute(DefaultExecutor.java:166)
	at com.github.vbauer.apkmaster.util.SysUtils.execute(SysUtils.java:67)
	at com.github.vbauer.apkmaster.util.SysUtils.executeSimple(SysUtils.java:43)
	at com.github.vbauer.apkmaster.service.assembly.ProjectBuildService.buildProject(ProjectBuildService.java:78)
	at com.github.vbauer.apkmaster.service.assembly.ProjectBuildService.buildProject(ProjectBuildService.java:64)
	at com.github.vbauer.apkmaster.service.assembly.ProjectBuildService.buildProject(ProjectBuildService.java:43)
	at com.github.vbauer.apkmaster.service.FullProcessService.build(FullProcessService.java:84)
	at com.github.vbauer.apkmaster.service.FullProcessService.process(FullProcessService.java:34)
	at com.github.vbauer.apkmaster.app.MainApplication.process(MainApplication.java:38)
	at com.github.vbauer.apkmaster.app.MainApplication.main(MainApplication.java:20)
	at sun.reflect.GeneratedMethodAccessor8.invoke(Unknown Source)
	at sun.reflect.DelegatingMethodAccessorImpl.invoke(DelegatingMethodAccessorImpl.java:43)
	at java.lang.reflect.Method.invoke(Method.java:498)
	at com.android.arsenal.util.ReflectionUtils.invoke(ReflectionUtils.java:42)
	at com.android.arsenal.util.ApkMasterUtils.main(ApkMasterUtils.java:30)
	at com.android.arsenal.service.processor.impl.BuildProcessorServiceImpl.buildProject(BuildProcessorServiceImpl.java:197)
	at com.android.arsenal.service.processor.impl.BuildProcessorServiceImpl.build(BuildProcessorServiceImpl.java:131)
	at com.android.arsenal.service.processor.impl.BuildProcessorServiceImpl.lambda$null$1(BuildProcessorServiceImpl.java:114)
	at java.util.concurrent.FutureTask.run(FutureTask.java:266)
	at java.util.concurrent.Executors$RunnableAdapter.call(Executors.java:511)
	at java.util.concurrent.FutureTask.run(FutureTask.java:266)
	at java.util.concurrent.ThreadPoolExecutor.runWorker(ThreadPoolExecutor.java:1149)
	at java.util.concurrent.ThreadPoolExecutor$Worker.run(ThreadPoolExecutor.java:624)
	at java.lang.Thread.run(Thread.java:748)
2018-05-22 05:18:27,147 INFO  SysUtils - Error: Could not find or load main class org.gradle.wrapper.GradleWrapperMain

2018-05-22 05:18:27,151 INFO  ProjectTaskService - Detecting possible tasks...
2018-05-22 05:18:27,151 INFO  SysUtils - Execute command: [/tmp/rdisk/2445/src/gradlew, -b, /tmp/rdisk/2445/src/build.gradle, -Dorg.gradle.daemon=false, -Dorg.gradle.daemon.performance.enable-monitoring=false, -Dorg.gradle.configureondemand=true, tasks]
2018-05-22 05:18:27,248 ERROR ProjectTaskService - Could not detect possible Gradle tasks: Process exited with an error: 1 (Exit value: 1)
2018-05-22 05:18:27,248 INFO  ProjectTaskService - Detected possible tasks: 0
2018-05-22 05:18:27,248 INFO  ProjectTaskService - Excluded tasks (0): none
2018-05-22 05:18:27,248 INFO  SysUtils - Execute command: [/tmp/rdisk/2445/src/gradlew, -b, /tmp/rdisk/2445/src/build.gradle, -Dorg.gradle.daemon=false, -Dorg.gradle.daemon.performance.enable-monitoring=false, -Dorg.gradle.configureondemand=true, --stacktrace, build]
2018-05-22 05:18:27,351 ERROR SysUtils - Could not process external command
org.apache.commons.exec.ExecuteException: Process exited with an error: 1 (Exit value: 1)
	at org.apache.commons.exec.DefaultExecutor.executeInternal(DefaultExecutor.java:404)
	at org.apache.commons.exec.DefaultExecutor.execute(DefaultExecutor.java:166)
	at com.github.vbauer.apkmaster.util.SysUtils.execute(SysUtils.java:67)
	at com.github.vbauer.apkmaster.util.SysUtils.executeSimple(SysUtils.java:43)
	at com.github.vbauer.apkmaster.service.assembly.ProjectBuildService.buildProject(ProjectBuildService.java:78)
	at com.github.vbauer.apkmaster.service.assembly.ProjectBuildService.buildProject(ProjectBuildService.java:64)
	at com.github.vbauer.apkmaster.service.assembly.ProjectBuildService.buildProject(ProjectBuildService.java:43)
	at com.github.vbauer.apkmaster.service.FullProcessService.build(FullProcessService.java:84)
	at com.github.vbauer.apkmaster.service.FullProcessService.process(FullProcessService.java:34)
	at com.github.vbauer.apkmaster.app.MainApplication.process(MainApplication.java:38)
	at com.github.vbauer.apkmaster.app.MainApplication.main(MainApplication.java:20)
	at sun.reflect.GeneratedMethodAccessor8.invoke(Unknown Source)
	at sun.reflect.DelegatingMethodAccessorImpl.invoke(DelegatingMethodAccessorImpl.java:43)
	at java.lang.reflect.Method.invoke(Method.java:498)
	at com.android.arsenal.util.ReflectionUtils.invoke(ReflectionUtils.java:42)
	at com.android.arsenal.util.ApkMasterUtils.main(ApkMasterUtils.java:30)
	at com.android.arsenal.service.processor.impl.BuildProcessorServiceImpl.buildProject(BuildProcessorServiceImpl.java:197)
	at com.android.arsenal.service.processor.impl.BuildProcessorServiceImpl.build(BuildProcessorServiceImpl.java:131)
	at com.android.arsenal.service.processor.impl.BuildProcessorServiceImpl.lambda$null$1(BuildProcessorServiceImpl.java:114)
	at java.util.concurrent.FutureTask.run(FutureTask.java:266)
	at java.util.concurrent.Executors$RunnableAdapter.call(Executors.java:511)
	at java.util.concurrent.FutureTask.run(FutureTask.java:266)
	at java.util.concurrent.ThreadPoolExecutor.runWorker(ThreadPoolExecutor.java:1149)
	at java.util.concurrent.ThreadPoolExecutor$Worker.run(ThreadPoolExecutor.java:624)
	at java.lang.Thread.run(Thread.java:748)
2018-05-22 05:18:27,352 INFO  SysUtils - Error: Could not find or load main class org.gradle.wrapper.GradleWrapperMain

2018-05-22 05:18:27,355 ERROR FullProcessService - Project build has not produced APK file
2018-05-22 05:18:27,359 ERROR FullProcessService - Could not find generated or existed APK file
