2018-04-02 05:53:10,577 INFO  DownloadService - Downloading "https://github.com/jcmore2/Collage/archive/master.zip", attempt 3
2018-04-02 05:54:11,044 INFO  GithubDownloadService - Could not find ZIP archive for master branch
2018-04-02 05:54:11,705 INFO  GithubDownloadService - Default branch of this repository: master
2018-04-02 05:54:11,705 INFO  DownloadService - Downloading "https://github.com/jcmore2/Collage/archive/master.zip", attempt 3
2018-04-02 05:55:12,854 DEBUG FullProcessService - Repository https://github.com/jcmore2/Collage available: true
2018-04-02 05:55:12,854 INFO  FullProcessService - Could not download ZIP file from Github, lets clone it
2018-04-02 05:55:12,854 INFO  SysUtils - Execute command: [git, clone, -q, --single-branch, --depth, 1, https://github.com/jcmore2/Collage, /tmp/rdisk/2402/src]
2018-04-02 05:55:47,336 INFO  SysUtils - 
2018-04-02 05:55:47,364 INFO  GitService - Deleted "/tmp/rdisk/2402/src/.git": true
2018-04-02 05:55:47,403 INFO  FullProcessService - Size of directory with sources: 36 MB
2018-04-02 05:55:47,403 INFO  SysUtils - Execute command: [git, init, /tmp/rdisk/2402/src]
2018-04-02 05:55:47,414 INFO  SysUtils - Initialized empty Git repository in /tmp/rdisk/2402/src/.git/

2018-04-02 05:55:47,442 INFO  ProjectBuildService - Gradle wrapper(s): /tmp/rdisk/2402/src/CollageSample/gradlew
2018-04-02 05:55:47,470 INFO  ProjectBuildService - Build script(s): /tmp/rdisk/2402/src/CollageSample/collage/build.gradle /tmp/rdisk/2402/src/CollageSample/collageSample/build.gradle /tmp/rdisk/2402/src/CollageSample/build.gradle
2018-04-02 05:55:47,497 INFO  ProjectBuildService - All script(s): /tmp/rdisk/2402/src/CollageSample/settings.gradle /tmp/rdisk/2402/src/CollageSample/collageSample/build.gradle /tmp/rdisk/2402/src/CollageSample/collage/build.gradle /tmp/rdisk/2402/src/CollageSample/build.gradle
2018-04-02 05:55:47,497 INFO  DownloadService - Downloading "https://raw.githubusercontent.com/nuuneoi/JCenter/master/bintrayv1.gradle", attempt 3
2018-04-02 05:56:47,499 ERROR RemoteScriptService - Could not download content from "https://raw.githubusercontent.com/nuuneoi/JCenter/master/bintrayv1.gradle"
org.apache.http.conn.ConnectionPoolTimeoutException: Timeout waiting for connection from pool
	at org.apache.http.impl.conn.PoolingHttpClientConnectionManager.leaseConnection(PoolingHttpClientConnectionManager.java:313)
	at org.apache.http.impl.conn.PoolingHttpClientConnectionManager$1.get(PoolingHttpClientConnectionManager.java:279)
	at org.apache.http.impl.execchain.MainClientExec.execute(MainClientExec.java:191)
	at org.apache.http.impl.execchain.ProtocolExec.execute(ProtocolExec.java:185)
	at org.apache.http.impl.execchain.RetryExec.execute(RetryExec.java:89)
	at org.apache.http.impl.execchain.RedirectExec.execute(RedirectExec.java:111)
	at org.apache.http.impl.client.InternalHttpClient.doExecute(InternalHttpClient.java:185)
	at org.apache.http.impl.client.CloseableHttpClient.execute(CloseableHttpClient.java:83)
	at org.apache.http.impl.client.CloseableHttpClient.execute(CloseableHttpClient.java:108)
	at com.github.vbauer.apkmaster.service.network.DownloadService.download(DownloadService.java:112)
	at com.github.vbauer.apkmaster.service.network.DownloadService.downloadContent(DownloadService.java:91)
	at com.github.vbauer.apkmaster.service.assembly.RemoteScriptService.fetchRemoteScript(RemoteScriptService.java:42)
	at com.github.vbauer.apkmaster.service.assembly.RemoteScriptService.detect(RemoteScriptService.java:31)
	at com.github.vbauer.apkmaster.service.assembly.ProjectInfoService.getProjectInfo(ProjectInfoService.java:48)
	at com.github.vbauer.apkmaster.service.FullProcessService.build(FullProcessService.java:77)
	at com.github.vbauer.apkmaster.service.FullProcessService.process(FullProcessService.java:34)
	at com.github.vbauer.apkmaster.app.MainApplication.process(MainApplication.java:38)
	at com.github.vbauer.apkmaster.app.MainApplication.main(MainApplication.java:20)
	at sun.reflect.GeneratedMethodAccessor9.invoke(Unknown Source)
	at sun.reflect.DelegatingMethodAccessorImpl.invoke(DelegatingMethodAccessorImpl.java:43)
	at java.lang.reflect.Method.invoke(Method.java:498)
	at com.android.arsenal.util.ReflectionUtils.invoke(ReflectionUtils.java:42)
	at com.android.arsenal.util.ApkMasterUtils.main(ApkMasterUtils.java:30)
	at com.android.arsenal.service.processor.impl.BuildProcessorServiceImpl.buildProject(BuildProcessorServiceImpl.java:197)
	at com.android.arsenal.service.processor.impl.BuildProcessorServiceImpl.build(BuildProcessorServiceImpl.java:131)
	at com.android.arsenal.service.processor.impl.BuildProcessorServiceImpl.lambda$null$1(BuildProcessorServiceImpl.java:114)
	at java.util.concurrent.FutureTask.run(FutureTask.java:266)
	at java.util.concurrent.Executors$RunnableAdapter.call(Executors.java:511)
	at java.util.concurrent.FutureTask.run(FutureTask.java:266)
	at java.util.concurrent.ThreadPoolExecutor.runWorker(ThreadPoolExecutor.java:1149)
	at java.util.concurrent.ThreadPoolExecutor$Worker.run(ThreadPoolExecutor.java:624)
	at java.lang.Thread.run(Thread.java:748)
2018-04-02 05:56:47,499 INFO  DownloadService - Downloading "https://raw.githubusercontent.com/nuuneoi/JCenter/master/installv1.gradle", attempt 3
2018-04-02 05:57:47,500 ERROR RemoteScriptService - Could not download content from "https://raw.githubusercontent.com/nuuneoi/JCenter/master/installv1.gradle"
org.apache.http.conn.ConnectionPoolTimeoutException: Timeout waiting for connection from pool
	at org.apache.http.impl.conn.PoolingHttpClientConnectionManager.leaseConnection(PoolingHttpClientConnectionManager.java:313)
	at org.apache.http.impl.conn.PoolingHttpClientConnectionManager$1.get(PoolingHttpClientConnectionManager.java:279)
	at org.apache.http.impl.execchain.MainClientExec.execute(MainClientExec.java:191)
	at org.apache.http.impl.execchain.ProtocolExec.execute(ProtocolExec.java:185)
	at org.apache.http.impl.execchain.RetryExec.execute(RetryExec.java:89)
	at org.apache.http.impl.execchain.RedirectExec.execute(RedirectExec.java:111)
	at org.apache.http.impl.client.InternalHttpClient.doExecute(InternalHttpClient.java:185)
	at org.apache.http.impl.client.CloseableHttpClient.execute(CloseableHttpClient.java:83)
	at org.apache.http.impl.client.CloseableHttpClient.execute(CloseableHttpClient.java:108)
	at com.github.vbauer.apkmaster.service.network.DownloadService.download(DownloadService.java:112)
	at com.github.vbauer.apkmaster.service.network.DownloadService.downloadContent(DownloadService.java:91)
	at com.github.vbauer.apkmaster.service.assembly.RemoteScriptService.fetchRemoteScript(RemoteScriptService.java:42)
	at com.github.vbauer.apkmaster.service.assembly.RemoteScriptService.detect(RemoteScriptService.java:31)
	at com.github.vbauer.apkmaster.service.assembly.ProjectInfoService.getProjectInfo(ProjectInfoService.java:48)
	at com.github.vbauer.apkmaster.service.FullProcessService.build(FullProcessService.java:77)
	at com.github.vbauer.apkmaster.service.FullProcessService.process(FullProcessService.java:34)
	at com.github.vbauer.apkmaster.app.MainApplication.process(MainApplication.java:38)
	at com.github.vbauer.apkmaster.app.MainApplication.main(MainApplication.java:20)
	at sun.reflect.GeneratedMethodAccessor9.invoke(Unknown Source)
	at sun.reflect.DelegatingMethodAccessorImpl.invoke(DelegatingMethodAccessorImpl.java:43)
	at java.lang.reflect.Method.invoke(Method.java:498)
	at com.android.arsenal.util.ReflectionUtils.invoke(ReflectionUtils.java:42)
	at com.android.arsenal.util.ApkMasterUtils.main(ApkMasterUtils.java:30)
	at com.android.arsenal.service.processor.impl.BuildProcessorServiceImpl.buildProject(BuildProcessorServiceImpl.java:197)
	at com.android.arsenal.service.processor.impl.BuildProcessorServiceImpl.build(BuildProcessorServiceImpl.java:131)
	at com.android.arsenal.service.processor.impl.BuildProcessorServiceImpl.lambda$null$1(BuildProcessorServiceImpl.java:114)
	at java.util.concurrent.FutureTask.run(FutureTask.java:266)
	at java.util.concurrent.Executors$RunnableAdapter.call(Executors.java:511)
	at java.util.concurrent.FutureTask.run(FutureTask.java:266)
	at java.util.concurrent.ThreadPoolExecutor.runWorker(ThreadPoolExecutor.java:1149)
	at java.util.concurrent.ThreadPoolExecutor$Worker.run(ThreadPoolExecutor.java:624)
	at java.lang.Thread.run(Thread.java:748)
2018-04-02 05:57:47,500 INFO  ProjectBuildService - Remote scripts: none
2018-04-02 05:57:47,500 INFO  ProjectFixService - Fixing project...
2018-04-02 05:57:47,527 INFO  ManifestFixService - Found manifest(s): /tmp/rdisk/2402/src/CollageSample/collage/build/tmp/sourcesJar/MANIFEST.MF /tmp/rdisk/2402/src/CollageSample/collage/build/tmp/packageReleaseJar/MANIFEST.MF /tmp/rdisk/2402/src/CollageSample/collage/build/tmp/packageDebugJar/MANIFEST.MF /tmp/rdisk/2402/src/CollageSample/collage/build/tmp/javadocJar/MANIFEST.MF
2018-04-02 05:57:47,556 INFO  LocalPropertiesFixService - Created fake /tmp/rdisk/2402/src/CollageSample/collage/local.properties
2018-04-02 05:57:47,556 INFO  ProjectFixService - Build info for "/tmp/rdisk/2402/src/CollageSample/collage/build.gradle": [buildToolsVersion=22.0.1,compileSdkVersion=19,minSdkVersion=14,targetSdkVersion=19]
2018-04-02 05:57:47,556 INFO  LocalPropertiesFixService - Created fake /tmp/rdisk/2402/src/CollageSample/collageSample/local.properties
2018-04-02 05:57:47,556 INFO  ProjectFixService - Build info for "/tmp/rdisk/2402/src/CollageSample/collageSample/build.gradle": [buildToolsVersion=22.0.1,compileSdkVersion=19,minSdkVersion=14,targetSdkVersion=19]
2018-04-02 05:57:47,557 INFO  LocalPropertiesFixService - Updated fake /tmp/rdisk/2402/src/CollageSample/local.properties
2018-04-02 05:57:47,557 INFO  WrapperPropertiesFixService - Gradle wrapper: https://services.gradle.org/distributions/gradle-2.3-all.zip
2018-04-02 05:57:47,557 INFO  WrapperPropertiesFixService - Gradle wrapper was changed from "-all.zip" to "-bin.zip" (https://services.gradle.org/distributions/gradle-2.3-bin.zip)
2018-04-02 05:57:47,558 INFO  ProjectFixService - Build info for "/tmp/rdisk/2402/src/CollageSample/build.gradle": [buildToolsVersion=22.0.1,compileSdkVersion=19,minSdkVersion=14,targetSdkVersion=19]
2018-04-02 05:57:47,558 INFO  ProjectFixService - Project was maybe fixed
2018-04-02 05:57:47,558 INFO  ProjectTaskService - Detecting possible tasks...
2018-04-02 05:57:47,558 INFO  SysUtils - Execute command: [/tmp/rdisk/2402/src/CollageSample/gradlew, -b, /tmp/rdisk/2402/src/CollageSample/collage/build.gradle, -Dorg.gradle.daemon=false, -Dorg.gradle.daemon.performance.enable-monitoring=false, -Dorg.gradle.configureondemand=true, tasks]
2018-04-02 05:57:57,249 ERROR ProjectTaskService - Could not detect possible Gradle tasks: Process exited with an error: 1 (Exit value: 1)
2018-04-02 05:57:57,249 INFO  ProjectTaskService - Detected possible tasks: 0
2018-04-02 05:57:57,249 INFO  ProjectTaskService - Excluded tasks (0): none
2018-04-02 05:57:57,249 INFO  SysUtils - Execute command: [/tmp/rdisk/2402/src/CollageSample/gradlew, -b, /tmp/rdisk/2402/src/CollageSample/collage/build.gradle, -Dorg.gradle.daemon=false, -Dorg.gradle.daemon.performance.enable-monitoring=false, -Dorg.gradle.configureondemand=true, --stacktrace, build]
2018-04-02 05:58:07,445 ERROR SysUtils - Could not process external command
org.apache.commons.exec.ExecuteException: Process exited with an error: 1 (Exit value: 1)
	at org.apache.commons.exec.DefaultExecutor.executeInternal(DefaultExecutor.java:404)
	at org.apache.commons.exec.DefaultExecutor.execute(DefaultExecutor.java:166)
	at com.github.vbauer.apkmaster.util.SysUtils.execute(SysUtils.java:67)
	at com.github.vbauer.apkmaster.util.SysUtils.executeSimple(SysUtils.java:43)
	at com.github.vbauer.apkmaster.service.assembly.ProjectBuildService.buildProject(ProjectBuildService.java:78)
	at com.github.vbauer.apkmaster.service.assembly.ProjectBuildService.buildProject(ProjectBuildService.java:64)
	at com.github.vbauer.apkmaster.service.assembly.ProjectBuildService.buildProject(ProjectBuildService.java:43)
	at com.github.vbauer.apkmaster.service.FullProcessService.build(FullProcessService.java:84)
	at com.github.vbauer.apkmaster.service.FullProcessService.process(FullProcessService.java:34)
	at com.github.vbauer.apkmaster.app.MainApplication.process(MainApplication.java:38)
	at com.github.vbauer.apkmaster.app.MainApplication.main(MainApplication.java:20)
	at sun.reflect.GeneratedMethodAccessor9.invoke(Unknown Source)
	at sun.reflect.DelegatingMethodAccessorImpl.invoke(DelegatingMethodAccessorImpl.java:43)
	at java.lang.reflect.Method.invoke(Method.java:498)
	at com.android.arsenal.util.ReflectionUtils.invoke(ReflectionUtils.java:42)
	at com.android.arsenal.util.ApkMasterUtils.main(ApkMasterUtils.java:30)
	at com.android.arsenal.service.processor.impl.BuildProcessorServiceImpl.buildProject(BuildProcessorServiceImpl.java:197)
	at com.android.arsenal.service.processor.impl.BuildProcessorServiceImpl.build(BuildProcessorServiceImpl.java:131)
	at com.android.arsenal.service.processor.impl.BuildProcessorServiceImpl.lambda$null$1(BuildProcessorServiceImpl.java:114)
	at java.util.concurrent.FutureTask.run(FutureTask.java:266)
	at java.util.concurrent.Executors$RunnableAdapter.call(Executors.java:511)
	at java.util.concurrent.FutureTask.run(FutureTask.java:266)
	at java.util.concurrent.ThreadPoolExecutor.runWorker(ThreadPoolExecutor.java:1149)
	at java.util.concurrent.ThreadPoolExecutor$Worker.run(ThreadPoolExecutor.java:624)
	at java.lang.Thread.run(Thread.java:748)
2018-04-02 05:58:07,445 INFO  SysUtils - Configuration on demand is an incubating feature.
:collage:compileLint
:collage:copyDebugLint UP-TO-DATE
:collage:mergeDebugProguardFiles
:collage:preBuild UP-TO-DATE
:collage:preDebugBuild UP-TO-DATE
:collage:checkDebugManifest
:collage:prepareDebugDependencies
:collage:compileDebugAidl
:collage:compileDebugRenderscript
:collage:generateDebugBuildConfig
:collage:generateDebugAssets UP-TO-DATE
:collage:mergeDebugAssets
:collage:generateDebugResValues
:collage:generateDebugResources
:collage:packageDebugResources
:collage:processDebugManifest
:collage:processDebugResources
:collage:generateDebugSources
:collage:processDebugJavaRes UP-TO-DATE
:collage:compileDebugJava
:collage:packageDebugJar
:collage:compileDebugNdk UP-TO-DATE
:collage:packageDebugJniLibs UP-TO-DATE
:collage:packageDebugLocalJar UP-TO-DATE
:collage:packageDebugRenderscript UP-TO-DATE
:collage:bundleDebug
:collage:compileDebugSources
:collage:assembleDebug
:collage:copyReleaseLint UP-TO-DATE
:collage:mergeReleaseProguardFiles
:collage:preReleaseBuild UP-TO-DATE
:collage:checkReleaseManifest
:collage:prepareReleaseDependencies
:collage:compileReleaseAidl
:collage:compileReleaseRenderscript
:collage:generateReleaseBuildConfig
:collage:generateReleaseAssets UP-TO-DATE
:collage:mergeReleaseAssets
:collage:generateReleaseResValues
:collage:generateReleaseResources
:collage:packageReleaseResources
:collage:processReleaseManifest
:collage:processReleaseResources
:collage:generateReleaseSources
:collage:processReleaseJavaRes UP-TO-DATE
:collage:compileReleaseJava
:collage:packageReleaseJar
:collage:compileReleaseNdk UP-TO-DATE
:collage:packageReleaseJniLibs UP-TO-DATE
:collage:packageReleaseLocalJar UP-TO-DATE
:collage:packageReleaseRenderscript UP-TO-DATE
:collage:bundleRelease
:collage:compileReleaseSources
:collage:assembleRelease
:collage:javadoc/tmp/rdisk/2402/src/CollageSample/collage/src/main/java/com/jcmore2/collage/CollageView.java:117: warning: no description for @param
	 * @param fixedCollage
	   ^
/tmp/rdisk/2402/src/CollageSample/collage/src/main/java/com/jcmore2/collage/CollageView.java:126: warning: no description for @param
	 * @param bm
	   ^
/tmp/rdisk/2402/src/CollageSample/collage/src/main/java/com/jcmore2/collage/CollageView.java:138: warning: no description for @param
	 * @param drawable
	   ^
/tmp/rdisk/2402/src/CollageSample/collage/src/main/java/com/jcmore2/collage/CollageView.java:150: warning: no description for @param
	 * @param resId
	   ^
/tmp/rdisk/2402/src/CollageSample/collage/src/main/java/com/jcmore2/collage/ScaleGestureDetector.java:34: error: reference not found
 *          {@link #onTouchEvent(MotionEvent)}. The methods defined in your
                   ^
/tmp/rdisk/2402/src/CollageSample/collage/src/main/java/com/jcmore2/collage/ScaleGestureDetector.java:38: warning - Tag @link: can't find onTouchEvent(MotionEvent) in com.jcmore2.collage.ScaleGestureDetector
/tmp/rdisk/2402/src/CollageSample/collage/src/main/java/com/jcmore2/collage/ScaleGestureDetector.java:49: error: reference not found
     *  <li>One {@link OnScaleGestureListener#onScaleBegin(ScaleGestureDetector)}
                       ^
/tmp/rdisk/2402/src/CollageSample/collage/src/main/java/com/jcmore2/collage/ScaleGestureDetector.java:50: error: reference not found
     *  <li>Zero or more {@link OnScaleGestureListener#onScale(ScaleGestureDetector)}
                                ^
/tmp/rdisk/2402/src/CollageSample/collage/src/main/java/com/jcmore2/collage/ScaleGestureDetector.java:51: error: reference not found
     *  <li>One {@link OnScaleGestureListener#onScaleEnd(ScaleGestureDetector)}
                       ^
/tmp/rdisk/2402/src/CollageSample/collage/src/main/java/com/jcmore2/collage/ScaleGestureDetector.java:54: warning - Tag @link: can't find onScaleBegin(ScaleGestureDetector) in com.jcmore2.collage.ScaleGestureDetector.OnScaleGestureListener
/tmp/rdisk/2402/src/CollageSample/collage/src/main/java/com/jcmore2/collage/ScaleGestureDetector.java:54: warning - Tag @link: can't find onScale(ScaleGestureDetector) in com.jcmore2.collage.ScaleGestureDetector.OnScaleGestureListener
/tmp/rdisk/2402/src/CollageSample/collage/src/main/java/com/jcmore2/collage/ScaleGestureDetector.java:54: warning - Tag @link: can't find onScaleEnd(ScaleGestureDetector) in com.jcmore2.collage.ScaleGestureDetector.OnScaleGestureListener
/tmp/rdisk/2402/src/CollageSample/collage/src/main/java/com/jcmore2/collage/ScaleGestureDetector.java:102: error: reference not found
     * {@link OnScaleGestureListener#onScale(ScaleGestureDetector)} returns
              ^
/tmp/rdisk/2402/src/CollageSample/collage/src/main/java/com/jcmore2/collage/ScaleGestureDetector.java:105: error: reference not found
     * {@link OnScaleGestureListener#onScaleBegin(ScaleGestureDetector)} returns
              ^
/tmp/rdisk/2402/src/CollageSample/collage/src/main/java/com/jcmore2/collage/ScaleGestureDetector.java:108: warning - Tag @link: can't find onScale(ScaleGestureDetector) in com.jcmore2.collage.ScaleGestureDetector.OnScaleGestureListener
/tmp/rdisk/2402/src/CollageSample/collage/src/main/java/com/jcmore2/collage/ScaleGestureDetector.java:108: warning - Tag @link: can't find onScaleBegin(ScaleGestureDetector) in com.jcmore2.collage.ScaleGestureDetector.OnScaleGestureListener
/tmp/rdisk/2402/src/CollageSample/collage/src/main/java/com/jcmore2/collage/ScaleGestureDetector.java:68: warning: no @param for view
        public boolean onScale(View view, ScaleGestureDetector detector);
                       ^
/tmp/rdisk/2402/src/CollageSample/collage/src/main/java/com/jcmore2/collage/ScaleGestureDetector.java:82: warning: no @param for view
        public boolean onScaleBegin(View view, ScaleGestureDetector detector);
                       ^
/tmp/rdisk/2402/src/CollageSample/collage/src/main/java/com/jcmore2/collage/ScaleGestureDetector.java:95: warning: no @param for view
        public void onScaleEnd(View view, ScaleGestureDetector detector);
                    ^

6 errors
13 warnings
:collage:javadoc FAILED

FAILURE: Build failed with an exception.

* What went wrong:
Execution failed for task ':collage:javadoc'.
> Javadoc generation failed. Generated Javadoc options file (useful for troubleshooting): '/tmp/rdisk/2402/src/CollageSample/collage/build/tmp/javadoc/javadoc.options'

* Try:
Run with --info or --debug option to get more log output.

* Exception is:
org.gradle.api.tasks.TaskExecutionException: Execution failed for task ':collage:javadoc'.
	at org.gradle.api.internal.tasks.execution.ExecuteActionsTaskExecuter.executeActions(ExecuteActionsTaskExecuter.java:69)
	at org.gradle.api.internal.tasks.execution.ExecuteActionsTaskExecuter.execute(ExecuteActionsTaskExecuter.java:46)
	at org.gradle.api.internal.tasks.execution.PostExecutionAnalysisTaskExecuter.execute(PostExecutionAnalysisTaskExecuter.java:35)
	at org.gradle.api.internal.tasks.execution.SkipUpToDateTaskExecuter.execute(SkipUpToDateTaskExecuter.java:64)
	at org.gradle.api.internal.tasks.execution.ValidatingTaskExecuter.execute(ValidatingTaskExecuter.java:58)
	at org.gradle.api.internal.tasks.execution.SkipEmptySourceFilesTaskExecuter.execute(SkipEmptySourceFilesTaskExecuter.java:42)
	at org.gradle.api.internal.tasks.execution.SkipTaskWithNoActionsExecuter.execute(SkipTaskWithNoActionsExecuter.java:52)
	at org.gradle.api.internal.tasks.execution.SkipOnlyIfTaskExecuter.execute(SkipOnlyIfTaskExecuter.java:53)
	at org.gradle.api.internal.tasks.execution.ExecuteAtMostOnceTaskExecuter.execute(ExecuteAtMostOnceTaskExecuter.java:43)
	at org.gradle.api.internal.AbstractTask.executeWithoutThrowingTaskFailure(AbstractTask.java:306)
	at org.gradle.execution.taskgraph.AbstractTaskPlanExecutor$TaskExecutorWorker.executeTask(AbstractTaskPlanExecutor.java:79)
	at org.gradle.execution.taskgraph.AbstractTaskPlanExecutor$TaskExecutorWorker.processTask(AbstractTaskPlanExecutor.java:63)
	at org.gradle.execution.taskgraph.AbstractTaskPlanExecutor$TaskExecutorWorker.run(AbstractTaskPlanExecutor.java:51)
	at org.gradle.execution.taskgraph.DefaultTaskPlanExecutor.process(DefaultTaskPlanExecutor.java:23)
	at org.gradle.execution.taskgraph.DefaultTaskGraphExecuter.execute(DefaultTaskGraphExecuter.java:88)
	at org.gradle.execution.SelectedTaskExecutionAction.execute(SelectedTaskExecutionAction.java:29)
	at org.gradle.execution.DefaultBuildExecuter.execute(DefaultBuildExecuter.java:62)
	at org.gradle.execution.DefaultBuildExecuter.access$200(DefaultBuildExecuter.java:23)
	at org.gradle.execution.DefaultBuildExecuter$2.proceed(DefaultBuildExecuter.java:68)
	at org.gradle.execution.DryRunBuildExecutionAction.execute(DryRunBuildExecutionAction.java:32)
	at org.gradle.execution.DefaultBuildExecuter.execute(DefaultBuildExecuter.java:62)
	at org.gradle.execution.DefaultBuildExecuter.execute(DefaultBuildExecuter.java:55)
	at org.gradle.initialization.DefaultGradleLauncher.doBuildStages(DefaultGradleLauncher.java:149)
	at org.gradle.initialization.DefaultGradleLauncher.doBuild(DefaultGradleLauncher.java:106)
	at org.gradle.initialization.DefaultGradleLauncher.run(DefaultGradleLauncher.java:86)
	at org.gradle.launcher.exec.InProcessBuildActionExecuter$DefaultBuildController.run(InProcessBuildActionExecuter.java:80)
	at org.gradle.launcher.cli.ExecuteBuildAction.run(ExecuteBuildAction.java:33)
	at org.gradle.launcher.cli.ExecuteBuildAction.run(ExecuteBuildAction.java:24)
	at org.gradle.launcher.exec.InProcessBuildActionExecuter.execute(InProcessBuildActionExecuter.java:36)
	at org.gradle.launcher.exec.InProcessBuildActionExecuter.execute(InProcessBuildActionExecuter.java:26)
	at org.gradle.launcher.cli.RunBuildAction.run(RunBuildAction.java:51)
	at org.gradle.internal.Actions$RunnableActionAdapter.execute(Actions.java:169)
	at org.gradle.launcher.cli.CommandLineActionFactory$ParseAndBuildAction.execute(CommandLineActionFactory.java:237)
	at org.gradle.launcher.cli.CommandLineActionFactory$ParseAndBuildAction.execute(CommandLineActionFactory.java:210)
	at org.gradle.launcher.cli.JavaRuntimeValidationAction.execute(JavaRuntimeValidationAction.java:35)
	at org.gradle.launcher.cli.JavaRuntimeValidationAction.execute(JavaRuntimeValidationAction.java:24)
	at org.gradle.launcher.cli.CommandLineActionFactory$WithLogging.execute(CommandLineActionFactory.java:206)
	at org.gradle.launcher.cli.CommandLineActionFactory$WithLogging.execute(CommandLineActionFactory.java:169)
	at org.gradle.launcher.cli.ExceptionReportingAction.execute(ExceptionReportingAction.java:33)
	at org.gradle.launcher.cli.ExceptionReportingAction.execute(ExceptionReportingAction.java:22)
	at org.gradle.launcher.Main.doAction(Main.java:33)
	at org.gradle.launcher.bootstrap.EntryPoint.run(EntryPoint.java:45)
	at org.gradle.launcher.bootstrap.ProcessBootstrap.runNoExit(ProcessBootstrap.java:54)
	at org.gradle.launcher.bootstrap.ProcessBootstrap.run(ProcessBootstrap.java:35)
	at org.gradle.launcher.GradleMain.main(GradleMain.java:23)
	at org.gradle.wrapper.BootstrapMainStarter.start(BootstrapMainStarter.java:33)
	at org.gradle.wrapper.WrapperExecutor.execute(WrapperExecutor.java:130)
	at org.gradle.wrapper.GradleWrapperMain.main(GradleWrapperMain.java:48)
Caused by: org.gradle.api.GradleException: Javadoc generation failed. Generated Javadoc options file (useful for troubleshooting): '/tmp/rdisk/2402/src/CollageSample/collage/build/tmp/javadoc/javadoc.options'
	at org.gradle.api.tasks.javadoc.internal.JavadocGenerator.execute(JavadocGenerator.java:57)
	at org.gradle.api.tasks.javadoc.internal.JavadocGenerator.execute(JavadocGenerator.java:31)
	at org.gradle.api.tasks.javadoc.Javadoc.executeExternalJavadoc(Javadoc.java:141)
	at org.gradle.api.tasks.javadoc.Javadoc.generate(Javadoc.java:129)
	at org.gradle.internal.reflect.JavaMethod.invoke(JavaMethod.java:63)
	at org.gradle.api.internal.project.taskfactory.AnnotationProcessingTaskFactory$StandardTaskAction.doExecute(AnnotationProcessingTaskFactory.java:218)
	at org.gradle.api.internal.project.taskfactory.AnnotationProcessingTaskFactory$StandardTaskAction.execute(AnnotationProcessingTaskFactory.java:211)
	at org.gradle.api.internal.project.taskfactory.AnnotationProcessingTaskFactory$StandardTaskAction.execute(AnnotationProcessingTaskFactory.java:200)
	at org.gradle.api.internal.AbstractTask$TaskActionWrapper.execute(AbstractTask.java:585)
	at org.gradle.api.internal.AbstractTask$TaskActionWrapper.execute(AbstractTask.java:568)
	at org.gradle.api.internal.tasks.execution.ExecuteActionsTaskExecuter.executeAction(ExecuteActionsTaskExecuter.java:80)
	at org.gradle.api.internal.tasks.execution.ExecuteActionsTaskExecuter.executeActions(ExecuteActionsTaskExecuter.java:61)
	... 47 more
Caused by: org.gradle.process.internal.ExecException: Process 'command '/usr/lib/jvm/java-8-oracle/bin/javadoc'' finished with non-zero exit value 1
	at org.gradle.process.internal.DefaultExecHandle$ExecResultImpl.assertNormalExitValue(DefaultExecHandle.java:365)
	at org.gradle.process.internal.DefaultExecAction.execute(DefaultExecAction.java:31)
	at org.gradle.api.tasks.javadoc.internal.JavadocGenerator.execute(JavadocGenerator.java:52)
	... 58 more


BUILD FAILED

Total time: 9.784 secs

2018-04-02 05:58:07,474 INFO  FullProcessService - Found APK file: /tmp/rdisk/2402/src/raw/CollageSample.apk
