2018-05-20 22:43:06,527 INFO  DownloadService - Downloading "https://github.com/TwidereProject/Twidere-Android/archive/master.zip", attempt 3
2018-05-20 22:44:06,997 INFO  GithubDownloadService - Could not find ZIP archive for master branch
2018-05-20 22:44:07,694 INFO  GithubDownloadService - Default branch of this repository: master
2018-05-20 22:44:07,694 INFO  DownloadService - Downloading "https://github.com/TwidereProject/Twidere-Android/archive/master.zip", attempt 3
2018-05-20 22:45:09,081 DEBUG FullProcessService - Repository https://github.com/TwidereProject/Twidere-Android available: true
2018-05-20 22:45:09,081 INFO  FullProcessService - Could not download ZIP file from Github, lets clone it
2018-05-20 22:45:09,081 INFO  SysUtils - Execute command: [git, clone, -q, --single-branch, --depth, 1, https://github.com/TwidereProject/Twidere-Android, /tmp/rdisk/2453/src]
2018-05-20 22:45:12,271 INFO  SysUtils - 
2018-05-20 22:45:12,305 INFO  GitService - Deleted "/tmp/rdisk/2453/src/.git": true
2018-05-20 22:45:12,375 INFO  FullProcessService - Size of directory with sources: 10 MB
2018-05-20 22:45:12,375 INFO  SysUtils - Execute command: [git, init, /tmp/rdisk/2453/src]
2018-05-20 22:45:12,379 INFO  SysUtils - Initialized empty Git repository in /tmp/rdisk/2453/src/.git/

2018-05-20 22:45:12,423 INFO  ProjectBuildService - Gradle wrapper(s): /tmp/rdisk/2453/src/gradlew
2018-05-20 22:45:12,467 INFO  ProjectBuildService - Build script(s): /tmp/rdisk/2453/src/twidere.component.common/build.gradle /tmp/rdisk/2453/src/twidere.component.nyan/build.gradle /tmp/rdisk/2453/src/twidere/build.gradle /tmp/rdisk/2453/src/build.gradle
2018-05-20 22:45:12,511 INFO  ProjectBuildService - All script(s): /tmp/rdisk/2453/src/twidere/build.gradle /tmp/rdisk/2453/src/twidere.component.nyan/build.gradle /tmp/rdisk/2453/src/twidere.component.common/build.gradle /tmp/rdisk/2453/src/settings.gradle /tmp/rdisk/2453/src/build.gradle
2018-05-20 22:45:12,511 INFO  ProjectBuildService - Remote scripts: none
2018-05-20 22:45:12,511 INFO  ProjectFixService - Fixing project...
2018-05-20 22:45:12,613 INFO  LocalPropertiesFixService - Created fake /tmp/rdisk/2453/src/twidere.component.common/local.properties
2018-05-20 22:45:12,617 INFO  ProjectFixService - Build info for "/tmp/rdisk/2453/src/twidere.component.common/build.gradle": [buildToolsVersion=<null>,compileSdkVersion=<null>,minSdkVersion=14,targetSdkVersion=26]
2018-05-20 22:45:12,617 INFO  ProjectFixService - Fixed build info for "/tmp/rdisk/2453/src/twidere.component.common/build.gradle": [buildToolsVersion=28.0.0-rc1,compileSdkVersion=27,minSdkVersion=14,targetSdkVersion=26]
2018-05-20 22:45:12,618 INFO  LocalPropertiesFixService - Created fake /tmp/rdisk/2453/src/twidere.component.nyan/local.properties
2018-05-20 22:45:12,622 INFO  ProjectFixService - Build info for "/tmp/rdisk/2453/src/twidere.component.nyan/build.gradle": [buildToolsVersion=<null>,compileSdkVersion=<null>,minSdkVersion=14,targetSdkVersion=26]
2018-05-20 22:45:12,622 INFO  ProjectFixService - Fixed build info for "/tmp/rdisk/2453/src/twidere.component.nyan/build.gradle": [buildToolsVersion=28.0.0-rc1,compileSdkVersion=27,minSdkVersion=14,targetSdkVersion=26]
2018-05-20 22:45:12,622 INFO  LocalPropertiesFixService - Created fake /tmp/rdisk/2453/src/twidere/local.properties
2018-05-20 22:45:12,626 INFO  ProjectFixService - Build info for "/tmp/rdisk/2453/src/twidere/build.gradle": [buildToolsVersion=<null>,compileSdkVersion=<null>,minSdkVersion=14,targetSdkVersion=26]
2018-05-20 22:45:12,626 INFO  ProjectFixService - Fixed build info for "/tmp/rdisk/2453/src/twidere/build.gradle": [buildToolsVersion=28.0.0-rc1,compileSdkVersion=27,minSdkVersion=14,targetSdkVersion=26]
2018-05-20 22:45:12,628 INFO  LocalPropertiesFixService - Created fake /tmp/rdisk/2453/src/local.properties
2018-05-20 22:45:12,628 INFO  WrapperPropertiesFixService - Gradle wrapper: https://services.gradle.org/distributions/gradle-4.1-all.zip
2018-05-20 22:45:12,628 INFO  WrapperPropertiesFixService - Gradle wrapper was changed from "-all.zip" to "-bin.zip" (https://services.gradle.org/distributions/gradle-4.1-bin.zip)
2018-05-20 22:45:12,632 INFO  ProjectFixService - Build info for "/tmp/rdisk/2453/src/build.gradle": [buildToolsVersion=<null>,compileSdkVersion=<null>,minSdkVersion=14,targetSdkVersion=26]
2018-05-20 22:45:12,632 INFO  ProjectFixService - Fixed build info for "/tmp/rdisk/2453/src/build.gradle": [buildToolsVersion=28.0.0-rc1,compileSdkVersion=27,minSdkVersion=14,targetSdkVersion=26]
2018-05-20 22:45:12,633 INFO  ProjectFixService - Project was maybe fixed
2018-05-20 22:45:12,633 INFO  ProjectTaskService - Detecting possible tasks...
2018-05-20 22:45:12,633 INFO  SysUtils - Execute command: [/tmp/rdisk/2453/src/gradlew, -b, /tmp/rdisk/2453/src/twidere.component.common/build.gradle, -Dorg.gradle.daemon=false, -Dorg.gradle.daemon.performance.enable-monitoring=false, -Dorg.gradle.configureondemand=true, tasks]
2018-05-20 22:45:21,543 INFO  ProjectTaskService - Detected possible tasks: 67
2018-05-20 22:45:21,543 INFO  ProjectTaskService - Excluded tasks (16): lintDebug mockableAndroidJar deviceCheck lint testReleaseUnitTest deviceAndroidTest uninstallDebugAndroidTest installDebugAndroidTest connectedCheck connectedDebugAndroidTest uninstallAll test check testDebugUnitTest connectedAndroidTest lintRelease
2018-05-20 22:45:21,543 INFO  SysUtils - Execute command: [/tmp/rdisk/2453/src/gradlew, -b, /tmp/rdisk/2453/src/twidere.component.common/build.gradle, -Dorg.gradle.daemon=false, -Dorg.gradle.daemon.performance.enable-monitoring=false, -Dorg.gradle.configureondemand=true, --stacktrace, -x, lintDebug, -x, mockableAndroidJar, -x, deviceCheck, -x, lint, -x, testReleaseUnitTest, -x, deviceAndroidTest, -x, uninstallDebugAndroidTest, -x, installDebugAndroidTest, -x, connectedCheck, -x, connectedDebugAndroidTest, -x, uninstallAll, -x, test, -x, check, -x, testDebugUnitTest, -x, connectedAndroidTest, -x, lintRelease, build]
2018-05-20 22:45:49,207 INFO  SysUtils - Configuration on demand is an incubating feature.
:twidere.component.common:preBuild UP-TO-DATE
:twidere.component.common:preDebugBuild UP-TO-DATE
:twidere.component.common:compileDebugAidlaidl E 05-20 22:45:29 31102 31102 aidl.cpp:580] refusing to generate code from aidl file defining parcelable

aidl E 05-20 22:45:29 31109 31109 aidl.cpp:580] refusing to generate code from aidl file defining parcelable

aidl E 05-20 22:45:29 31115 31115 aidl.cpp:580] refusing to generate code from aidl file defining parcelable

aidl E 05-20 22:45:29 31121 31121 aidl.cpp:580] refusing to generate code from aidl file defining parcelable

aidl E 05-20 22:45:29 31127 31127 aidl.cpp:580] refusing to generate code from aidl file defining parcelable

aidl E 05-20 22:45:29 31133 31133 aidl.cpp:580] refusing to generate code from aidl file defining parcelable

aidl E 05-20 22:45:29 31139 31139 aidl.cpp:580] refusing to generate code from aidl file defining parcelable

aidl E 05-20 22:45:29 31145 31145 aidl.cpp:580] refusing to generate code from aidl file defining parcelable


:twidere.component.common:compileDebugNdk NO-SOURCE
:twidere.component.common:compileDebugRenderscript
:twidere.component.common:checkDebugManifest
:twidere.component.common:generateDebugBuildConfig
:twidere.component.common:prepareLintJar
:twidere.component.common:generateDebugResValues
:twidere.component.common:generateDebugResources
:twidere.component.common:packageDebugResources
:twidere.component.common:platformAttrExtractor
:twidere.component.common:processDebugManifest
:twidere.component.common:javaPreCompileDebug
:twidere.component.common:mergeDebugShaders
:twidere.component.common:compileDebugShaders
:twidere.component.common:generateDebugAssets
:twidere.component.common:mergeDebugAssets
:twidere.component.common:mergeDebugConsumerProguardFiles
:twidere.component.common:packageDebugRenderscript NO-SOURCE
:twidere.component.common:processDebugJavaRes NO-SOURCE
:twidere.component.common:mergeDebugJniLibFolders
:twidere.component.common:transformNativeLibsWithMergeJniLibsForDebug
:twidere.component.common:transformNativeLibsWithStripDebugSymbolForDebug
:twidere.component.common:transformNativeLibsWithSyncJniLibsForDebug
:twidere.component.common:preReleaseBuild UP-TO-DATE
:twidere.component.common:compileReleaseAidlaidl E 05-20 22:45:31 31170 31170 aidl.cpp:580] refusing to generate code from aidl file defining parcelable

aidl E 05-20 22:45:31 31176 31176 aidl.cpp:580] refusing to generate code from aidl file defining parcelable

aidl E 05-20 22:45:31 31182 31182 aidl.cpp:580] refusing to generate code from aidl file defining parcelable

aidl E 05-20 22:45:31 31188 31188 aidl.cpp:580] refusing to generate code from aidl file defining parcelable

aidl E 05-20 22:45:31 31194 31194 aidl.cpp:580] refusing to generate code from aidl file defining parcelable

aidl E 05-20 22:45:31 31200 31200 aidl.cpp:580] refusing to generate code from aidl file defining parcelable

aidl E 05-20 22:45:31 31206 31206 aidl.cpp:580] refusing to generate code from aidl file defining parcelable

aidl E 05-20 22:45:31 31212 31212 aidl.cpp:580] refusing to generate code from aidl file defining parcelable


:twidere.component.common:compileReleaseNdk NO-SOURCE
:twidere.component.common:compileReleaseRenderscript
:twidere.component.common:checkReleaseManifest
:twidere.component.common:generateReleaseBuildConfig
:twidere.component.common:generateReleaseResValues
:twidere.component.common:generateReleaseResources
:twidere.component.common:packageReleaseResources
:twidere.component.common:processReleaseManifest
:twidere.component.common:javaPreCompileRelease
:twidere.component.common:mergeReleaseShaders
:twidere.component.common:compileReleaseShaders
:twidere.component.common:generateReleaseAssets
:twidere.component.common:mergeReleaseAssets
:twidere.component.common:mergeReleaseConsumerProguardFiles
:twidere.component.common:packageReleaseRenderscript NO-SOURCE
:twidere.component.common:processReleaseJavaRes NO-SOURCE
:twidere.component.common:mergeReleaseJniLibFolders
:twidere.component.common:transformNativeLibsWithMergeJniLibsForRelease
:twidere.component.common:transformNativeLibsWithStripDebugSymbolForRelease
:twidere.component.common:transformNativeLibsWithSyncJniLibsForRelease
:twidere.component.common:mergeReleaseResources
:twidere.component.common:verifyReleaseResources
:twidere.component.common:processDebugResources
:twidere.component.common:generateDebugSources
:twidere.component.common:compileDebugJavaWithJavacNote: Some input files use unchecked or unsafe operations.
Note: Recompile with -Xlint:unchecked for details.

:twidere.component.common:extractDebugAnnotations
:twidere.component.common:transformResourcesWithMergeJavaResForDebug
:twidere.component.common:transformClassesAndResourcesWithSyncLibJarsForDebug
:twidere.component.common:bundleDebug
:twidere.component.common:compileDebugSources
:twidere.component.common:assembleDebug
:twidere.component.common:processReleaseResources
:twidere.component.common:generateReleaseSources
:twidere.component.common:compileReleaseJavaWithJavacNote: Some input files use unchecked or unsafe operations.
Note: Recompile with -Xlint:unchecked for details.

:twidere.component.common:extractReleaseAnnotations
:twidere.component.common:transformResourcesWithMergeJavaResForRelease
:twidere.component.common:transformClassesAndResourcesWithSyncLibJarsForRelease
:twidere.component.common:bundleRelease
:twidere.component.common:compileReleaseSources
:twidere.component.common:assembleRelease
:twidere.component.common:assemble
:twidere.component.common:build

BUILD SUCCESSFUL in 27s
48 actionable tasks: 48 executed

2018-05-20 22:45:49,293 INFO  ProjectTaskService - Detecting possible tasks...
2018-05-20 22:45:49,294 INFO  SysUtils - Execute command: [/tmp/rdisk/2453/src/gradlew, -b, /tmp/rdisk/2453/src/twidere.component.nyan/build.gradle, -Dorg.gradle.daemon=false, -Dorg.gradle.daemon.performance.enable-monitoring=false, -Dorg.gradle.configureondemand=true, tasks]
2018-05-20 22:45:56,630 INFO  ProjectTaskService - Detected possible tasks: 64
2018-05-20 22:45:56,630 INFO  ProjectTaskService - Excluded tasks (16): lintDebug mockableAndroidJar deviceCheck lint testReleaseUnitTest deviceAndroidTest uninstallDebugAndroidTest installDebugAndroidTest connectedCheck connectedDebugAndroidTest uninstallAll test check testDebugUnitTest connectedAndroidTest lintRelease
2018-05-20 22:45:56,630 INFO  SysUtils - Execute command: [/tmp/rdisk/2453/src/gradlew, -b, /tmp/rdisk/2453/src/twidere.component.nyan/build.gradle, -Dorg.gradle.daemon=false, -Dorg.gradle.daemon.performance.enable-monitoring=false, -Dorg.gradle.configureondemand=true, --stacktrace, -x, lintDebug, -x, mockableAndroidJar, -x, deviceCheck, -x, lint, -x, testReleaseUnitTest, -x, deviceAndroidTest, -x, uninstallDebugAndroidTest, -x, installDebugAndroidTest, -x, connectedCheck, -x, connectedDebugAndroidTest, -x, uninstallAll, -x, test, -x, check, -x, testDebugUnitTest, -x, connectedAndroidTest, -x, lintRelease, build]
2018-05-20 22:46:09,766 INFO  SysUtils - Configuration on demand is an incubating feature.
:twidere.component.nyan:preBuild UP-TO-DATE
:twidere.component.nyan:preDebugBuild UP-TO-DATE
:twidere.component.nyan:compileDebugAidl
:twidere.component.nyan:compileDebugNdk NO-SOURCE
:twidere.component.nyan:compileDebugRenderscript
:twidere.component.nyan:checkDebugManifest
:twidere.component.nyan:generateDebugBuildConfig
:twidere.component.nyan:prepareLintJar
:twidere.component.nyan:generateDebugResValues
:twidere.component.nyan:generateDebugResources
:twidere.component.nyan:packageDebugResources
:twidere.component.nyan:platformAttrExtractor
:twidere.component.nyan:processDebugManifest
:twidere.component.nyan:javaPreCompileDebug
:twidere.component.nyan:mergeDebugShaders
:twidere.component.nyan:compileDebugShaders
:twidere.component.nyan:generateDebugAssets
:twidere.component.nyan:mergeDebugAssets
:twidere.component.nyan:mergeDebugConsumerProguardFiles
:twidere.component.nyan:packageDebugRenderscript NO-SOURCE
:twidere.component.nyan:processDebugJavaRes NO-SOURCE
:twidere.component.nyan:mergeDebugJniLibFolders
:twidere.component.nyan:transformNativeLibsWithMergeJniLibsForDebug
:twidere.component.nyan:transformNativeLibsWithStripDebugSymbolForDebug
:twidere.component.nyan:transformNativeLibsWithSyncJniLibsForDebug
:twidere.component.nyan:preReleaseBuild UP-TO-DATE
:twidere.component.nyan:compileReleaseAidl
:twidere.component.nyan:compileReleaseNdk NO-SOURCE
:twidere.component.nyan:compileReleaseRenderscript
:twidere.component.nyan:checkReleaseManifest
:twidere.component.nyan:generateReleaseBuildConfig
:twidere.component.nyan:generateReleaseResValues
:twidere.component.nyan:generateReleaseResources
:twidere.component.nyan:packageReleaseResources
:twidere.component.nyan:processReleaseManifest
:twidere.component.nyan:javaPreCompileRelease
:twidere.component.nyan:mergeReleaseShaders
:twidere.component.nyan:compileReleaseShaders
:twidere.component.nyan:generateReleaseAssets
:twidere.component.nyan:mergeReleaseAssets
:twidere.component.nyan:mergeReleaseConsumerProguardFiles
:twidere.component.nyan:packageReleaseRenderscript NO-SOURCE
:twidere.component.nyan:processReleaseJavaRes NO-SOURCE
:twidere.component.nyan:mergeReleaseJniLibFolders
:twidere.component.nyan:transformNativeLibsWithMergeJniLibsForRelease
:twidere.component.nyan:transformNativeLibsWithStripDebugSymbolForRelease
:twidere.component.nyan:transformNativeLibsWithSyncJniLibsForRelease
:twidere.component.nyan:mergeReleaseResources
:twidere.component.nyan:verifyReleaseResources
:twidere.component.nyan:processDebugResources
:twidere.component.nyan:generateDebugSources
:twidere.component.nyan:compileDebugJavaWithJavacNote: /tmp/rdisk/2453/src/twidere.component.nyan/src/main/java/org/mariotaku/twidere/nyan/NyanWallpaperService.java uses or overrides a deprecated API.
Note: Recompile with -Xlint:deprecation for details.

:twidere.component.nyan:extractDebugAnnotations
:twidere.component.nyan:transformResourcesWithMergeJavaResForDebug
:twidere.component.nyan:transformClassesAndResourcesWithSyncLibJarsForDebug
:twidere.component.nyan:bundleDebug
:twidere.component.nyan:compileDebugSources
:twidere.component.nyan:assembleDebug
:twidere.component.nyan:processReleaseResources
:twidere.component.nyan:generateReleaseSources
:twidere.component.nyan:compileReleaseJavaWithJavacNote: /tmp/rdisk/2453/src/twidere.component.nyan/src/main/java/org/mariotaku/twidere/nyan/NyanWallpaperService.java uses or overrides a deprecated API.
Note: Recompile with -Xlint:deprecation for details.

:twidere.component.nyan:extractReleaseAnnotations
:twidere.component.nyan:transformResourcesWithMergeJavaResForRelease
:twidere.component.nyan:transformClassesAndResourcesWithSyncLibJarsForRelease
:twidere.component.nyan:bundleRelease
:twidere.component.nyan:compileReleaseSources
:twidere.component.nyan:assembleRelease
:twidere.component.nyan:assemble
:twidere.component.nyan:build

BUILD SUCCESSFUL in 12s
48 actionable tasks: 48 executed

2018-05-20 22:46:09,875 INFO  ProjectTaskService - Detecting possible tasks...
2018-05-20 22:46:09,875 INFO  SysUtils - Execute command: [/tmp/rdisk/2453/src/gradlew, -b, /tmp/rdisk/2453/src/twidere/build.gradle, -Dorg.gradle.daemon=false, -Dorg.gradle.daemon.performance.enable-monitoring=false, -Dorg.gradle.configureondemand=true, tasks]
2018-05-20 22:46:19,925 INFO  ProjectTaskService - Detected possible tasks: 85
2018-05-20 22:46:19,925 INFO  ProjectTaskService - Excluded tasks (9): mockableAndroidJar deviceCheck lint deviceAndroidTest connectedCheck uninstallAll test check connectedAndroidTest
2018-05-20 22:46:19,926 INFO  SysUtils - Execute command: [/tmp/rdisk/2453/src/gradlew, -b, /tmp/rdisk/2453/src/twidere/build.gradle, -Dorg.gradle.daemon=false, -Dorg.gradle.daemon.performance.enable-monitoring=false, -Dorg.gradle.configureondemand=true, --stacktrace, -x, mockableAndroidJar, -x, deviceCheck, -x, lint, -x, deviceAndroidTest, -x, connectedCheck, -x, uninstallAll, -x, test, -x, check, -x, connectedAndroidTest, build]
2018-05-20 22:46:38,895 ERROR SysUtils - Could not process external command
org.apache.commons.exec.ExecuteException: Process exited with an error: 1 (Exit value: 1)
	at org.apache.commons.exec.DefaultExecutor.executeInternal(DefaultExecutor.java:404)
	at org.apache.commons.exec.DefaultExecutor.execute(DefaultExecutor.java:166)
	at com.github.vbauer.apkmaster.util.SysUtils.execute(SysUtils.java:67)
	at com.github.vbauer.apkmaster.util.SysUtils.executeSimple(SysUtils.java:43)
	at com.github.vbauer.apkmaster.service.assembly.ProjectBuildService.buildProject(ProjectBuildService.java:78)
	at com.github.vbauer.apkmaster.service.assembly.ProjectBuildService.buildProject(ProjectBuildService.java:64)
	at com.github.vbauer.apkmaster.service.assembly.ProjectBuildService.buildProject(ProjectBuildService.java:43)
	at com.github.vbauer.apkmaster.service.FullProcessService.build(FullProcessService.java:84)
	at com.github.vbauer.apkmaster.service.FullProcessService.process(FullProcessService.java:34)
	at com.github.vbauer.apkmaster.app.MainApplication.process(MainApplication.java:38)
	at com.github.vbauer.apkmaster.app.MainApplication.main(MainApplication.java:20)
	at sun.reflect.GeneratedMethodAccessor8.invoke(Unknown Source)
	at sun.reflect.DelegatingMethodAccessorImpl.invoke(DelegatingMethodAccessorImpl.java:43)
	at java.lang.reflect.Method.invoke(Method.java:498)
	at com.android.arsenal.util.ReflectionUtils.invoke(ReflectionUtils.java:42)
	at com.android.arsenal.util.ApkMasterUtils.main(ApkMasterUtils.java:30)
	at com.android.arsenal.service.processor.impl.BuildProcessorServiceImpl.buildProject(BuildProcessorServiceImpl.java:197)
	at com.android.arsenal.service.processor.impl.BuildProcessorServiceImpl.build(BuildProcessorServiceImpl.java:131)
	at com.android.arsenal.service.processor.impl.BuildProcessorServiceImpl.lambda$null$1(BuildProcessorServiceImpl.java:114)
	at java.util.concurrent.FutureTask.run(FutureTask.java:266)
	at java.util.concurrent.Executors$RunnableAdapter.call(Executors.java:511)
	at java.util.concurrent.FutureTask.run(FutureTask.java:266)
	at java.util.concurrent.ThreadPoolExecutor.runWorker(ThreadPoolExecutor.java:1149)
	at java.util.concurrent.ThreadPoolExecutor$Worker.run(ThreadPoolExecutor.java:624)
	at java.lang.Thread.run(Thread.java:748)
2018-05-20 22:46:38,895 INFO  SysUtils - Configuration on demand is an incubating feature.
Configuration 'compile' in project ':twidere' is deprecated. Use 'implementation' instead.
registerResGeneratingTask is deprecated, use registerGeneratedFolders(FileCollection)
registerResGeneratingTask is deprecated, use registerGeneratedFolders(FileCollection)
registerResGeneratingTask is deprecated, use registerGeneratedFolders(FileCollection)
registerResGeneratingTask is deprecated, use registerGeneratedFolders(FileCollection)
:twidere:svgToDrawable
:twidere:svgToMipmap
:twidere:preBuild
:twidere.component.common:preBuild UP-TO-DATE
:twidere.component.common:preDebugBuild UP-TO-DATE
:twidere.component.common:checkDebugManifest UP-TO-DATE
:twidere.component.common:processDebugManifest UP-TO-DATE
:twidere.component.nyan:preBuild UP-TO-DATE
:twidere.component.nyan:preDebugBuild UP-TO-DATE
:twidere.component.nyan:checkDebugManifest UP-TO-DATE
:twidere.component.nyan:processDebugManifest UP-TO-DATE
:twidere:preFdroidDebugBuild
:twidere.component.common:compileDebugAidl UP-TO-DATE
:twidere.component.nyan:compileDebugAidl UP-TO-DATE
:twidere:compileFdroidDebugAidl
:twidere.component.common:packageDebugRenderscript NO-SOURCE
:twidere.component.nyan:packageDebugRenderscript NO-SOURCE
:twidere:compileFdroidDebugRenderscript
:twidere:checkFdroidDebugManifest
:twidere:generateFdroidDebugBuildConfig
:twidere:generateFdroidDebugResValues
:twidere:generateFdroidDebugResources
:twidere:processFdroidDebugGoogleServices FAILED

FAILURE: Build failed with an exception.

* What went wrong:
Execution failed for task ':twidere:processFdroidDebugGoogleServices'.
> File google-services.json is missing. The Google Services Plugin cannot function without it. 
   Searched Location: 
  /tmp/rdisk/2453/src/twidere/src/fdroid/debug/google-services.json
  /tmp/rdisk/2453/src/twidere/src/debug/fdroid/google-services.json
  /tmp/rdisk/2453/src/twidere/src/fdroid/google-services.json
  /tmp/rdisk/2453/src/twidere/src/debug/google-services.json
  /tmp/rdisk/2453/src/twidere/src/fdroidDebug/google-services.json
  /tmp/rdisk/2453/src/twidere/google-services.json

* Try:
Run with --info or --debug option to get more log output.

* Exception is:
org.gradle.api.tasks.TaskExecutionException: Execution failed for task ':twidere:processFdroidDebugGoogleServices'.
	at org.gradle.api.internal.tasks.execution.ExecuteActionsTaskExecuter.executeActions(ExecuteActionsTaskExecuter.java:100)
	at org.gradle.api.internal.tasks.execution.ExecuteActionsTaskExecuter.execute(ExecuteActionsTaskExecuter.java:70)
	at org.gradle.api.internal.tasks.execution.SkipUpToDateTaskExecuter.execute(SkipUpToDateTaskExecuter.java:63)
	at org.gradle.api.internal.tasks.execution.ResolveTaskOutputCachingStateExecuter.execute(ResolveTaskOutputCachingStateExecuter.java:54)
	at org.gradle.api.internal.tasks.execution.ValidatingTaskExecuter.execute(ValidatingTaskExecuter.java:58)
	at org.gradle.api.internal.tasks.execution.SkipEmptySourceFilesTaskExecuter.execute(SkipEmptySourceFilesTaskExecuter.java:88)
	at org.gradle.api.internal.tasks.execution.ResolveTaskArtifactStateTaskExecuter.execute(ResolveTaskArtifactStateTaskExecuter.java:52)
	at org.gradle.api.internal.tasks.execution.SkipTaskWithNoActionsExecuter.execute(SkipTaskWithNoActionsExecuter.java:52)
	at org.gradle.api.internal.tasks.execution.SkipOnlyIfTaskExecuter.execute(SkipOnlyIfTaskExecuter.java:54)
	at org.gradle.api.internal.tasks.execution.ExecuteAtMostOnceTaskExecuter.execute(ExecuteAtMostOnceTaskExecuter.java:43)
	at org.gradle.api.internal.tasks.execution.CatchExceptionTaskExecuter.execute(CatchExceptionTaskExecuter.java:34)
	at org.gradle.execution.taskgraph.DefaultTaskGraphExecuter$EventFiringTaskWorker$1.run(DefaultTaskGraphExecuter.java:248)
	at org.gradle.internal.progress.DefaultBuildOperationExecutor$RunnableBuildOperationWorker.execute(DefaultBuildOperationExecutor.java:336)
	at org.gradle.internal.progress.DefaultBuildOperationExecutor$RunnableBuildOperationWorker.execute(DefaultBuildOperationExecutor.java:328)
	at org.gradle.internal.progress.DefaultBuildOperationExecutor.execute(DefaultBuildOperationExecutor.java:197)
	at org.gradle.internal.progress.DefaultBuildOperationExecutor.run(DefaultBuildOperationExecutor.java:107)
	at org.gradle.execution.taskgraph.DefaultTaskGraphExecuter$EventFiringTaskWorker.execute(DefaultTaskGraphExecuter.java:241)
	at org.gradle.execution.taskgraph.DefaultTaskGraphExecuter$EventFiringTaskWorker.execute(DefaultTaskGraphExecuter.java:230)
	at org.gradle.execution.taskgraph.DefaultTaskPlanExecutor$TaskExecutorWorker.processTask(DefaultTaskPlanExecutor.java:124)
	at org.gradle.execution.taskgraph.DefaultTaskPlanExecutor$TaskExecutorWorker.access$200(DefaultTaskPlanExecutor.java:80)
	at org.gradle.execution.taskgraph.DefaultTaskPlanExecutor$TaskExecutorWorker$1.execute(DefaultTaskPlanExecutor.java:105)
	at org.gradle.execution.taskgraph.DefaultTaskPlanExecutor$TaskExecutorWorker$1.execute(DefaultTaskPlanExecutor.java:99)
	at org.gradle.execution.taskgraph.DefaultTaskExecutionPlan.execute(DefaultTaskExecutionPlan.java:625)
	at org.gradle.execution.taskgraph.DefaultTaskExecutionPlan.executeWithTask(DefaultTaskExecutionPlan.java:580)
	at org.gradle.execution.taskgraph.DefaultTaskPlanExecutor$TaskExecutorWorker.run(DefaultTaskPlanExecutor.java:99)
	at org.gradle.internal.concurrent.ExecutorPolicy$CatchAndRecordFailures.onExecute(ExecutorPolicy.java:63)
	at org.gradle.internal.concurrent.ManagedExecutorImpl$1.run(ManagedExecutorImpl.java:46)
	at org.gradle.internal.concurrent.ThreadFactoryImpl$ManagedThreadRunnable.run(ThreadFactoryImpl.java:55)
Caused by: org.gradle.api.GradleException: File google-services.json is missing. The Google Services Plugin cannot function without it. 
 Searched Location: 
/tmp/rdisk/2453/src/twidere/src/fdroid/debug/google-services.json
/tmp/rdisk/2453/src/twidere/src/debug/fdroid/google-services.json
/tmp/rdisk/2453/src/twidere/src/fdroid/google-services.json
/tmp/rdisk/2453/src/twidere/src/debug/google-services.json
/tmp/rdisk/2453/src/twidere/src/fdroidDebug/google-services.json
/tmp/rdisk/2453/src/twidere/google-services.json
	at com.google.gms.googleservices.GoogleServicesTask.action(GoogleServicesTask.java:90)
	at org.gradle.internal.reflect.JavaMethod.invoke(JavaMethod.java:73)
	at org.gradle.api.internal.project.taskfactory.DefaultTaskClassInfoStore$StandardTaskAction.doExecute(DefaultTaskClassInfoStore.java:141)
	at org.gradle.api.internal.project.taskfactory.DefaultTaskClassInfoStore$StandardTaskAction.execute(DefaultTaskClassInfoStore.java:134)
	at org.gradle.api.internal.project.taskfactory.DefaultTaskClassInfoStore$StandardTaskAction.execute(DefaultTaskClassInfoStore.java:121)
	at org.gradle.api.internal.AbstractTask$TaskActionWrapper.execute(AbstractTask.java:731)
	at org.gradle.api.internal.AbstractTask$TaskActionWrapper.execute(AbstractTask.java:705)
	at org.gradle.api.internal.tasks.execution.ExecuteActionsTaskExecuter$1.run(ExecuteActionsTaskExecuter.java:122)
	at org.gradle.internal.progress.DefaultBuildOperationExecutor$RunnableBuildOperationWorker.execute(DefaultBuildOperationExecutor.java:336)
	at org.gradle.internal.progress.DefaultBuildOperationExecutor$RunnableBuildOperationWorker.execute(DefaultBuildOperationExecutor.java:328)
	at org.gradle.internal.progress.DefaultBuildOperationExecutor.execute(DefaultBuildOperationExecutor.java:197)
	at org.gradle.internal.progress.DefaultBuildOperationExecutor.run(DefaultBuildOperationExecutor.java:107)
	at org.gradle.api.internal.tasks.execution.ExecuteActionsTaskExecuter.executeAction(ExecuteActionsTaskExecuter.java:111)
	at org.gradle.api.internal.tasks.execution.ExecuteActionsTaskExecuter.executeActions(ExecuteActionsTaskExecuter.java:92)
	... 27 more


* Get more help at https://help.gradle.org

BUILD FAILED in 18s
15 actionable tasks: 9 executed, 6 up-to-date

2018-05-20 22:46:39,013 INFO  ProjectTaskService - Detecting possible tasks...
2018-05-20 22:46:39,013 INFO  SysUtils - Execute command: [/tmp/rdisk/2453/src/gradlew, -b, /tmp/rdisk/2453/src/build.gradle, -Dorg.gradle.daemon=false, -Dorg.gradle.daemon.performance.enable-monitoring=false, -Dorg.gradle.configureondemand=true, tasks]
2018-05-20 22:46:48,474 INFO  ProjectTaskService - Detected possible tasks: 102
2018-05-20 22:46:48,474 INFO  ProjectTaskService - Excluded tasks (16): lintDebug mockableAndroidJar deviceCheck lint testReleaseUnitTest deviceAndroidTest uninstallDebugAndroidTest installDebugAndroidTest connectedCheck connectedDebugAndroidTest uninstallAll test check testDebugUnitTest connectedAndroidTest lintRelease
2018-05-20 22:46:48,474 INFO  SysUtils - Execute command: [/tmp/rdisk/2453/src/gradlew, -b, /tmp/rdisk/2453/src/build.gradle, -Dorg.gradle.daemon=false, -Dorg.gradle.daemon.performance.enable-monitoring=false, -Dorg.gradle.configureondemand=true, --stacktrace, -x, lintDebug, -x, mockableAndroidJar, -x, deviceCheck, -x, lint, -x, testReleaseUnitTest, -x, deviceAndroidTest, -x, uninstallDebugAndroidTest, -x, installDebugAndroidTest, -x, connectedCheck, -x, connectedDebugAndroidTest, -x, uninstallAll, -x, test, -x, check, -x, testDebugUnitTest, -x, connectedAndroidTest, -x, lintRelease, build]
2018-05-20 22:46:59,127 ERROR SysUtils - Could not process external command
org.apache.commons.exec.ExecuteException: Process exited with an error: 1 (Exit value: 1)
	at org.apache.commons.exec.DefaultExecutor.executeInternal(DefaultExecutor.java:404)
	at org.apache.commons.exec.DefaultExecutor.execute(DefaultExecutor.java:166)
	at com.github.vbauer.apkmaster.util.SysUtils.execute(SysUtils.java:67)
	at com.github.vbauer.apkmaster.util.SysUtils.executeSimple(SysUtils.java:43)
	at com.github.vbauer.apkmaster.service.assembly.ProjectBuildService.buildProject(ProjectBuildService.java:78)
	at com.github.vbauer.apkmaster.service.assembly.ProjectBuildService.buildProject(ProjectBuildService.java:64)
	at com.github.vbauer.apkmaster.service.assembly.ProjectBuildService.buildProject(ProjectBuildService.java:43)
	at com.github.vbauer.apkmaster.service.FullProcessService.build(FullProcessService.java:84)
	at com.github.vbauer.apkmaster.service.FullProcessService.process(FullProcessService.java:34)
	at com.github.vbauer.apkmaster.app.MainApplication.process(MainApplication.java:38)
	at com.github.vbauer.apkmaster.app.MainApplication.main(MainApplication.java:20)
	at sun.reflect.GeneratedMethodAccessor8.invoke(Unknown Source)
	at sun.reflect.DelegatingMethodAccessorImpl.invoke(DelegatingMethodAccessorImpl.java:43)
	at java.lang.reflect.Method.invoke(Method.java:498)
	at com.android.arsenal.util.ReflectionUtils.invoke(ReflectionUtils.java:42)
	at com.android.arsenal.util.ApkMasterUtils.main(ApkMasterUtils.java:30)
	at com.android.arsenal.service.processor.impl.BuildProcessorServiceImpl.buildProject(BuildProcessorServiceImpl.java:197)
	at com.android.arsenal.service.processor.impl.BuildProcessorServiceImpl.build(BuildProcessorServiceImpl.java:131)
	at com.android.arsenal.service.processor.impl.BuildProcessorServiceImpl.lambda$null$1(BuildProcessorServiceImpl.java:114)
	at java.util.concurrent.FutureTask.run(FutureTask.java:266)
	at java.util.concurrent.Executors$RunnableAdapter.call(Executors.java:511)
	at java.util.concurrent.FutureTask.run(FutureTask.java:266)
	at java.util.concurrent.ThreadPoolExecutor.runWorker(ThreadPoolExecutor.java:1149)
	at java.util.concurrent.ThreadPoolExecutor$Worker.run(ThreadPoolExecutor.java:624)
	at java.lang.Thread.run(Thread.java:748)
2018-05-20 22:46:59,127 INFO  SysUtils - Configuration on demand is an incubating feature.
Configuration 'compile' in project ':twidere' is deprecated. Use 'implementation' instead.
registerResGeneratingTask is deprecated, use registerGeneratedFolders(FileCollection)
registerResGeneratingTask is deprecated, use registerGeneratedFolders(FileCollection)
registerResGeneratingTask is deprecated, use registerGeneratedFolders(FileCollection)
registerResGeneratingTask is deprecated, use registerGeneratedFolders(FileCollection)
:twidere:svgToDrawable UP-TO-DATE
:twidere:svgToMipmap UP-TO-DATE
:twidere:preBuild UP-TO-DATE
:twidere.component.common:preBuild UP-TO-DATE
:twidere.component.common:preDebugBuild UP-TO-DATE
:twidere.component.common:checkDebugManifest UP-TO-DATE
:twidere.component.common:processDebugManifest UP-TO-DATE
:twidere.component.nyan:preBuild UP-TO-DATE
:twidere.component.nyan:preDebugBuild UP-TO-DATE
:twidere.component.nyan:checkDebugManifest UP-TO-DATE
:twidere.component.nyan:processDebugManifest UP-TO-DATE
:twidere:preFdroidDebugBuild UP-TO-DATE
:twidere.component.common:compileDebugAidl UP-TO-DATE
:twidere.component.nyan:compileDebugAidl UP-TO-DATE
:twidere:compileFdroidDebugAidl UP-TO-DATE
:twidere.component.common:packageDebugRenderscript NO-SOURCE
:twidere.component.nyan:packageDebugRenderscript NO-SOURCE
:twidere:compileFdroidDebugRenderscript UP-TO-DATE
:twidere:checkFdroidDebugManifest UP-TO-DATE
:twidere:generateFdroidDebugBuildConfig UP-TO-DATE
:twidere:generateFdroidDebugResValues UP-TO-DATE
:twidere:generateFdroidDebugResources UP-TO-DATE
:twidere:processFdroidDebugGoogleServices FAILED

FAILURE: Build failed with an exception.

* What went wrong:
Execution failed for task ':twidere:processFdroidDebugGoogleServices'.
> File google-services.json is missing. The Google Services Plugin cannot function without it. 
   Searched Location: 
  /tmp/rdisk/2453/src/twidere/src/fdroid/debug/google-services.json
  /tmp/rdisk/2453/src/twidere/src/debug/fdroid/google-services.json
  /tmp/rdisk/2453/src/twidere/src/fdroid/google-services.json
  /tmp/rdisk/2453/src/twidere/src/debug/google-services.json
  /tmp/rdisk/2453/src/twidere/src/fdroidDebug/google-services.json
  /tmp/rdisk/2453/src/twidere/google-services.json

* Try:
Run with --info or --debug option to get more log output.

* Exception is:
org.gradle.api.tasks.TaskExecutionException: Execution failed for task ':twidere:processFdroidDebugGoogleServices'.
	at org.gradle.api.internal.tasks.execution.ExecuteActionsTaskExecuter.executeActions(ExecuteActionsTaskExecuter.java:100)
	at org.gradle.api.internal.tasks.execution.ExecuteActionsTaskExecuter.execute(ExecuteActionsTaskExecuter.java:70)
	at org.gradle.api.internal.tasks.execution.SkipUpToDateTaskExecuter.execute(SkipUpToDateTaskExecuter.java:63)
	at org.gradle.api.internal.tasks.execution.ResolveTaskOutputCachingStateExecuter.execute(ResolveTaskOutputCachingStateExecuter.java:54)
	at org.gradle.api.internal.tasks.execution.ValidatingTaskExecuter.execute(ValidatingTaskExecuter.java:58)
	at org.gradle.api.internal.tasks.execution.SkipEmptySourceFilesTaskExecuter.execute(SkipEmptySourceFilesTaskExecuter.java:88)
	at org.gradle.api.internal.tasks.execution.ResolveTaskArtifactStateTaskExecuter.execute(ResolveTaskArtifactStateTaskExecuter.java:52)
	at org.gradle.api.internal.tasks.execution.SkipTaskWithNoActionsExecuter.execute(SkipTaskWithNoActionsExecuter.java:52)
	at org.gradle.api.internal.tasks.execution.SkipOnlyIfTaskExecuter.execute(SkipOnlyIfTaskExecuter.java:54)
	at org.gradle.api.internal.tasks.execution.ExecuteAtMostOnceTaskExecuter.execute(ExecuteAtMostOnceTaskExecuter.java:43)
	at org.gradle.api.internal.tasks.execution.CatchExceptionTaskExecuter.execute(CatchExceptionTaskExecuter.java:34)
	at org.gradle.execution.taskgraph.DefaultTaskGraphExecuter$EventFiringTaskWorker$1.run(DefaultTaskGraphExecuter.java:248)
	at org.gradle.internal.progress.DefaultBuildOperationExecutor$RunnableBuildOperationWorker.execute(DefaultBuildOperationExecutor.java:336)
	at org.gradle.internal.progress.DefaultBuildOperationExecutor$RunnableBuildOperationWorker.execute(DefaultBuildOperationExecutor.java:328)
	at org.gradle.internal.progress.DefaultBuildOperationExecutor.execute(DefaultBuildOperationExecutor.java:197)
	at org.gradle.internal.progress.DefaultBuildOperationExecutor.run(DefaultBuildOperationExecutor.java:107)
	at org.gradle.execution.taskgraph.DefaultTaskGraphExecuter$EventFiringTaskWorker.execute(DefaultTaskGraphExecuter.java:241)
	at org.gradle.execution.taskgraph.DefaultTaskGraphExecuter$EventFiringTaskWorker.execute(DefaultTaskGraphExecuter.java:230)
	at org.gradle.execution.taskgraph.DefaultTaskPlanExecutor$TaskExecutorWorker.processTask(DefaultTaskPlanExecutor.java:124)
	at org.gradle.execution.taskgraph.DefaultTaskPlanExecutor$TaskExecutorWorker.access$200(DefaultTaskPlanExecutor.java:80)
	at org.gradle.execution.taskgraph.DefaultTaskPlanExecutor$TaskExecutorWorker$1.execute(DefaultTaskPlanExecutor.java:105)
	at org.gradle.execution.taskgraph.DefaultTaskPlanExecutor$TaskExecutorWorker$1.execute(DefaultTaskPlanExecutor.java:99)
	at org.gradle.execution.taskgraph.DefaultTaskExecutionPlan.execute(DefaultTaskExecutionPlan.java:625)
	at org.gradle.execution.taskgraph.DefaultTaskExecutionPlan.executeWithTask(DefaultTaskExecutionPlan.java:580)
	at org.gradle.execution.taskgraph.DefaultTaskPlanExecutor$TaskExecutorWorker.run(DefaultTaskPlanExecutor.java:99)
	at org.gradle.internal.concurrent.ExecutorPolicy$CatchAndRecordFailures.onExecute(ExecutorPolicy.java:63)
	at org.gradle.internal.concurrent.ManagedExecutorImpl$1.run(ManagedExecutorImpl.java:46)
	at org.gradle.internal.concurrent.ThreadFactoryImpl$ManagedThreadRunnable.run(ThreadFactoryImpl.java:55)
Caused by: org.gradle.api.GradleException: File google-services.json is missing. The Google Services Plugin cannot function without it. 
 Searched Location: 
/tmp/rdisk/2453/src/twidere/src/fdroid/debug/google-services.json
/tmp/rdisk/2453/src/twidere/src/debug/fdroid/google-services.json
/tmp/rdisk/2453/src/twidere/src/fdroid/google-services.json
/tmp/rdisk/2453/src/twidere/src/debug/google-services.json
/tmp/rdisk/2453/src/twidere/src/fdroidDebug/google-services.json
/tmp/rdisk/2453/src/twidere/google-services.json
	at com.google.gms.googleservices.GoogleServicesTask.action(GoogleServicesTask.java:90)
	at org.gradle.internal.reflect.JavaMethod.invoke(JavaMethod.java:73)
	at org.gradle.api.internal.project.taskfactory.DefaultTaskClassInfoStore$StandardTaskAction.doExecute(DefaultTaskClassInfoStore.java:141)
	at org.gradle.api.internal.project.taskfactory.DefaultTaskClassInfoStore$StandardTaskAction.execute(DefaultTaskClassInfoStore.java:134)
	at org.gradle.api.internal.project.taskfactory.DefaultTaskClassInfoStore$StandardTaskAction.execute(DefaultTaskClassInfoStore.java:121)
	at org.gradle.api.internal.AbstractTask$TaskActionWrapper.execute(AbstractTask.java:731)
	at org.gradle.api.internal.AbstractTask$TaskActionWrapper.execute(AbstractTask.java:705)
	at org.gradle.api.internal.tasks.execution.ExecuteActionsTaskExecuter$1.run(ExecuteActionsTaskExecuter.java:122)
	at org.gradle.internal.progress.DefaultBuildOperationExecutor$RunnableBuildOperationWorker.execute(DefaultBuildOperationExecutor.java:336)
	at org.gradle.internal.progress.DefaultBuildOperationExecutor$RunnableBuildOperationWorker.execute(DefaultBuildOperationExecutor.java:328)
	at org.gradle.internal.progress.DefaultBuildOperationExecutor.execute(DefaultBuildOperationExecutor.java:197)
	at org.gradle.internal.progress.DefaultBuildOperationExecutor.run(DefaultBuildOperationExecutor.java:107)
	at org.gradle.api.internal.tasks.execution.ExecuteActionsTaskExecuter.executeAction(ExecuteActionsTaskExecuter.java:111)
	at org.gradle.api.internal.tasks.execution.ExecuteActionsTaskExecuter.executeActions(ExecuteActionsTaskExecuter.java:92)
	... 27 more


* Get more help at https://help.gradle.org

BUILD FAILED in 10s
15 actionable tasks: 1 executed, 14 up-to-date

2018-05-20 22:46:59,252 ERROR FullProcessService - Project build has not produced APK file
2018-05-20 22:46:59,367 ERROR FullProcessService - Could not find generated or existed APK file
