2018-05-11 09:38:02,623 INFO  DownloadService - Downloading "https://github.com/linkedin/qark/archive/master.zip", attempt 3
2018-05-11 09:39:03,099 INFO  GithubDownloadService - Could not find ZIP archive for master branch
2018-05-11 09:39:03,812 INFO  GithubDownloadService - Default branch of this repository: master
2018-05-11 09:39:03,812 INFO  DownloadService - Downloading "https://github.com/linkedin/qark/archive/master.zip", attempt 3
2018-05-11 09:40:05,201 DEBUG FullProcessService - Repository https://github.com/linkedin/qark available: true
2018-05-11 09:40:05,201 INFO  FullProcessService - Could not download ZIP file from Github, lets clone it
2018-05-11 09:40:05,201 INFO  SysUtils - Execute command: [git, clone, -q, --single-branch, --depth, 1, https://github.com/linkedin/qark, /tmp/rdisk/2470/src]
2018-05-11 09:40:18,150 INFO  SysUtils - 
2018-05-11 09:40:18,171 INFO  GitService - Deleted "/tmp/rdisk/2470/src/.git": true
2018-05-11 09:40:18,206 INFO  FullProcessService - Size of directory with sources: 47 MB
2018-05-11 09:40:18,206 INFO  SysUtils - Execute command: [git, init, /tmp/rdisk/2470/src]
2018-05-11 09:40:18,210 INFO  SysUtils - Initialized empty Git repository in /tmp/rdisk/2470/src/.git/

2018-05-11 09:40:18,232 INFO  ProjectBuildService - Gradle wrapper(s): /tmp/rdisk/2470/src/qark/exploitAPKs/qark/gradlew
2018-05-11 09:40:18,253 INFO  ProjectBuildService - Build script(s): /tmp/rdisk/2470/src/qark/exploitAPKs/qark/app/build.gradle /tmp/rdisk/2470/src/qark/exploitAPKs/qark/build.gradle
2018-05-11 09:40:18,275 INFO  ProjectBuildService - All script(s): /tmp/rdisk/2470/src/qark/exploitAPKs/qark/settings.gradle /tmp/rdisk/2470/src/qark/exploitAPKs/qark/build.gradle /tmp/rdisk/2470/src/qark/exploitAPKs/qark/app/build.gradle
2018-05-11 09:40:18,276 INFO  ProjectBuildService - Remote scripts: none
2018-05-11 09:40:18,276 INFO  ProjectFixService - Fixing project...
2018-05-11 09:40:18,322 INFO  LocalPropertiesFixService - Created fake /tmp/rdisk/2470/src/qark/exploitAPKs/qark/app/local.properties
2018-05-11 09:40:18,323 INFO  ProjectFixService - Build info for "/tmp/rdisk/2470/src/qark/exploitAPKs/qark/app/build.gradle": [buildToolsVersion=<null>,compileSdkVersion=<null>,minSdkVersion=7,targetSdkVersion=21]
2018-05-11 09:40:18,324 INFO  ProjectFixService - Fixed build info for "/tmp/rdisk/2470/src/qark/exploitAPKs/qark/app/build.gradle": [buildToolsVersion=28.0.0-rc1,compileSdkVersion=27,minSdkVersion=7,targetSdkVersion=21]
2018-05-11 09:40:18,326 INFO  LocalPropertiesFixService - Created fake /tmp/rdisk/2470/src/qark/exploitAPKs/qark/local.properties
2018-05-11 09:40:18,326 INFO  WrapperPropertiesFixService - Gradle wrapper: https://services.gradle.org/distributions/gradle-2.2.1-all.zip
2018-05-11 09:40:18,326 INFO  WrapperPropertiesFixService - Gradle wrapper was changed from "-all.zip" to "-bin.zip" (https://services.gradle.org/distributions/gradle-2.2.1-bin.zip)
2018-05-11 09:40:18,328 INFO  ProjectFixService - Build info for "/tmp/rdisk/2470/src/qark/exploitAPKs/qark/build.gradle": [buildToolsVersion=<null>,compileSdkVersion=<null>,minSdkVersion=7,targetSdkVersion=21]
2018-05-11 09:40:18,328 INFO  ProjectFixService - Fixed build info for "/tmp/rdisk/2470/src/qark/exploitAPKs/qark/build.gradle": [buildToolsVersion=28.0.0-rc1,compileSdkVersion=27,minSdkVersion=7,targetSdkVersion=21]
2018-05-11 09:40:18,328 INFO  ProjectFixService - Project was maybe fixed
2018-05-11 09:40:18,328 INFO  ProjectTaskService - Detecting possible tasks...
2018-05-11 09:40:18,328 INFO  SysUtils - Execute command: [/tmp/rdisk/2470/src/qark/exploitAPKs/qark/gradlew, -b, /tmp/rdisk/2470/src/qark/exploitAPKs/qark/app/build.gradle, -Dorg.gradle.daemon=false, -Dorg.gradle.daemon.performance.enable-monitoring=false, -Dorg.gradle.configureondemand=true, tasks]
2018-05-11 09:40:27,070 INFO  ProjectTaskService - Detected possible tasks: 62
2018-05-11 09:40:27,070 INFO  ProjectTaskService - Excluded tasks (17): lintDebug mockableAndroidJar deviceCheck lint uninstallRelease uninstallDebugAndroidTest installDebugAndroidTest connectedCheck uninstallAll testRelease test check connectedAndroidTest installDebug lintRelease testDebug uninstallDebug
2018-05-11 09:40:27,070 INFO  SysUtils - Execute command: [/tmp/rdisk/2470/src/qark/exploitAPKs/qark/gradlew, -b, /tmp/rdisk/2470/src/qark/exploitAPKs/qark/app/build.gradle, -Dorg.gradle.daemon=false, -Dorg.gradle.daemon.performance.enable-monitoring=false, -Dorg.gradle.configureondemand=true, --stacktrace, -x, lintDebug, -x, mockableAndroidJar, -x, deviceCheck, -x, lint, -x, uninstallRelease, -x, uninstallDebugAndroidTest, -x, installDebugAndroidTest, -x, connectedCheck, -x, uninstallAll, -x, testRelease, -x, test, -x, check, -x, connectedAndroidTest, -x, installDebug, -x, lintRelease, -x, testDebug, -x, uninstallDebug, build]
2018-05-11 09:40:37,257 ERROR SysUtils - Could not process external command
org.apache.commons.exec.ExecuteException: Process exited with an error: 1 (Exit value: 1)
	at org.apache.commons.exec.DefaultExecutor.executeInternal(DefaultExecutor.java:404)
	at org.apache.commons.exec.DefaultExecutor.execute(DefaultExecutor.java:166)
	at com.github.vbauer.apkmaster.util.SysUtils.execute(SysUtils.java:67)
	at com.github.vbauer.apkmaster.util.SysUtils.executeSimple(SysUtils.java:43)
	at com.github.vbauer.apkmaster.service.assembly.ProjectBuildService.buildProject(ProjectBuildService.java:78)
	at com.github.vbauer.apkmaster.service.assembly.ProjectBuildService.buildProject(ProjectBuildService.java:64)
	at com.github.vbauer.apkmaster.service.assembly.ProjectBuildService.buildProject(ProjectBuildService.java:43)
	at com.github.vbauer.apkmaster.service.FullProcessService.build(FullProcessService.java:84)
	at com.github.vbauer.apkmaster.service.FullProcessService.process(FullProcessService.java:34)
	at com.github.vbauer.apkmaster.app.MainApplication.process(MainApplication.java:38)
	at com.github.vbauer.apkmaster.app.MainApplication.main(MainApplication.java:20)
	at sun.reflect.GeneratedMethodAccessor8.invoke(Unknown Source)
	at sun.reflect.DelegatingMethodAccessorImpl.invoke(DelegatingMethodAccessorImpl.java:43)
	at java.lang.reflect.Method.invoke(Method.java:498)
	at com.android.arsenal.util.ReflectionUtils.invoke(ReflectionUtils.java:42)
	at com.android.arsenal.util.ApkMasterUtils.main(ApkMasterUtils.java:30)
	at com.android.arsenal.service.processor.impl.BuildProcessorServiceImpl.buildProject(BuildProcessorServiceImpl.java:197)
	at com.android.arsenal.service.processor.impl.BuildProcessorServiceImpl.build(BuildProcessorServiceImpl.java:131)
	at com.android.arsenal.service.processor.impl.BuildProcessorServiceImpl.lambda$null$1(BuildProcessorServiceImpl.java:114)
	at java.util.concurrent.FutureTask.run(FutureTask.java:266)
	at java.util.concurrent.Executors$RunnableAdapter.call(Executors.java:511)
	at java.util.concurrent.FutureTask.run(FutureTask.java:266)
	at java.util.concurrent.ThreadPoolExecutor.runWorker(ThreadPoolExecutor.java:1149)
	at java.util.concurrent.ThreadPoolExecutor$Worker.run(ThreadPoolExecutor.java:624)
	at java.lang.Thread.run(Thread.java:748)
2018-05-11 09:40:37,257 INFO  SysUtils - Configuration on demand is an incubating feature.
Exception while determining highest SDK. Using default SDK 21
java.lang.StringIndexOutOfBoundsException: String index out of range: -1
	at java_lang_String$substring$1.call(Unknown Source)
	at build_arnuek8c9zi5q84bv0oex67bf.androidSDKDir(/tmp/rdisk/2470/src/qark/exploitAPKs/qark/app/build.gradle:52)
	at build_arnuek8c9zi5q84bv0oex67bf$_sdksAvailable_closure3.doCall(/tmp/rdisk/2470/src/qark/exploitAPKs/qark/app/build.gradle:9)
	at org.gradle.api.internal.ClosureBackedAction.execute(ClosureBackedAction.java:63)
	at org.gradle.api.internal.file.DefaultFileOperations.exec(DefaultFileOperations.java:150)
	at org.gradle.api.internal.project.AbstractProject.exec(AbstractProject.java:792)
	at org.gradle.groovy.scripts.DefaultScript.exec(DefaultScript.java:197)
	at org.gradle.api.Script$exec$1.callCurrent(Unknown Source)
	at build_arnuek8c9zi5q84bv0oex67bf.sdksAvailable(/tmp/rdisk/2470/src/qark/exploitAPKs/qark/app/build.gradle:8)
	at build_arnuek8c9zi5q84bv0oex67bf.highestSdkAvailable(/tmp/rdisk/2470/src/qark/exploitAPKs/qark/app/build.gradle:28)
	at build_arnuek8c9zi5q84bv0oex67bf$_run_closure1.doCall(/tmp/rdisk/2470/src/qark/exploitAPKs/qark/app/build.gradle:91)
	at org.gradle.api.internal.ClosureBackedAction.execute(ClosureBackedAction.java:63)
	at org.gradle.api.internal.plugins.ExtensionsStorage$ExtensionHolder.configure(ExtensionsStorage.java:145)
	at org.gradle.api.internal.plugins.ExtensionsStorage.configureExtension(ExtensionsStorage.java:69)
	at org.gradle.api.internal.plugins.DefaultConvention$ExtensionsDynamicObject.invokeMethod(DefaultConvention.java:207)
	at org.gradle.api.internal.CompositeDynamicObject.invokeMethod(CompositeDynamicObject.java:147)
	at org.gradle.groovy.scripts.BasicScript.methodMissing(BasicScript.java:79)
	at build_arnuek8c9zi5q84bv0oex67bf.run(/tmp/rdisk/2470/src/qark/exploitAPKs/qark/app/build.gradle:90)
	at org.gradle.groovy.scripts.internal.DefaultScriptRunnerFactory$ScriptRunnerImpl.run(DefaultScriptRunnerFactory.java:52)
	at org.gradle.configuration.DefaultScriptPluginFactory$ScriptPluginImpl.apply(DefaultScriptPluginFactory.java:148)
	at org.gradle.configuration.project.BuildScriptProcessor.execute(BuildScriptProcessor.java:39)
	at org.gradle.configuration.project.BuildScriptProcessor.execute(BuildScriptProcessor.java:26)
	at org.gradle.configuration.project.ConfigureActionsProjectEvaluator.evaluate(ConfigureActionsProjectEvaluator.java:34)
	at org.gradle.configuration.project.LifecycleProjectEvaluator.evaluate(LifecycleProjectEvaluator.java:59)
	at org.gradle.api.internal.project.AbstractProject.evaluate(AbstractProject.java:504)
	at org.gradle.api.internal.project.AbstractProject.evaluate(AbstractProject.java:83)
	at org.gradle.execution.TaskPathProjectEvaluator.configure(TaskPathProjectEvaluator.java:35)
	at org.gradle.execution.TaskSelector.getFilter(TaskSelector.java:56)
	at org.gradle.execution.ExcludedTaskFilteringBuildConfigurationAction.configure(ExcludedTaskFilteringBuildConfigurationAction.java:42)
	at org.gradle.execution.DefaultBuildExecuter.configure(DefaultBuildExecuter.java:42)
	at org.gradle.execution.DefaultBuildExecuter.access$100(DefaultBuildExecuter.java:23)
	at org.gradle.execution.DefaultBuildExecuter$1.proceed(DefaultBuildExecuter.java:48)
	at org.gradle.execution.DefaultTasksBuildExecutionAction.configure(DefaultTasksBuildExecutionAction.java:44)
	at org.gradle.execution.DefaultBuildExecuter.configure(DefaultBuildExecuter.java:42)
	at org.gradle.execution.DefaultBuildExecuter.select(DefaultBuildExecuter.java:35)
	at org.gradle.initialization.DefaultGradleLauncher.doBuildStages(DefaultGradleLauncher.java:142)
	at org.gradle.initialization.DefaultGradleLauncher.doBuild(DefaultGradleLauncher.java:106)
	at org.gradle.initialization.DefaultGradleLauncher.run(DefaultGradleLauncher.java:86)
	at org.gradle.launcher.exec.InProcessBuildActionExecuter$DefaultBuildController.run(InProcessBuildActionExecuter.java:80)
	at org.gradle.launcher.cli.ExecuteBuildAction.run(ExecuteBuildAction.java:33)
	at org.gradle.launcher.cli.ExecuteBuildAction.run(ExecuteBuildAction.java:24)
	at org.gradle.launcher.exec.InProcessBuildActionExecuter.execute(InProcessBuildActionExecuter.java:36)
	at org.gradle.launcher.exec.InProcessBuildActionExecuter.execute(InProcessBuildActionExecuter.java:26)
	at org.gradle.launcher.cli.RunBuildAction.run(RunBuildAction.java:51)
	at org.gradle.internal.Actions$RunnableActionAdapter.execute(Actions.java:171)
	at org.gradle.launcher.cli.CommandLineActionFactory$ParseAndBuildAction.execute(CommandLineActionFactory.java:237)
	at org.gradle.launcher.cli.CommandLineActionFactory$ParseAndBuildAction.execute(CommandLineActionFactory.java:210)
	at org.gradle.launcher.cli.JavaRuntimeValidationAction.execute(JavaRuntimeValidationAction.java:35)
	at org.gradle.launcher.cli.JavaRuntimeValidationAction.execute(JavaRuntimeValidationAction.java:24)
	at org.gradle.launcher.cli.CommandLineActionFactory$WithLogging.execute(CommandLineActionFactory.java:206)
	at org.gradle.launcher.cli.CommandLineActionFactory$WithLogging.execute(CommandLineActionFactory.java:169)
	at org.gradle.launcher.cli.ExceptionReportingAction.execute(ExceptionReportingAction.java:33)
	at org.gradle.launcher.cli.ExceptionReportingAction.execute(ExceptionReportingAction.java:22)
	at org.gradle.launcher.Main.doAction(Main.java:33)
	at org.gradle.launcher.bootstrap.EntryPoint.run(EntryPoint.java:45)
	at org.gradle.launcher.bootstrap.ProcessBootstrap.runNoExit(ProcessBootstrap.java:54)
	at org.gradle.launcher.bootstrap.ProcessBootstrap.run(ProcessBootstrap.java:35)
	at org.gradle.launcher.GradleMain.main(GradleMain.java:23)
	at org.gradle.wrapper.BootstrapMainStarter.start(BootstrapMainStarter.java:33)
	at org.gradle.wrapper.WrapperExecutor.execute(WrapperExecutor.java:130)
	at org.gradle.wrapper.GradleWrapperMain.main(GradleWrapperMain.java:48)
Exception while determining latest build tools. Using default build tools 21.1.2
java.lang.StringIndexOutOfBoundsException: String index out of range: -1
	at java_lang_String$substring$1.call(Unknown Source)
	at build_arnuek8c9zi5q84bv0oex67bf.androidSDKDir(/tmp/rdisk/2470/src/qark/exploitAPKs/qark/app/build.gradle:52)
	at build_arnuek8c9zi5q84bv0oex67bf.buildToolsAvailable(/tmp/rdisk/2470/src/qark/exploitAPKs/qark/app/build.gradle:66)
	at build_arnuek8c9zi5q84bv0oex67bf.latestBuildToolsAvailable(/tmp/rdisk/2470/src/qark/exploitAPKs/qark/app/build.gradle:72)
	at build_arnuek8c9zi5q84bv0oex67bf$_run_closure1.doCall(/tmp/rdisk/2470/src/qark/exploitAPKs/qark/app/build.gradle:92)
	at org.gradle.api.internal.ClosureBackedAction.execute(ClosureBackedAction.java:63)
	at org.gradle.api.internal.plugins.ExtensionsStorage$ExtensionHolder.configure(ExtensionsStorage.java:145)
	at org.gradle.api.internal.plugins.ExtensionsStorage.configureExtension(ExtensionsStorage.java:69)
	at org.gradle.api.internal.plugins.DefaultConvention$ExtensionsDynamicObject.invokeMethod(DefaultConvention.java:207)
	at org.gradle.api.internal.CompositeDynamicObject.invokeMethod(CompositeDynamicObject.java:147)
	at org.gradle.groovy.scripts.BasicScript.methodMissing(BasicScript.java:79)
	at build_arnuek8c9zi5q84bv0oex67bf.run(/tmp/rdisk/2470/src/qark/exploitAPKs/qark/app/build.gradle:90)
	at org.gradle.groovy.scripts.internal.DefaultScriptRunnerFactory$ScriptRunnerImpl.run(DefaultScriptRunnerFactory.java:52)
	at org.gradle.configuration.DefaultScriptPluginFactory$ScriptPluginImpl.apply(DefaultScriptPluginFactory.java:148)
	at org.gradle.configuration.project.BuildScriptProcessor.execute(BuildScriptProcessor.java:39)
	at org.gradle.configuration.project.BuildScriptProcessor.execute(BuildScriptProcessor.java:26)
	at org.gradle.configuration.project.ConfigureActionsProjectEvaluator.evaluate(ConfigureActionsProjectEvaluator.java:34)
	at org.gradle.configuration.project.LifecycleProjectEvaluator.evaluate(LifecycleProjectEvaluator.java:59)
	at org.gradle.api.internal.project.AbstractProject.evaluate(AbstractProject.java:504)
	at org.gradle.api.internal.project.AbstractProject.evaluate(AbstractProject.java:83)
	at org.gradle.execution.TaskPathProjectEvaluator.configure(TaskPathProjectEvaluator.java:35)
	at org.gradle.execution.TaskSelector.getFilter(TaskSelector.java:56)
	at org.gradle.execution.ExcludedTaskFilteringBuildConfigurationAction.configure(ExcludedTaskFilteringBuildConfigurationAction.java:42)
	at org.gradle.execution.DefaultBuildExecuter.configure(DefaultBuildExecuter.java:42)
	at org.gradle.execution.DefaultBuildExecuter.access$100(DefaultBuildExecuter.java:23)
	at org.gradle.execution.DefaultBuildExecuter$1.proceed(DefaultBuildExecuter.java:48)
	at org.gradle.execution.DefaultTasksBuildExecutionAction.configure(DefaultTasksBuildExecutionAction.java:44)
	at org.gradle.execution.DefaultBuildExecuter.configure(DefaultBuildExecuter.java:42)
	at org.gradle.execution.DefaultBuildExecuter.select(DefaultBuildExecuter.java:35)
	at org.gradle.initialization.DefaultGradleLauncher.doBuildStages(DefaultGradleLauncher.java:142)
	at org.gradle.initialization.DefaultGradleLauncher.doBuild(DefaultGradleLauncher.java:106)
	at org.gradle.initialization.DefaultGradleLauncher.run(DefaultGradleLauncher.java:86)
	at org.gradle.launcher.exec.InProcessBuildActionExecuter$DefaultBuildController.run(InProcessBuildActionExecuter.java:80)
	at org.gradle.launcher.cli.ExecuteBuildAction.run(ExecuteBuildAction.java:33)
	at org.gradle.launcher.cli.ExecuteBuildAction.run(ExecuteBuildAction.java:24)
	at org.gradle.launcher.exec.InProcessBuildActionExecuter.execute(InProcessBuildActionExecuter.java:36)
	at org.gradle.launcher.exec.InProcessBuildActionExecuter.execute(InProcessBuildActionExecuter.java:26)
	at org.gradle.launcher.cli.RunBuildAction.run(RunBuildAction.java:51)
	at org.gradle.internal.Actions$RunnableActionAdapter.execute(Actions.java:171)
	at org.gradle.launcher.cli.CommandLineActionFactory$ParseAndBuildAction.execute(CommandLineActionFactory.java:237)
	at org.gradle.launcher.cli.CommandLineActionFactory$ParseAndBuildAction.execute(CommandLineActionFactory.java:210)
	at org.gradle.launcher.cli.JavaRuntimeValidationAction.execute(JavaRuntimeValidationAction.java:35)
	at org.gradle.launcher.cli.JavaRuntimeValidationAction.execute(JavaRuntimeValidationAction.java:24)
	at org.gradle.launcher.cli.CommandLineActionFactory$WithLogging.execute(CommandLineActionFactory.java:206)
	at org.gradle.launcher.cli.CommandLineActionFactory$WithLogging.execute(CommandLineActionFactory.java:169)
	at org.gradle.launcher.cli.ExceptionReportingAction.execute(ExceptionReportingAction.java:33)
	at org.gradle.launcher.cli.ExceptionReportingAction.execute(ExceptionReportingAction.java:22)
	at org.gradle.launcher.Main.doAction(Main.java:33)
	at org.gradle.launcher.bootstrap.EntryPoint.run(EntryPoint.java:45)
	at org.gradle.launcher.bootstrap.ProcessBootstrap.runNoExit(ProcessBootstrap.java:54)
	at org.gradle.launcher.bootstrap.ProcessBootstrap.run(ProcessBootstrap.java:35)
	at org.gradle.launcher.GradleMain.main(GradleMain.java:23)
	at org.gradle.wrapper.BootstrapMainStarter.start(BootstrapMainStarter.java:33)
	at org.gradle.wrapper.WrapperExecutor.execute(WrapperExecutor.java:130)
	at org.gradle.wrapper.GradleWrapperMain.main(GradleWrapperMain.java:48)
:app:preBuild UP-TO-DATE
:app:preDebugBuild UP-TO-DATE
:app:compileDebugNdk UP-TO-DATE
:app:checkDebugManifest
:app:preReleaseBuild UP-TO-DATE
:app:prepareComAndroidSupportAppcompatV72221Library
:app:prepareComAndroidSupportDesign2221Library
:app:prepareComAndroidSupportRecyclerviewV72221Library
:app:prepareComAndroidSupportSupportV42221Library
:app:prepareDebugDependencies
:app:compileDebugAidl
:app:compileDebugRenderscript
:app:generateDebugBuildConfig
:app:generateDebugAssets UP-TO-DATE
:app:mergeDebugAssets
:app:generateDebugResValues
:app:generateDebugResources
:app:mergeDebugResources/tmp/rdisk/2470/src/qark/exploitAPKs/qark/app/src/main/res/drawable-mdpi/ic_drawer.png: libpng warning: iCCP: Not recognizing known sRGB profile that has been edited

/tmp/rdisk/2470/src/qark/exploitAPKs/qark/app/src/main/res/drawable-xhdpi/ic_drawer.png: libpng warning: iCCP: Not recognizing known sRGB profile that has been edited

/tmp/rdisk/2470/src/qark/exploitAPKs/qark/app/src/main/res/drawable-hdpi/ic_drawer.png: libpng warning: iCCP: Not recognizing known sRGB profile that has been edited


:app:processDebugManifest
:app:processDebugResources
:app:generateDebugSources
:app:compileDebugJava/tmp/rdisk/2470/src/qark/exploitAPKs/qark/app/src/main/java/com/secbro/qark/tapjacking/TapJackingExploitFragment.java:172: error: cannot find symbol
                intent.setComponent(new ComponentName(getString(R.string.packageName), exportedActivityName));
                                                                        ^
  symbol:   variable packageName
  location: class string
/tmp/rdisk/2470/src/qark/exploitAPKs/qark/app/src/main/java/com/secbro/qark/exportedcomponent/exportedactivity/IntentSenderActivity.java:76: error: cannot find symbol
            intent.setComponent(new ComponentName(getResources().getString(R.string.packageName), exportedActivityName));
                                                                                   ^
  symbol:   variable packageName
  location: class string
/tmp/rdisk/2470/src/qark/exploitAPKs/qark/app/src/main/java/com/secbro/qark/exportedcomponent/exportedactivity/IntentParamsFragment.java:119: error: cannot find symbol
                intent.setComponent(new ComponentName(getResources().getString(R.string.packageName), exportedActivityName));
                                                                                       ^
  symbol:   variable packageName
  location: class string
Note: Some input files use or override a deprecated API.
Note: Recompile with -Xlint:deprecation for details.
Note: Some input files use unchecked or unsafe operations.
Note: Recompile with -Xlint:unchecked for details.
3 errors
 FAILED

FAILURE: Build failed with an exception.

* What went wrong:
Execution failed for task ':app:compileDebugJava'.
> Compilation failed; see the compiler error output for details.

* Try:
Run with --info or --debug option to get more log output.

* Exception is:
org.gradle.api.tasks.TaskExecutionException: Execution failed for task ':app:compileDebugJava'.
	at org.gradle.api.internal.tasks.execution.ExecuteActionsTaskExecuter.executeActions(ExecuteActionsTaskExecuter.java:69)
	at org.gradle.api.internal.tasks.execution.ExecuteActionsTaskExecuter.execute(ExecuteActionsTaskExecuter.java:46)
	at org.gradle.api.internal.tasks.execution.PostExecutionAnalysisTaskExecuter.execute(PostExecutionAnalysisTaskExecuter.java:35)
	at org.gradle.api.internal.tasks.execution.SkipUpToDateTaskExecuter.execute(SkipUpToDateTaskExecuter.java:64)
	at org.gradle.api.internal.tasks.execution.ValidatingTaskExecuter.execute(ValidatingTaskExecuter.java:58)
	at org.gradle.api.internal.tasks.execution.SkipEmptySourceFilesTaskExecuter.execute(SkipEmptySourceFilesTaskExecuter.java:42)
	at org.gradle.api.internal.tasks.execution.SkipTaskWithNoActionsExecuter.execute(SkipTaskWithNoActionsExecuter.java:52)
	at org.gradle.api.internal.tasks.execution.SkipOnlyIfTaskExecuter.execute(SkipOnlyIfTaskExecuter.java:53)
	at org.gradle.api.internal.tasks.execution.ExecuteAtMostOnceTaskExecuter.execute(ExecuteAtMostOnceTaskExecuter.java:43)
	at org.gradle.api.internal.AbstractTask.executeWithoutThrowingTaskFailure(AbstractTask.java:305)
	at org.gradle.execution.taskgraph.AbstractTaskPlanExecutor$TaskExecutorWorker.executeTask(AbstractTaskPlanExecutor.java:79)
	at org.gradle.execution.taskgraph.AbstractTaskPlanExecutor$TaskExecutorWorker.processTask(AbstractTaskPlanExecutor.java:63)
	at org.gradle.execution.taskgraph.AbstractTaskPlanExecutor$TaskExecutorWorker.run(AbstractTaskPlanExecutor.java:51)
	at org.gradle.execution.taskgraph.DefaultTaskPlanExecutor.process(DefaultTaskPlanExecutor.java:23)
	at org.gradle.execution.taskgraph.DefaultTaskGraphExecuter.execute(DefaultTaskGraphExecuter.java:88)
	at org.gradle.execution.SelectedTaskExecutionAction.execute(SelectedTaskExecutionAction.java:29)
	at org.gradle.execution.DefaultBuildExecuter.execute(DefaultBuildExecuter.java:62)
	at org.gradle.execution.DefaultBuildExecuter.access$200(DefaultBuildExecuter.java:23)
	at org.gradle.execution.DefaultBuildExecuter$2.proceed(DefaultBuildExecuter.java:68)
	at org.gradle.execution.DryRunBuildExecutionAction.execute(DryRunBuildExecutionAction.java:32)
	at org.gradle.execution.DefaultBuildExecuter.execute(DefaultBuildExecuter.java:62)
	at org.gradle.execution.DefaultBuildExecuter.execute(DefaultBuildExecuter.java:55)
	at org.gradle.initialization.DefaultGradleLauncher.doBuildStages(DefaultGradleLauncher.java:149)
	at org.gradle.initialization.DefaultGradleLauncher.doBuild(DefaultGradleLauncher.java:106)
	at org.gradle.initialization.DefaultGradleLauncher.run(DefaultGradleLauncher.java:86)
	at org.gradle.launcher.exec.InProcessBuildActionExecuter$DefaultBuildController.run(InProcessBuildActionExecuter.java:80)
	at org.gradle.launcher.cli.ExecuteBuildAction.run(ExecuteBuildAction.java:33)
	at org.gradle.launcher.cli.ExecuteBuildAction.run(ExecuteBuildAction.java:24)
	at org.gradle.launcher.exec.InProcessBuildActionExecuter.execute(InProcessBuildActionExecuter.java:36)
	at org.gradle.launcher.exec.InProcessBuildActionExecuter.execute(InProcessBuildActionExecuter.java:26)
	at org.gradle.launcher.cli.RunBuildAction.run(RunBuildAction.java:51)
	at org.gradle.internal.Actions$RunnableActionAdapter.execute(Actions.java:171)
	at org.gradle.launcher.cli.CommandLineActionFactory$ParseAndBuildAction.execute(CommandLineActionFactory.java:237)
	at org.gradle.launcher.cli.CommandLineActionFactory$ParseAndBuildAction.execute(CommandLineActionFactory.java:210)
	at org.gradle.launcher.cli.JavaRuntimeValidationAction.execute(JavaRuntimeValidationAction.java:35)
	at org.gradle.launcher.cli.JavaRuntimeValidationAction.execute(JavaRuntimeValidationAction.java:24)
	at org.gradle.launcher.cli.CommandLineActionFactory$WithLogging.execute(CommandLineActionFactory.java:206)
	at org.gradle.launcher.cli.CommandLineActionFactory$WithLogging.execute(CommandLineActionFactory.java:169)
	at org.gradle.launcher.cli.ExceptionReportingAction.execute(ExceptionReportingAction.java:33)
	at org.gradle.launcher.cli.ExceptionReportingAction.execute(ExceptionReportingAction.java:22)
	at org.gradle.launcher.Main.doAction(Main.java:33)
	at org.gradle.launcher.bootstrap.EntryPoint.run(EntryPoint.java:45)
	at org.gradle.launcher.bootstrap.ProcessBootstrap.runNoExit(ProcessBootstrap.java:54)
	at org.gradle.launcher.bootstrap.ProcessBootstrap.run(ProcessBootstrap.java:35)
	at org.gradle.launcher.GradleMain.main(GradleMain.java:23)
	at org.gradle.wrapper.BootstrapMainStarter.start(BootstrapMainStarter.java:33)
	at org.gradle.wrapper.WrapperExecutor.execute(WrapperExecutor.java:130)
	at org.gradle.wrapper.GradleWrapperMain.main(GradleWrapperMain.java:48)
Caused by: org.gradle.api.internal.tasks.compile.CompilationFailedException: Compilation failed; see the compiler error output for details.
	at org.gradle.api.internal.tasks.compile.JdkJavaCompiler.execute(JdkJavaCompiler.java:44)
	at org.gradle.api.internal.tasks.compile.JdkJavaCompiler.execute(JdkJavaCompiler.java:35)
	at org.gradle.api.internal.tasks.compile.NormalizingJavaCompiler.delegateAndHandleErrors(NormalizingJavaCompiler.java:97)
	at org.gradle.api.internal.tasks.compile.NormalizingJavaCompiler.execute(NormalizingJavaCompiler.java:50)
	at org.gradle.api.internal.tasks.compile.NormalizingJavaCompiler.execute(NormalizingJavaCompiler.java:36)
	at org.gradle.api.internal.tasks.compile.CleaningJavaCompilerSupport.execute(CleaningJavaCompilerSupport.java:34)
	at org.gradle.api.internal.tasks.compile.CleaningJavaCompilerSupport.execute(CleaningJavaCompilerSupport.java:25)
	at org.gradle.api.tasks.compile.JavaCompile.performCompilation(JavaCompile.java:158)
	at org.gradle.api.tasks.compile.JavaCompile.compile(JavaCompile.java:138)
	at org.gradle.api.tasks.compile.JavaCompile.compile(JavaCompile.java:92)
	at org.gradle.internal.reflect.JavaMethod.invoke(JavaMethod.java:63)
	at org.gradle.api.internal.project.taskfactory.AnnotationProcessingTaskFactory$IncrementalTaskAction.doExecute(AnnotationProcessingTaskFactory.java:235)
	at org.gradle.api.internal.project.taskfactory.AnnotationProcessingTaskFactory$StandardTaskAction.execute(AnnotationProcessingTaskFactory.java:211)
	at org.gradle.api.internal.project.taskfactory.AnnotationProcessingTaskFactory$IncrementalTaskAction.execute(AnnotationProcessingTaskFactory.java:222)
	at org.gradle.api.internal.project.taskfactory.AnnotationProcessingTaskFactory$StandardTaskAction.execute(AnnotationProcessingTaskFactory.java:200)
	at org.gradle.api.internal.tasks.execution.ExecuteActionsTaskExecuter.executeAction(ExecuteActionsTaskExecuter.java:80)
	at org.gradle.api.internal.tasks.execution.ExecuteActionsTaskExecuter.executeActions(ExecuteActionsTaskExecuter.java:61)
	... 47 more


BUILD FAILED

Total time: 9.727 secs

2018-05-11 09:40:37,304 INFO  FullProcessService - Found APK file: /tmp/rdisk/2470/src/qark/test/testData/goatdroid.apk
